TpTrace Verbose: 0 : 23096, 1, 2022/12/20, 19:12:31.010, 3518407016070, vstest.console.dll, Version: 17.4.0-release-20221019-01 Current process architecture: X64
TpTrace Verbose: 0 : 23096, 1, 2022/12/20, 19:12:31.014, 3518407061339, vstest.console.dll, Runtime location: C:\Program Files\dotnet\shared\Microsoft.NETCore.App\7.0.0
TpTrace Verbose: 0 : 23096, 1, 2022/12/20, 19:12:31.021, 3518407128150, vstest.console.dll, ArtifactProcessingPostProcessModeProcessorExecutor.Initialize: ArtifactProcessingMode.Collect
TpTrace Verbose: 0 : 23096, 1, 2022/12/20, 19:12:31.021, 3518407130384, vstest.console.dll, TestSessionCorrelationIdProcessorModeProcessorExecutor.Initialize: TestSessionCorrelationId '15260_53e84124-f297-46a5-aa74-fc159e0be4e1'
TpTrace Information: 0 : 23096, 1, 2022/12/20, 19:12:31.037, 3518407285558, vstest.console.dll, FilePatternParser: The given file C:\Projetos - .NET\API\WebAPI\Projects\WebAPIMedGrupo\UnitTestMed\bin\Debug\net6.0\fine-code-coverage\build-output\UnitTestMed.dll is a full path.
TpTrace Verbose: 0 : 23096, 1, 2022/12/20, 19:12:31.049, 3518407413178, vstest.console.dll, TestPluginCache.DiscoverTestExtensions: finding test extensions in assemblies ends with: RuntimeProvider.dll TPluginInfo: Microsoft.VisualStudio.TestPlatform.Common.ExtensionFramework.Utilities.TestRuntimePluginInformation TExtension: Microsoft.VisualStudio.TestPlatform.ObjectModel.Host.ITestRuntimeProvider
TpTrace Verbose: 0 : 23096, 1, 2022/12/20, 19:12:31.050, 3518407416013, vstest.console.dll, TestPluginCache.GetExtensionPaths: Filtered extension paths: 
TpTrace Verbose: 0 : 23096, 1, 2022/12/20, 19:12:31.050, 3518407416915, vstest.console.dll, TestPluginCache.GetExtensionPaths: Added default extension paths: C:\Program Files\dotnet\sdk\7.0.100\Extensions\Microsoft.Diagnostics.NETCore.Client.dll
C:\Program Files\dotnet\sdk\7.0.100\Extensions\Microsoft.TestPlatform.Extensions.BlameDataCollector.dll
C:\Program Files\dotnet\sdk\7.0.100\Extensions\Microsoft.TestPlatform.Extensions.EventLogCollector.dll
C:\Program Files\dotnet\sdk\7.0.100\Extensions\Microsoft.TestPlatform.TestHostRuntimeProvider.dll
C:\Program Files\dotnet\sdk\7.0.100\Extensions\Microsoft.VisualStudio.TestPlatform.Extensions.Html.TestLogger.dll
C:\Program Files\dotnet\sdk\7.0.100\Extensions\Microsoft.VisualStudio.TestPlatform.Extensions.Trx.TestLogger.dll
TpTrace Verbose: 0 : 23096, 1, 2022/12/20, 19:12:31.050, 3518407417259, vstest.console.dll, TestPluginCache.GetExtensionPaths: Added unfilterableExtensionPaths: 
TpTrace Information: 0 : 23096, 1, 2022/12/20, 19:12:31.051, 3518407427725, vstest.console.dll, AssemblyResolver.ctor: Creating AssemblyResolver with searchDirectories C:\Program Files\dotnet\sdk\7.0.100\Extensions,C:\Program Files\dotnet\sdk\7.0.100
TpTrace Verbose: 0 : 23096, 1, 2022/12/20, 19:12:31.053, 3518407448383, vstest.console.dll, TestPluginCache.DiscoverTestExtensions: Discovering the extensions using extension path.
TpTrace Verbose: 0 : 23096, 1, 2022/12/20, 19:12:31.053, 3518407450232, vstest.console.dll, TestPluginCache.GetExtensionPaths: Filtered extension paths: 
TpTrace Verbose: 0 : 23096, 1, 2022/12/20, 19:12:31.053, 3518407450864, vstest.console.dll, TestPluginCache.GetExtensionPaths: Added default extension paths: C:\Program Files\dotnet\sdk\7.0.100\Extensions\Microsoft.Diagnostics.NETCore.Client.dll
C:\Program Files\dotnet\sdk\7.0.100\Extensions\Microsoft.TestPlatform.Extensions.BlameDataCollector.dll
C:\Program Files\dotnet\sdk\7.0.100\Extensions\Microsoft.TestPlatform.Extensions.EventLogCollector.dll
C:\Program Files\dotnet\sdk\7.0.100\Extensions\Microsoft.TestPlatform.TestHostRuntimeProvider.dll
C:\Program Files\dotnet\sdk\7.0.100\Extensions\Microsoft.VisualStudio.TestPlatform.Extensions.Html.TestLogger.dll
C:\Program Files\dotnet\sdk\7.0.100\Extensions\Microsoft.VisualStudio.TestPlatform.Extensions.Trx.TestLogger.dll
TpTrace Verbose: 0 : 23096, 1, 2022/12/20, 19:12:31.053, 3518407451147, vstest.console.dll, TestPluginCache.GetExtensionPaths: Added unfilterableExtensionPaths: 
TpTrace Verbose: 0 : 23096, 1, 2022/12/20, 19:12:31.053, 3518407452278, vstest.console.dll, TestPluginCache.DiscoverTestExtensions: Discovering the extensions using allExtensionPaths: C:\Program Files\dotnet\sdk\7.0.100\Extensions\Microsoft.Diagnostics.NETCore.Client.dll
C:\Program Files\dotnet\sdk\7.0.100\Extensions\Microsoft.TestPlatform.Extensions.BlameDataCollector.dll
C:\Program Files\dotnet\sdk\7.0.100\Extensions\Microsoft.TestPlatform.Extensions.EventLogCollector.dll
C:\Program Files\dotnet\sdk\7.0.100\Extensions\Microsoft.TestPlatform.TestHostRuntimeProvider.dll
C:\Program Files\dotnet\sdk\7.0.100\Extensions\Microsoft.VisualStudio.TestPlatform.Extensions.Html.TestLogger.dll
C:\Program Files\dotnet\sdk\7.0.100\Extensions\Microsoft.VisualStudio.TestPlatform.Extensions.Trx.TestLogger.dll
TpTrace Information: 0 : 23096, 1, 2022/12/20, 19:12:31.054, 3518407453963, vstest.console.dll, AssemblyResolver.AddSearchDirectories: Adding more searchDirectories C:\Program Files\dotnet\sdk\7.0.100\Extensions,C:\Program Files\dotnet\sdk\7.0.100
TpTrace Information: 0 : 23096, 1, 2022/12/20, 19:12:31.054, 3518407454524, vstest.console.dll, AssemblyResolver.AddSearchDirectories: Adding more searchDirectories C:\Program Files\dotnet\sdk\7.0.100\Extensions,C:\Program Files\dotnet\sdk\7.0.100
TpTrace Information: 0 : 23096, 1, 2022/12/20, 19:12:31.054, 3518407454860, vstest.console.dll, AssemblyResolver.AddSearchDirectories: Adding more searchDirectories C:\Program Files\dotnet\sdk\7.0.100\Extensions,C:\Program Files\dotnet\sdk\7.0.100
TpTrace Information: 0 : 23096, 1, 2022/12/20, 19:12:31.054, 3518407455118, vstest.console.dll, AssemblyResolver.AddSearchDirectories: Adding more searchDirectories C:\Program Files\dotnet\sdk\7.0.100\Extensions,C:\Program Files\dotnet\sdk\7.0.100
TpTrace Information: 0 : 23096, 1, 2022/12/20, 19:12:31.054, 3518407455373, vstest.console.dll, AssemblyResolver.AddSearchDirectories: Adding more searchDirectories C:\Program Files\dotnet\sdk\7.0.100\Extensions,C:\Program Files\dotnet\sdk\7.0.100
TpTrace Information: 0 : 23096, 1, 2022/12/20, 19:12:31.054, 3518407455665, vstest.console.dll, AssemblyResolver.AddSearchDirectories: Adding more searchDirectories C:\Program Files\dotnet\sdk\7.0.100\Extensions,C:\Program Files\dotnet\sdk\7.0.100
TpTrace Information: 0 : 23096, 1, 2022/12/20, 19:12:31.054, 3518407460202, vstest.console.dll, AssemblyResolver.OnResolve: Microsoft.Diagnostics.NETCore.Client: Resolving assembly.
TpTrace Information: 0 : 23096, 1, 2022/12/20, 19:12:31.054, 3518407460953, vstest.console.dll, AssemblyResolver.OnResolve: Microsoft.Diagnostics.NETCore.Client: Searching in: 'C:\Program Files\dotnet\sdk\7.0.100\Extensions'.
TpTrace Information: 0 : 23096, 1, 2022/12/20, 19:12:31.081, 3518407724594, vstest.console.dll, AssemblyResolver.OnResolve: Microsoft.Diagnostics.NETCore.Client: Loading assembly 'C:\Program Files\dotnet\sdk\7.0.100\Extensions\Microsoft.Diagnostics.NETCore.Client.dll'.
TpTrace Information: 0 : 23096, 1, 2022/12/20, 19:12:31.084, 3518407756272, vstest.console.dll, AssemblyResolver.OnResolve: Resolved assembly: Microsoft.Diagnostics.NETCore.Client, from path: C:\Program Files\dotnet\sdk\7.0.100\Extensions\Microsoft.Diagnostics.NETCore.Client.dll
TpTrace Verbose: 0 : 23096, 1, 2022/12/20, 19:12:31.086, 3518407775077, vstest.console.dll, MetadataReaderExtensionsHelper: Discovering extensions inside assembly 'Microsoft.Diagnostics.NETCore.Client, Version=0.2.6.42401, Culture=neutral, PublicKeyToken=31bf3856ad364e35' file path 'C:\Program Files\dotnet\sdk\7.0.100\Extensions\Microsoft.Diagnostics.NETCore.Client.dll'
TpTrace Information: 0 : 23096, 1, 2022/12/20, 19:12:31.098, 3518407895810, vstest.console.dll, AssemblyResolver.OnResolve: Microsoft.Bcl.AsyncInterfaces: Resolving assembly.
TpTrace Information: 0 : 23096, 1, 2022/12/20, 19:12:31.098, 3518407897703, vstest.console.dll, AssemblyResolver.OnResolve: Microsoft.Bcl.AsyncInterfaces: Searching in: 'C:\Program Files\dotnet\sdk\7.0.100\Extensions'.
TpTrace Information: 0 : 23096, 1, 2022/12/20, 19:12:31.098, 3518407898970, vstest.console.dll, AssemblyResolver.OnResolve: Microsoft.Bcl.AsyncInterfaces: Assembly path does not exist: 'C:\Program Files\dotnet\sdk\7.0.100\Extensions\Microsoft.Bcl.AsyncInterfaces.dll', returning.
TpTrace Information: 0 : 23096, 1, 2022/12/20, 19:12:31.098, 3518407900345, vstest.console.dll, AssemblyResolver.OnResolve: Microsoft.Bcl.AsyncInterfaces: Assembly path does not exist: 'C:\Program Files\dotnet\sdk\7.0.100\Extensions\Microsoft.Bcl.AsyncInterfaces.exe', returning.
TpTrace Information: 0 : 23096, 1, 2022/12/20, 19:12:31.098, 3518407900829, vstest.console.dll, AssemblyResolver.OnResolve: Microsoft.Bcl.AsyncInterfaces: Searching in: 'C:\Program Files\dotnet\sdk\7.0.100'.
TpTrace Information: 0 : 23096, 1, 2022/12/20, 19:12:31.098, 3518407901465, vstest.console.dll, AssemblyResolver.OnResolve: Microsoft.Bcl.AsyncInterfaces: Assembly path does not exist: 'C:\Program Files\dotnet\sdk\7.0.100\Microsoft.Bcl.AsyncInterfaces.dll', returning.
TpTrace Information: 0 : 23096, 1, 2022/12/20, 19:12:31.098, 3518407901952, vstest.console.dll, AssemblyResolver.OnResolve: Microsoft.Bcl.AsyncInterfaces: Assembly path does not exist: 'C:\Program Files\dotnet\sdk\7.0.100\Microsoft.Bcl.AsyncInterfaces.exe', returning.
TpTrace Information: 0 : 23096, 1, 2022/12/20, 19:12:31.098, 3518407902304, vstest.console.dll, AssemblyResolver.OnResolve: Microsoft.Bcl.AsyncInterfaces: Failed to load assembly.
TpTrace Verbose: 0 : 23096, 1, 2022/12/20, 19:12:31.098, 3518407902861, vstest.console.dll, CurrentDomainAssemblyResolve: Resolving assembly 'Microsoft.Bcl.AsyncInterfaces'.
TpTrace Information: 0 : 23096, 1, 2022/12/20, 19:12:31.099, 3518407903833, vstest.console.dll, AssemblyResolver.OnResolve: Microsoft.Bcl.AsyncInterfaces: Resolving assembly.
TpTrace Information: 0 : 23096, 1, 2022/12/20, 19:12:31.099, 3518407904405, vstest.console.dll, AssemblyResolver.OnResolve: Microsoft.Bcl.AsyncInterfaces: Resolved from cache.
TpTrace Verbose: 0 : 23096, 1, 2022/12/20, 19:12:31.099, 3518407904658, vstest.console.dll, CurrentDomainAssemblyResolve: Resolving assembly 'Microsoft.Bcl.AsyncInterfaces'.
TpTrace Verbose: 0 : 23096, 1, 2022/12/20, 19:12:31.099, 3518407905019, vstest.console.dll, CurrentDomainAssemblyResolve: Failed to resolve assembly 'Microsoft.Bcl.AsyncInterfaces'.
TpTrace Verbose: 0 : 23096, 1, 2022/12/20, 19:12:31.111, 3518408026065, vstest.console.dll, CurrentDomainAssemblyResolve: Failed to resolve assembly 'Microsoft.Bcl.AsyncInterfaces'.
TpTrace Warning: 0 : 23096, 1, 2022/12/20, 19:12:31.134, 3518408257337, vstest.console.dll, TestPluginDiscoverer: Failed to get types from assembly 'Microsoft.Diagnostics.NETCore.Client, Version=0.2.6.42401, Culture=neutral, PublicKeyToken=31bf3856ad364e35'. Error: System.Reflection.ReflectionTypeLoadException: Unable to load one or more of the requested types.
Could not load file or assembly 'Microsoft.Bcl.AsyncInterfaces, Version=1.0.0.0, Culture=neutral, PublicKeyToken=cc7b13ffcd2ddd51'. O sistema não pode encontrar o arquivo especificado.
   at System.Reflection.RuntimeModule.GetTypes(RuntimeModule module)
   at System.Reflection.Assembly.GetTypes()
   at Microsoft.VisualStudio.TestPlatform.Common.ExtensionFramework.TestPluginDiscoverer.GetTestExtensionsFromAssembly[TPluginInfo,TExtension](Assembly assembly, Dictionary`2 pluginInfos, String filePath)
System.IO.FileNotFoundException: Could not load file or assembly 'Microsoft.Bcl.AsyncInterfaces, Version=1.0.0.0, Culture=neutral, PublicKeyToken=cc7b13ffcd2ddd51'. O sistema não pode encontrar o arquivo especificado.
File name: 'Microsoft.Bcl.AsyncInterfaces, Version=1.0.0.0, Culture=neutral, PublicKeyToken=cc7b13ffcd2ddd51'
 ---> System.IO.FileNotFoundException: Could not load file or assembly 'Microsoft.Bcl.AsyncInterfaces, Culture=neutral, PublicKeyToken=null'. O sistema não pode encontrar o arquivo especificado.
File name: 'Microsoft.Bcl.AsyncInterfaces, Culture=neutral, PublicKeyToken=null'
   at System.Reflection.RuntimeAssembly.InternalLoad(AssemblyName assemblyName, StackCrawlMark& stackMark, AssemblyLoadContext assemblyLoadContext, RuntimeAssembly requestingAssembly, Boolean throwOnFileNotFound)
   at System.Reflection.Assembly.Load(AssemblyName assemblyRef)
   at Microsoft.VisualStudio.TestPlatform.Common.ExtensionFramework.TestPluginCache.CurrentDomainAssemblyResolve(Object sender, AssemblyResolveEventArgs args)
   at System.Runtime.Loader.AssemblyLoadContext.GetFirstResolvedAssemblyFromResolvingEvent(AssemblyName assemblyName)
   at System.Runtime.Loader.AssemblyLoadContext.ResolveUsingEvent(AssemblyName assemblyName)
   at System.Runtime.Loader.AssemblyLoadContext.ResolveUsingResolvingEvent(IntPtr gchManagedAssemblyLoadContext, AssemblyName assemblyName)
TpTrace Warning: 0 : 23096, 1, 2022/12/20, 19:12:31.135, 3518408264102, vstest.console.dll, LoaderExceptions: System.IO.FileNotFoundException: Could not load file or assembly 'Microsoft.Bcl.AsyncInterfaces, Version=1.0.0.0, Culture=neutral, PublicKeyToken=cc7b13ffcd2ddd51'. O sistema não pode encontrar o arquivo especificado.
File name: 'Microsoft.Bcl.AsyncInterfaces, Version=1.0.0.0, Culture=neutral, PublicKeyToken=cc7b13ffcd2ddd51'
 ---> System.IO.FileNotFoundException: Could not load file or assembly 'Microsoft.Bcl.AsyncInterfaces, Culture=neutral, PublicKeyToken=null'. O sistema não pode encontrar o arquivo especificado.
File name: 'Microsoft.Bcl.AsyncInterfaces, Culture=neutral, PublicKeyToken=null'
   at System.Reflection.RuntimeAssembly.InternalLoad(AssemblyName assemblyName, StackCrawlMark& stackMark, AssemblyLoadContext assemblyLoadContext, RuntimeAssembly requestingAssembly, Boolean throwOnFileNotFound)
   at System.Reflection.Assembly.Load(AssemblyName assemblyRef)
   at Microsoft.VisualStudio.TestPlatform.Common.ExtensionFramework.TestPluginCache.CurrentDomainAssemblyResolve(Object sender, AssemblyResolveEventArgs args)
   at System.Runtime.Loader.AssemblyLoadContext.GetFirstResolvedAssemblyFromResolvingEvent(AssemblyName assemblyName)
   at System.Runtime.Loader.AssemblyLoadContext.ResolveUsingEvent(AssemblyName assemblyName)
   at System.Runtime.Loader.AssemblyLoadContext.ResolveUsingResolvingEvent(IntPtr gchManagedAssemblyLoadContext, AssemblyName assemblyName)
TpTrace Information: 0 : 23096, 1, 2022/12/20, 19:12:31.135, 3518408267211, vstest.console.dll, AssemblyResolver.OnResolve: Microsoft.TestPlatform.Extensions.BlameDataCollector: Resolving assembly.
TpTrace Information: 0 : 23096, 1, 2022/12/20, 19:12:31.135, 3518408268071, vstest.console.dll, AssemblyResolver.OnResolve: Microsoft.TestPlatform.Extensions.BlameDataCollector: Searching in: 'C:\Program Files\dotnet\sdk\7.0.100\Extensions'.
TpTrace Information: 0 : 23096, 1, 2022/12/20, 19:12:31.137, 3518408285920, vstest.console.dll, AssemblyResolver.OnResolve: Microsoft.TestPlatform.Extensions.BlameDataCollector: Loading assembly 'C:\Program Files\dotnet\sdk\7.0.100\Extensions\Microsoft.TestPlatform.Extensions.BlameDataCollector.dll'.
TpTrace Information: 0 : 23096, 1, 2022/12/20, 19:12:31.139, 3518408305814, vstest.console.dll, AssemblyResolver.OnResolve: Resolved assembly: Microsoft.TestPlatform.Extensions.BlameDataCollector, from path: C:\Program Files\dotnet\sdk\7.0.100\Extensions\Microsoft.TestPlatform.Extensions.BlameDataCollector.dll
TpTrace Verbose: 0 : 23096, 1, 2022/12/20, 19:12:31.139, 3518408307430, vstest.console.dll, MetadataReaderExtensionsHelper: Discovering extensions inside assembly 'Microsoft.TestPlatform.Extensions.BlameDataCollector, Version=15.0.0.0, Culture=neutral, PublicKeyToken=b03f5f7f11d50a3a' file path 'C:\Program Files\dotnet\sdk\7.0.100\Extensions\Microsoft.TestPlatform.Extensions.BlameDataCollector.dll'
TpTrace Information: 0 : 23096, 1, 2022/12/20, 19:12:31.142, 3518408338372, vstest.console.dll, AssemblyResolver.OnResolve: Microsoft.TestPlatform.Extensions.EventLogCollector: Resolving assembly.
TpTrace Information: 0 : 23096, 1, 2022/12/20, 19:12:31.142, 3518408339584, vstest.console.dll, AssemblyResolver.OnResolve: Microsoft.TestPlatform.Extensions.EventLogCollector: Searching in: 'C:\Program Files\dotnet\sdk\7.0.100\Extensions'.
TpTrace Information: 0 : 23096, 1, 2022/12/20, 19:12:31.143, 3518408351424, vstest.console.dll, AssemblyResolver.OnResolve: Microsoft.TestPlatform.Extensions.EventLogCollector: Loading assembly 'C:\Program Files\dotnet\sdk\7.0.100\Extensions\Microsoft.TestPlatform.Extensions.EventLogCollector.dll'.
TpTrace Information: 0 : 23096, 1, 2022/12/20, 19:12:31.145, 3518408364553, vstest.console.dll, AssemblyResolver.OnResolve: Resolved assembly: Microsoft.TestPlatform.Extensions.EventLogCollector, from path: C:\Program Files\dotnet\sdk\7.0.100\Extensions\Microsoft.TestPlatform.Extensions.EventLogCollector.dll
TpTrace Verbose: 0 : 23096, 1, 2022/12/20, 19:12:31.145, 3518408365752, vstest.console.dll, MetadataReaderExtensionsHelper: Discovering extensions inside assembly 'Microsoft.TestPlatform.Extensions.EventLogCollector, Version=15.0.0.0, Culture=neutral, PublicKeyToken=b03f5f7f11d50a3a' file path 'C:\Program Files\dotnet\sdk\7.0.100\Extensions\Microsoft.TestPlatform.Extensions.EventLogCollector.dll'
TpTrace Information: 0 : 23096, 1, 2022/12/20, 19:12:31.151, 3518408432016, vstest.console.dll, AssemblyResolver.OnResolve: Microsoft.TestPlatform.TestHostRuntimeProvider: Resolving assembly.
TpTrace Information: 0 : 23096, 1, 2022/12/20, 19:12:31.152, 3518408433426, vstest.console.dll, AssemblyResolver.OnResolve: Microsoft.TestPlatform.TestHostRuntimeProvider: Searching in: 'C:\Program Files\dotnet\sdk\7.0.100\Extensions'.
TpTrace Information: 0 : 23096, 1, 2022/12/20, 19:12:31.153, 3518408445263, vstest.console.dll, AssemblyResolver.OnResolve: Microsoft.TestPlatform.TestHostRuntimeProvider: Loading assembly 'C:\Program Files\dotnet\sdk\7.0.100\Extensions\Microsoft.TestPlatform.TestHostRuntimeProvider.dll'.
TpTrace Information: 0 : 23096, 1, 2022/12/20, 19:12:31.154, 3518408460737, vstest.console.dll, AssemblyResolver.OnResolve: Resolved assembly: Microsoft.TestPlatform.TestHostRuntimeProvider, from path: C:\Program Files\dotnet\sdk\7.0.100\Extensions\Microsoft.TestPlatform.TestHostRuntimeProvider.dll
TpTrace Verbose: 0 : 23096, 1, 2022/12/20, 19:12:31.154, 3518408462428, vstest.console.dll, MetadataReaderExtensionsHelper: Discovering extensions inside assembly 'Microsoft.TestPlatform.TestHostRuntimeProvider, Version=15.0.0.0, Culture=neutral, PublicKeyToken=b03f5f7f11d50a3a' file path 'C:\Program Files\dotnet\sdk\7.0.100\Extensions\Microsoft.TestPlatform.TestHostRuntimeProvider.dll'
TpTrace Information: 0 : 23096, 1, 2022/12/20, 19:12:31.159, 3518408509139, vstest.console.dll, GetTestExtensionFromType: Register extension with identifier data 'HostProvider://DefaultTestHost' and type 'Microsoft.VisualStudio.TestPlatform.CrossPlatEngine.Hosting.DefaultTestHostManager, Microsoft.TestPlatform.TestHostRuntimeProvider, Version=15.0.0.0, Culture=neutral, PublicKeyToken=b03f5f7f11d50a3a' inside file 'C:\Program Files\dotnet\sdk\7.0.100\Extensions\Microsoft.TestPlatform.TestHostRuntimeProvider.dll'
TpTrace Information: 0 : 23096, 1, 2022/12/20, 19:12:31.160, 3518408513502, vstest.console.dll, GetTestExtensionFromType: Register extension with identifier data 'HostProvider://DotnetTestHost' and type 'Microsoft.VisualStudio.TestPlatform.CrossPlatEngine.Hosting.DotnetTestHostManager, Microsoft.TestPlatform.TestHostRuntimeProvider, Version=15.0.0.0, Culture=neutral, PublicKeyToken=b03f5f7f11d50a3a' inside file 'C:\Program Files\dotnet\sdk\7.0.100\Extensions\Microsoft.TestPlatform.TestHostRuntimeProvider.dll'
TpTrace Information: 0 : 23096, 1, 2022/12/20, 19:12:31.160, 3518408514763, vstest.console.dll, AssemblyResolver.OnResolve: Microsoft.VisualStudio.TestPlatform.Extensions.Html.TestLogger: Resolving assembly.
TpTrace Information: 0 : 23096, 1, 2022/12/20, 19:12:31.160, 3518408515152, vstest.console.dll, AssemblyResolver.OnResolve: Microsoft.VisualStudio.TestPlatform.Extensions.Html.TestLogger: Searching in: 'C:\Program Files\dotnet\sdk\7.0.100\Extensions'.
TpTrace Information: 0 : 23096, 1, 2022/12/20, 19:12:31.161, 3518408525153, vstest.console.dll, AssemblyResolver.OnResolve: Microsoft.VisualStudio.TestPlatform.Extensions.Html.TestLogger: Loading assembly 'C:\Program Files\dotnet\sdk\7.0.100\Extensions\Microsoft.VisualStudio.TestPlatform.Extensions.Html.TestLogger.dll'.
TpTrace Information: 0 : 23096, 1, 2022/12/20, 19:12:31.162, 3518408541072, vstest.console.dll, AssemblyResolver.OnResolve: Resolved assembly: Microsoft.VisualStudio.TestPlatform.Extensions.Html.TestLogger, from path: C:\Program Files\dotnet\sdk\7.0.100\Extensions\Microsoft.VisualStudio.TestPlatform.Extensions.Html.TestLogger.dll
TpTrace Verbose: 0 : 23096, 1, 2022/12/20, 19:12:31.162, 3518408542683, vstest.console.dll, MetadataReaderExtensionsHelper: Discovering extensions inside assembly 'Microsoft.VisualStudio.TestPlatform.Extensions.Html.TestLogger, Version=15.0.0.0, Culture=neutral, PublicKeyToken=b03f5f7f11d50a3a' file path 'C:\Program Files\dotnet\sdk\7.0.100\Extensions\Microsoft.VisualStudio.TestPlatform.Extensions.Html.TestLogger.dll'
TpTrace Information: 0 : 23096, 1, 2022/12/20, 19:12:31.165, 3518408564037, vstest.console.dll, AssemblyResolver.OnResolve: Microsoft.VisualStudio.TestPlatform.Extensions.Trx.TestLogger: Resolving assembly.
TpTrace Information: 0 : 23096, 1, 2022/12/20, 19:12:31.165, 3518408565458, vstest.console.dll, AssemblyResolver.OnResolve: Microsoft.VisualStudio.TestPlatform.Extensions.Trx.TestLogger: Searching in: 'C:\Program Files\dotnet\sdk\7.0.100\Extensions'.
TpTrace Information: 0 : 23096, 1, 2022/12/20, 19:12:31.167, 3518408586813, vstest.console.dll, AssemblyResolver.OnResolve: Microsoft.VisualStudio.TestPlatform.Extensions.Trx.TestLogger: Loading assembly 'C:\Program Files\dotnet\sdk\7.0.100\Extensions\Microsoft.VisualStudio.TestPlatform.Extensions.Trx.TestLogger.dll'.
TpTrace Information: 0 : 23096, 1, 2022/12/20, 19:12:31.169, 3518408605579, vstest.console.dll, AssemblyResolver.OnResolve: Resolved assembly: Microsoft.VisualStudio.TestPlatform.Extensions.Trx.TestLogger, from path: C:\Program Files\dotnet\sdk\7.0.100\Extensions\Microsoft.VisualStudio.TestPlatform.Extensions.Trx.TestLogger.dll
TpTrace Verbose: 0 : 23096, 1, 2022/12/20, 19:12:31.169, 3518408607295, vstest.console.dll, MetadataReaderExtensionsHelper: Discovering extensions inside assembly 'Microsoft.VisualStudio.TestPlatform.Extensions.Trx.TestLogger, Version=15.0.0.0, Culture=neutral, PublicKeyToken=b03f5f7f11d50a3a' file path 'C:\Program Files\dotnet\sdk\7.0.100\Extensions\Microsoft.VisualStudio.TestPlatform.Extensions.Trx.TestLogger.dll'
TpTrace Verbose: 0 : 23096, 1, 2022/12/20, 19:12:31.172, 3518408636689, vstest.console.dll, TestPluginCache: Discovered the extensions using extension path ''.
TpTrace Verbose: 0 : 23096, 1, 2022/12/20, 19:12:31.172, 3518408638254, vstest.console.dll, TestPluginCache: Discoverers are ''.
TpTrace Verbose: 0 : 23096, 1, 2022/12/20, 19:12:31.172, 3518408638641, vstest.console.dll, TestPluginCache: Executors are ''.
TpTrace Verbose: 0 : 23096, 1, 2022/12/20, 19:12:31.172, 3518408639034, vstest.console.dll, TestPluginCache: Executors2 are ''.
TpTrace Verbose: 0 : 23096, 1, 2022/12/20, 19:12:31.172, 3518408639315, vstest.console.dll, TestPluginCache: Setting providers are ''.
TpTrace Verbose: 0 : 23096, 1, 2022/12/20, 19:12:31.172, 3518408639663, vstest.console.dll, TestPluginCache: Loggers are ''.
TpTrace Verbose: 0 : 23096, 1, 2022/12/20, 19:12:31.172, 3518408642129, vstest.console.dll, TestPluginCache: TestHosts are 'HostProvider://DefaultTestHost,HostProvider://DotnetTestHost'.
TpTrace Verbose: 0 : 23096, 1, 2022/12/20, 19:12:31.172, 3518408642847, vstest.console.dll, TestPluginCache: DataCollectors are ''.
TpTrace Information: 0 : 23096, 1, 2022/12/20, 19:12:31.207, 3518408991459, vstest.console.dll, RunTestsArgumentProcessor:Execute: Test run is starting.
TpTrace Verbose: 0 : 23096, 1, 2022/12/20, 19:12:31.208, 3518408993571, vstest.console.dll, RunTestsArgumentProcessor:Execute: Queuing Test run.
TpTrace Information: 0 : 23096, 1, 2022/12/20, 19:12:31.208, 3518408998538, vstest.console.dll, TestRequestManager.RunTests: run tests started.
TpTrace Information: 0 : 23096, 1, 2022/12/20, 19:12:31.210, 3518409015357, vstest.console.dll, AssemblyMetadataProvider.GetFrameworkName: Determined framework:'.NETCoreApp,Version=v6.0' for source: 'C:\Projetos - .NET\API\WebAPI\Projects\WebAPIMedGrupo\UnitTestMed\bin\Debug\net6.0\fine-code-coverage\build-output\UnitTestMed.dll'
TpTrace Information: 0 : 23096, 1, 2022/12/20, 19:12:31.210, 3518409018940, vstest.console.dll, Determined framework for all sources: .NETCoreApp,Version=v6.0
TpTrace Verbose: 0 : 23096, 1, 2022/12/20, 19:12:31.211, 3518409024240, vstest.console.dll, TestRequestManager.UpdateRunSettingsIfRequired: Default architecture: X64 IsDefaultTargetArchitecture: True, Current process architecture: X64 OperatingSystem: Windows.
TpTrace Information: 0 : 23096, 1, 2022/12/20, 19:12:31.213, 3518409053073, vstest.console.dll, AssemblyMetadataProvider.GetArchitecture: Determined architecture:AnyCPU info for assembly: C:\Projetos - .NET\API\WebAPI\Projects\WebAPIMedGrupo\UnitTestMed\bin\Debug\net6.0\fine-code-coverage\build-output\UnitTestMed.dll
TpTrace Information: 0 : 23096, 1, 2022/12/20, 19:12:31.214, 3518409053935, vstest.console.dll, Determined platform for source 'C:\Projetos - .NET\API\WebAPI\Projects\WebAPIMedGrupo\UnitTestMed\bin\Debug\net6.0\fine-code-coverage\build-output\UnitTestMed.dll' was AnyCPU and it will use the default plaform X64.
TpTrace Information: 0 : 23096, 1, 2022/12/20, 19:12:31.214, 3518409054363, vstest.console.dll, None of the sources provided any runnable platform, using the default platform: X64
TpTrace Information: 0 : 23096, 1, 2022/12/20, 19:12:31.214, 3518409055952, vstest.console.dll, Platform was updated to 'X64'.
TpTrace Information: 0 : 23096, 1, 2022/12/20, 19:12:31.222, 3518409133778, vstest.console.dll, InferRunSettingsHelper.IsTestSettingsEnabled: Unable to navigate to RunSettings/MSTest. Current node: RunSettings
TpTrace Information: 0 : 23096, 1, 2022/12/20, 19:12:31.223, 3518409143426, vstest.console.dll, AssemblyResolver.OnResolve: Microsoft.VisualStudio.TestPlatform.Fakes: Resolving assembly.
TpTrace Information: 0 : 23096, 1, 2022/12/20, 19:12:31.223, 3518409144325, vstest.console.dll, AssemblyResolver.OnResolve: Microsoft.VisualStudio.TestPlatform.Fakes: Searching in: 'C:\Program Files\dotnet\sdk\7.0.100\Extensions'.
TpTrace Information: 0 : 23096, 1, 2022/12/20, 19:12:31.223, 3518409145361, vstest.console.dll, AssemblyResolver.OnResolve: Microsoft.VisualStudio.TestPlatform.Fakes: Assembly path does not exist: 'C:\Program Files\dotnet\sdk\7.0.100\Extensions\Microsoft.VisualStudio.TestPlatform.Fakes.dll', returning.
TpTrace Information: 0 : 23096, 1, 2022/12/20, 19:12:31.223, 3518409145924, vstest.console.dll, AssemblyResolver.OnResolve: Microsoft.VisualStudio.TestPlatform.Fakes: Assembly path does not exist: 'C:\Program Files\dotnet\sdk\7.0.100\Extensions\Microsoft.VisualStudio.TestPlatform.Fakes.exe', returning.
TpTrace Information: 0 : 23096, 1, 2022/12/20, 19:12:31.223, 3518409146227, vstest.console.dll, AssemblyResolver.OnResolve: Microsoft.VisualStudio.TestPlatform.Fakes: Searching in: 'C:\Program Files\dotnet\sdk\7.0.100'.
TpTrace Information: 0 : 23096, 1, 2022/12/20, 19:12:31.223, 3518409146918, vstest.console.dll, AssemblyResolver.OnResolve: Microsoft.VisualStudio.TestPlatform.Fakes: Assembly path does not exist: 'C:\Program Files\dotnet\sdk\7.0.100\Microsoft.VisualStudio.TestPlatform.Fakes.dll', returning.
TpTrace Information: 0 : 23096, 1, 2022/12/20, 19:12:31.223, 3518409147420, vstest.console.dll, AssemblyResolver.OnResolve: Microsoft.VisualStudio.TestPlatform.Fakes: Assembly path does not exist: 'C:\Program Files\dotnet\sdk\7.0.100\Microsoft.VisualStudio.TestPlatform.Fakes.exe', returning.
TpTrace Information: 0 : 23096, 1, 2022/12/20, 19:12:31.223, 3518409147714, vstest.console.dll, AssemblyResolver.OnResolve: Microsoft.VisualStudio.TestPlatform.Fakes: Failed to load assembly.
TpTrace Information: 0 : 23096, 1, 2022/12/20, 19:12:31.223, 3518409151550, vstest.console.dll, Failed to load assembly Microsoft.VisualStudio.TestPlatform.Fakes, Version=17.0.0.0, Culture=neutral. Reason:System.IO.FileNotFoundException: Could not load file or assembly 'Microsoft.VisualStudio.TestPlatform.Fakes, Version=17.0.0.0, Culture=neutral, PublicKeyToken=null'. O sistema não pode encontrar o arquivo especificado.
File name: 'Microsoft.VisualStudio.TestPlatform.Fakes, Version=17.0.0.0, Culture=neutral, PublicKeyToken=null'
   at System.Reflection.RuntimeAssembly.InternalLoad(AssemblyName assemblyName, StackCrawlMark& stackMark, AssemblyLoadContext assemblyLoadContext, RuntimeAssembly requestingAssembly, Boolean throwOnFileNotFound)
   at System.Reflection.Assembly.Load(AssemblyName assemblyRef)
   at Microsoft.VisualStudio.TestPlatform.Common.Utilities.FakesUtilities.LoadTestPlatformAssembly()
TpTrace Verbose: 0 : 23096, 1, 2022/12/20, 19:12:31.230, 3518409214008, vstest.console.dll, TestPluginCache.DiscoverTestExtensions: finding test extensions in assemblies ends with: TestLogger.dll TPluginInfo: Microsoft.VisualStudio.TestPlatform.Common.ExtensionFramework.Utilities.TestLoggerPluginInformation TExtension: Microsoft.VisualStudio.TestPlatform.ObjectModel.Client.ITestLogger
TpTrace Verbose: 0 : 23096, 1, 2022/12/20, 19:12:31.230, 3518409215477, vstest.console.dll, TestPluginCache.GetExtensionPaths: Filtered extension paths: 
TpTrace Verbose: 0 : 23096, 1, 2022/12/20, 19:12:31.230, 3518409215923, vstest.console.dll, TestPluginCache.GetExtensionPaths: Added default extension paths: C:\Program Files\dotnet\sdk\7.0.100\Extensions\Microsoft.Diagnostics.NETCore.Client.dll
C:\Program Files\dotnet\sdk\7.0.100\Extensions\Microsoft.TestPlatform.Extensions.BlameDataCollector.dll
C:\Program Files\dotnet\sdk\7.0.100\Extensions\Microsoft.TestPlatform.Extensions.EventLogCollector.dll
C:\Program Files\dotnet\sdk\7.0.100\Extensions\Microsoft.TestPlatform.TestHostRuntimeProvider.dll
C:\Program Files\dotnet\sdk\7.0.100\Extensions\Microsoft.VisualStudio.TestPlatform.Extensions.Html.TestLogger.dll
C:\Program Files\dotnet\sdk\7.0.100\Extensions\Microsoft.VisualStudio.TestPlatform.Extensions.Trx.TestLogger.dll
TpTrace Verbose: 0 : 23096, 1, 2022/12/20, 19:12:31.230, 3518409216317, vstest.console.dll, TestPluginCache.GetExtensionPaths: Added unfilterableExtensionPaths: 
TpTrace Information: 0 : 23096, 1, 2022/12/20, 19:12:31.230, 3518409217900, vstest.console.dll, AssemblyResolver.AddSearchDirectories: Adding more searchDirectories C:\Program Files\dotnet\sdk\7.0.100\Extensions,C:\Program Files\dotnet\sdk\7.0.100
TpTrace Verbose: 0 : 23096, 1, 2022/12/20, 19:12:31.230, 3518409218396, vstest.console.dll, TestPluginCache.DiscoverTestExtensions: Discovering the extensions using extension path.
TpTrace Verbose: 0 : 23096, 1, 2022/12/20, 19:12:31.230, 3518409218868, vstest.console.dll, TestPluginCache.GetExtensionPaths: Filtered extension paths: 
TpTrace Verbose: 0 : 23096, 1, 2022/12/20, 19:12:31.230, 3518409219160, vstest.console.dll, TestPluginCache.GetExtensionPaths: Added default extension paths: C:\Program Files\dotnet\sdk\7.0.100\Extensions\Microsoft.Diagnostics.NETCore.Client.dll
C:\Program Files\dotnet\sdk\7.0.100\Extensions\Microsoft.TestPlatform.Extensions.BlameDataCollector.dll
C:\Program Files\dotnet\sdk\7.0.100\Extensions\Microsoft.TestPlatform.Extensions.EventLogCollector.dll
C:\Program Files\dotnet\sdk\7.0.100\Extensions\Microsoft.TestPlatform.TestHostRuntimeProvider.dll
C:\Program Files\dotnet\sdk\7.0.100\Extensions\Microsoft.VisualStudio.TestPlatform.Extensions.Html.TestLogger.dll
C:\Program Files\dotnet\sdk\7.0.100\Extensions\Microsoft.VisualStudio.TestPlatform.Extensions.Trx.TestLogger.dll
TpTrace Verbose: 0 : 23096, 1, 2022/12/20, 19:12:31.230, 3518409219504, vstest.console.dll, TestPluginCache.GetExtensionPaths: Added unfilterableExtensionPaths: 
TpTrace Verbose: 0 : 23096, 1, 2022/12/20, 19:12:31.230, 3518409219808, vstest.console.dll, TestPluginCache.DiscoverTestExtensions: Discovering the extensions using allExtensionPaths: C:\Program Files\dotnet\sdk\7.0.100\Extensions\Microsoft.Diagnostics.NETCore.Client.dll
C:\Program Files\dotnet\sdk\7.0.100\Extensions\Microsoft.TestPlatform.Extensions.BlameDataCollector.dll
C:\Program Files\dotnet\sdk\7.0.100\Extensions\Microsoft.TestPlatform.Extensions.EventLogCollector.dll
C:\Program Files\dotnet\sdk\7.0.100\Extensions\Microsoft.TestPlatform.TestHostRuntimeProvider.dll
C:\Program Files\dotnet\sdk\7.0.100\Extensions\Microsoft.VisualStudio.TestPlatform.Extensions.Html.TestLogger.dll
C:\Program Files\dotnet\sdk\7.0.100\Extensions\Microsoft.VisualStudio.TestPlatform.Extensions.Trx.TestLogger.dll
TpTrace Information: 0 : 23096, 1, 2022/12/20, 19:12:31.230, 3518409220340, vstest.console.dll, AssemblyResolver.AddSearchDirectories: Adding more searchDirectories C:\Program Files\dotnet\sdk\7.0.100\Extensions,C:\Program Files\dotnet\sdk\7.0.100
TpTrace Information: 0 : 23096, 1, 2022/12/20, 19:12:31.230, 3518409220686, vstest.console.dll, AssemblyResolver.AddSearchDirectories: Adding more searchDirectories C:\Program Files\dotnet\sdk\7.0.100\Extensions,C:\Program Files\dotnet\sdk\7.0.100
TpTrace Information: 0 : 23096, 1, 2022/12/20, 19:12:31.230, 3518409220987, vstest.console.dll, AssemblyResolver.AddSearchDirectories: Adding more searchDirectories C:\Program Files\dotnet\sdk\7.0.100\Extensions,C:\Program Files\dotnet\sdk\7.0.100
TpTrace Information: 0 : 23096, 1, 2022/12/20, 19:12:31.230, 3518409221323, vstest.console.dll, AssemblyResolver.AddSearchDirectories: Adding more searchDirectories C:\Program Files\dotnet\sdk\7.0.100\Extensions,C:\Program Files\dotnet\sdk\7.0.100
TpTrace Information: 0 : 23096, 1, 2022/12/20, 19:12:31.230, 3518409221623, vstest.console.dll, AssemblyResolver.AddSearchDirectories: Adding more searchDirectories C:\Program Files\dotnet\sdk\7.0.100\Extensions,C:\Program Files\dotnet\sdk\7.0.100
TpTrace Information: 0 : 23096, 1, 2022/12/20, 19:12:31.230, 3518409221916, vstest.console.dll, AssemblyResolver.AddSearchDirectories: Adding more searchDirectories C:\Program Files\dotnet\sdk\7.0.100\Extensions,C:\Program Files\dotnet\sdk\7.0.100
TpTrace Verbose: 0 : 23096, 1, 2022/12/20, 19:12:31.231, 3518409224266, vstest.console.dll, MetadataReaderExtensionsHelper: Discovering extensions inside assembly 'Microsoft.Diagnostics.NETCore.Client, Version=0.2.6.42401, Culture=neutral, PublicKeyToken=31bf3856ad364e35' file path 'C:\Program Files\dotnet\sdk\7.0.100\Extensions\Microsoft.Diagnostics.NETCore.Client.dll'
TpTrace Information: 0 : 23096, 1, 2022/12/20, 19:12:31.232, 3518409240293, vstest.console.dll, AssemblyResolver.OnResolve: Microsoft.Bcl.AsyncInterfaces: Resolving assembly.
TpTrace Information: 0 : 23096, 1, 2022/12/20, 19:12:31.232, 3518409241227, vstest.console.dll, AssemblyResolver.OnResolve: Microsoft.Bcl.AsyncInterfaces: Resolved from cache.
TpTrace Verbose: 0 : 23096, 1, 2022/12/20, 19:12:31.232, 3518409241570, vstest.console.dll, CurrentDomainAssemblyResolve: Resolving assembly 'Microsoft.Bcl.AsyncInterfaces'.
TpTrace Information: 0 : 23096, 1, 2022/12/20, 19:12:31.232, 3518409242113, vstest.console.dll, AssemblyResolver.OnResolve: Microsoft.Bcl.AsyncInterfaces: Resolving assembly.
TpTrace Information: 0 : 23096, 1, 2022/12/20, 19:12:31.232, 3518409242540, vstest.console.dll, AssemblyResolver.OnResolve: Microsoft.Bcl.AsyncInterfaces: Resolved from cache.
TpTrace Verbose: 0 : 23096, 1, 2022/12/20, 19:12:31.232, 3518409242818, vstest.console.dll, CurrentDomainAssemblyResolve: Resolving assembly 'Microsoft.Bcl.AsyncInterfaces'.
TpTrace Verbose: 0 : 23096, 1, 2022/12/20, 19:12:31.232, 3518409243090, vstest.console.dll, CurrentDomainAssemblyResolve: Failed to resolve assembly 'Microsoft.Bcl.AsyncInterfaces'.
TpTrace Verbose: 0 : 23096, 1, 2022/12/20, 19:12:31.233, 3518409244950, vstest.console.dll, CurrentDomainAssemblyResolve: Failed to resolve assembly 'Microsoft.Bcl.AsyncInterfaces'.
TpTrace Warning: 0 : 23096, 1, 2022/12/20, 19:12:31.233, 3518409249080, vstest.console.dll, TestPluginDiscoverer: Failed to get types from assembly 'Microsoft.Diagnostics.NETCore.Client, Version=0.2.6.42401, Culture=neutral, PublicKeyToken=31bf3856ad364e35'. Error: System.Reflection.ReflectionTypeLoadException: Unable to load one or more of the requested types.
Could not load file or assembly 'Microsoft.Bcl.AsyncInterfaces, Version=1.0.0.0, Culture=neutral, PublicKeyToken=cc7b13ffcd2ddd51'. O sistema não pode encontrar o arquivo especificado.
   at System.Reflection.RuntimeModule.GetTypes(RuntimeModule module)
   at System.Reflection.Assembly.GetTypes()
   at Microsoft.VisualStudio.TestPlatform.Common.ExtensionFramework.TestPluginDiscoverer.GetTestExtensionsFromAssembly[TPluginInfo,TExtension](Assembly assembly, Dictionary`2 pluginInfos, String filePath)
System.IO.FileNotFoundException: Could not load file or assembly 'Microsoft.Bcl.AsyncInterfaces, Version=1.0.0.0, Culture=neutral, PublicKeyToken=cc7b13ffcd2ddd51'. O sistema não pode encontrar o arquivo especificado.
File name: 'Microsoft.Bcl.AsyncInterfaces, Version=1.0.0.0, Culture=neutral, PublicKeyToken=cc7b13ffcd2ddd51'
 ---> System.IO.FileNotFoundException: Could not load file or assembly 'Microsoft.Bcl.AsyncInterfaces, Culture=neutral, PublicKeyToken=null'. O sistema não pode encontrar o arquivo especificado.
File name: 'Microsoft.Bcl.AsyncInterfaces, Culture=neutral, PublicKeyToken=null'
   at System.Reflection.RuntimeAssembly.InternalLoad(AssemblyName assemblyName, StackCrawlMark& stackMark, AssemblyLoadContext assemblyLoadContext, RuntimeAssembly requestingAssembly, Boolean throwOnFileNotFound)
   at System.Reflection.Assembly.Load(AssemblyName assemblyRef)
   at Microsoft.VisualStudio.TestPlatform.Common.ExtensionFramework.TestPluginCache.CurrentDomainAssemblyResolve(Object sender, AssemblyResolveEventArgs args)
   at System.Runtime.Loader.AssemblyLoadContext.GetFirstResolvedAssemblyFromResolvingEvent(AssemblyName assemblyName)
   at System.Runtime.Loader.AssemblyLoadContext.ResolveUsingEvent(AssemblyName assemblyName)
   at System.Runtime.Loader.AssemblyLoadContext.ResolveUsingResolvingEvent(IntPtr gchManagedAssemblyLoadContext, AssemblyName assemblyName)
TpTrace Warning: 0 : 23096, 1, 2022/12/20, 19:12:31.233, 3518409250944, vstest.console.dll, LoaderExceptions: System.IO.FileNotFoundException: Could not load file or assembly 'Microsoft.Bcl.AsyncInterfaces, Version=1.0.0.0, Culture=neutral, PublicKeyToken=cc7b13ffcd2ddd51'. O sistema não pode encontrar o arquivo especificado.
File name: 'Microsoft.Bcl.AsyncInterfaces, Version=1.0.0.0, Culture=neutral, PublicKeyToken=cc7b13ffcd2ddd51'
 ---> System.IO.FileNotFoundException: Could not load file or assembly 'Microsoft.Bcl.AsyncInterfaces, Culture=neutral, PublicKeyToken=null'. O sistema não pode encontrar o arquivo especificado.
File name: 'Microsoft.Bcl.AsyncInterfaces, Culture=neutral, PublicKeyToken=null'
   at System.Reflection.RuntimeAssembly.InternalLoad(AssemblyName assemblyName, StackCrawlMark& stackMark, AssemblyLoadContext assemblyLoadContext, RuntimeAssembly requestingAssembly, Boolean throwOnFileNotFound)
   at System.Reflection.Assembly.Load(AssemblyName assemblyRef)
   at Microsoft.VisualStudio.TestPlatform.Common.ExtensionFramework.TestPluginCache.CurrentDomainAssemblyResolve(Object sender, AssemblyResolveEventArgs args)
   at System.Runtime.Loader.AssemblyLoadContext.GetFirstResolvedAssemblyFromResolvingEvent(AssemblyName assemblyName)
   at System.Runtime.Loader.AssemblyLoadContext.ResolveUsingEvent(AssemblyName assemblyName)
   at System.Runtime.Loader.AssemblyLoadContext.ResolveUsingResolvingEvent(IntPtr gchManagedAssemblyLoadContext, AssemblyName assemblyName)
TpTrace Verbose: 0 : 23096, 1, 2022/12/20, 19:12:31.233, 3518409252029, vstest.console.dll, MetadataReaderExtensionsHelper: Discovering extensions inside assembly 'Microsoft.TestPlatform.Extensions.BlameDataCollector, Version=15.0.0.0, Culture=neutral, PublicKeyToken=b03f5f7f11d50a3a' file path 'C:\Program Files\dotnet\sdk\7.0.100\Extensions\Microsoft.TestPlatform.Extensions.BlameDataCollector.dll'
TpTrace Information: 0 : 23096, 1, 2022/12/20, 19:12:31.234, 3518409262211, vstest.console.dll, GetTestExtensionFromType: Register extension with identifier data 'logger://Microsoft/TestPlatform/Extensions/Blame/v1' and type 'Microsoft.TestPlatform.Extensions.BlameDataCollector.BlameLogger, Microsoft.TestPlatform.Extensions.BlameDataCollector, Version=15.0.0.0, Culture=neutral, PublicKeyToken=b03f5f7f11d50a3a' inside file 'C:\Program Files\dotnet\sdk\7.0.100\Extensions\Microsoft.TestPlatform.Extensions.BlameDataCollector.dll'
TpTrace Verbose: 0 : 23096, 1, 2022/12/20, 19:12:31.235, 3518409263455, vstest.console.dll, MetadataReaderExtensionsHelper: Discovering extensions inside assembly 'Microsoft.TestPlatform.Extensions.EventLogCollector, Version=15.0.0.0, Culture=neutral, PublicKeyToken=b03f5f7f11d50a3a' file path 'C:\Program Files\dotnet\sdk\7.0.100\Extensions\Microsoft.TestPlatform.Extensions.EventLogCollector.dll'
TpTrace Verbose: 0 : 23096, 1, 2022/12/20, 19:12:31.236, 3518409274068, vstest.console.dll, MetadataReaderExtensionsHelper: Discovering extensions inside assembly 'Microsoft.TestPlatform.TestHostRuntimeProvider, Version=15.0.0.0, Culture=neutral, PublicKeyToken=b03f5f7f11d50a3a' file path 'C:\Program Files\dotnet\sdk\7.0.100\Extensions\Microsoft.TestPlatform.TestHostRuntimeProvider.dll'
TpTrace Verbose: 0 : 23096, 1, 2022/12/20, 19:12:31.236, 3518409281134, vstest.console.dll, MetadataReaderExtensionsHelper: Discovering extensions inside assembly 'Microsoft.VisualStudio.TestPlatform.Extensions.Html.TestLogger, Version=15.0.0.0, Culture=neutral, PublicKeyToken=b03f5f7f11d50a3a' file path 'C:\Program Files\dotnet\sdk\7.0.100\Extensions\Microsoft.VisualStudio.TestPlatform.Extensions.Html.TestLogger.dll'
TpTrace Information: 0 : 23096, 1, 2022/12/20, 19:12:31.237, 3518409291637, vstest.console.dll, GetTestExtensionFromType: Register extension with identifier data 'logger://Microsoft/TestPlatform/HtmlLogger/v1' and type 'Microsoft.VisualStudio.TestPlatform.Extensions.HtmlLogger.HtmlLogger, Microsoft.VisualStudio.TestPlatform.Extensions.Html.TestLogger, Version=15.0.0.0, Culture=neutral, PublicKeyToken=b03f5f7f11d50a3a' inside file 'C:\Program Files\dotnet\sdk\7.0.100\Extensions\Microsoft.VisualStudio.TestPlatform.Extensions.Html.TestLogger.dll'
TpTrace Verbose: 0 : 23096, 1, 2022/12/20, 19:12:31.237, 3518409292578, vstest.console.dll, MetadataReaderExtensionsHelper: Discovering extensions inside assembly 'Microsoft.VisualStudio.TestPlatform.Extensions.Trx.TestLogger, Version=15.0.0.0, Culture=neutral, PublicKeyToken=b03f5f7f11d50a3a' file path 'C:\Program Files\dotnet\sdk\7.0.100\Extensions\Microsoft.VisualStudio.TestPlatform.Extensions.Trx.TestLogger.dll'
TpTrace Information: 0 : 23096, 1, 2022/12/20, 19:12:31.238, 3518409300201, vstest.console.dll, GetTestExtensionFromType: Register extension with identifier data 'logger://Microsoft/TestPlatform/TrxLogger/v1' and type 'Microsoft.VisualStudio.TestPlatform.Extensions.TrxLogger.TrxLogger, Microsoft.VisualStudio.TestPlatform.Extensions.Trx.TestLogger, Version=15.0.0.0, Culture=neutral, PublicKeyToken=b03f5f7f11d50a3a' inside file 'C:\Program Files\dotnet\sdk\7.0.100\Extensions\Microsoft.VisualStudio.TestPlatform.Extensions.Trx.TestLogger.dll'
TpTrace Verbose: 0 : 23096, 1, 2022/12/20, 19:12:31.238, 3518409301460, vstest.console.dll, TestPluginCache: Discovered the extensions using extension path ''.
TpTrace Verbose: 0 : 23096, 1, 2022/12/20, 19:12:31.238, 3518409301831, vstest.console.dll, TestPluginCache: Discoverers are ''.
TpTrace Verbose: 0 : 23096, 1, 2022/12/20, 19:12:31.238, 3518409302104, vstest.console.dll, TestPluginCache: Executors are ''.
TpTrace Verbose: 0 : 23096, 1, 2022/12/20, 19:12:31.238, 3518409302366, vstest.console.dll, TestPluginCache: Executors2 are ''.
TpTrace Verbose: 0 : 23096, 1, 2022/12/20, 19:12:31.238, 3518409302623, vstest.console.dll, TestPluginCache: Setting providers are ''.
TpTrace Verbose: 0 : 23096, 1, 2022/12/20, 19:12:31.239, 3518409303443, vstest.console.dll, TestPluginCache: Loggers are 'logger://Microsoft/TestPlatform/Extensions/Blame/v1,logger://Microsoft/TestPlatform/HtmlLogger/v1,logger://Microsoft/TestPlatform/TrxLogger/v1'.
TpTrace Verbose: 0 : 23096, 1, 2022/12/20, 19:12:31.239, 3518409303980, vstest.console.dll, TestPluginCache: TestHosts are 'HostProvider://DefaultTestHost,HostProvider://DotnetTestHost'.
TpTrace Verbose: 0 : 23096, 1, 2022/12/20, 19:12:31.239, 3518409304266, vstest.console.dll, TestPluginCache: DataCollectors are ''.
TpTrace Information: 0 : 23096, 1, 2022/12/20, 19:12:31.240, 3518409319330, vstest.console.dll, TestPluginManager.CreateTestExtension: Attempting to load test extension: Microsoft.TestPlatform.Extensions.BlameDataCollector.BlameLogger
TpTrace Verbose: 0 : 23096, 1, 2022/12/20, 19:12:31.260, 3518409514668, vstest.console.dll, TestEngine: Initializing Parallel Execution as MaxCpuCount is set to: 1
TpTrace Information: 0 : 23096, 1, 2022/12/20, 19:12:31.263, 3518409545570, vstest.console.dll, TestPluginManager.CreateTestExtension: Attempting to load test extension: Microsoft.VisualStudio.TestPlatform.CrossPlatEngine.Hosting.DefaultTestHostManager
TpTrace Information: 0 : 23096, 1, 2022/12/20, 19:12:31.265, 3518409568583, vstest.console.dll, TestPluginManager.CreateTestExtension: Attempting to load test extension: Microsoft.VisualStudio.TestPlatform.CrossPlatEngine.Hosting.DotnetTestHostManager
TpTrace Information: 0 : 23096, 1, 2022/12/20, 19:12:31.266, 3518409577795, vstest.console.dll, InferRunSettingsHelper.IsTestSettingsEnabled: Unable to navigate to RunSettings/MSTest. Current node: RunSettings
TpTrace Verbose: 0 : 23096, 1, 2022/12/20, 19:12:31.274, 3518409661022, vstest.console.dll, TestEngine.GetExecutionManager: Chosen execution manager 'Microsoft.VisualStudio.TestPlatform.CrossPlatEngine.Client.Parallel.ParallelProxyExecutionManager, Microsoft.TestPlatform.CrossPlatEngine, Version=15.0.0.0, Culture=neutral, PublicKeyToken=b03f5f7f11d50a3a' ParallelLevel '1'.
TpTrace Verbose: 0 : 23096, 1, 2022/12/20, 19:12:31.275, 3518409663887, vstest.console.dll, TestRunRequest.ExecuteAsync: Creating test run request.
TpTrace Verbose: 0 : 23096, 1, 2022/12/20, 19:12:31.275, 3518409667279, vstest.console.dll, TestRunRequest.ExecuteAsync: Starting.
TpTrace Information: 0 : 23096, 1, 2022/12/20, 19:12:31.276, 3518409675335, vstest.console.dll, TestRunRequest.ExecuteAsync: Starting run with settings:TestRunCriteria:
   KeepAlive=False,FrequencyOfRunStatsChangeEvent=10,RunStatsChangeEventTimeout=00:00:01.5000000,TestCaseFilter=,TestExecutorLauncher=
   Settingsxml=<RunSettings>
  <RunConfiguration>
    <ResultsDirectory>C:\Projetos - .NET\API\WebAPI\Projects\WebAPIMedGrupo\UnitTestMed\bin\Debug\net6.0\fine-code-coverage\coverage-tool-output</ResultsDirectory>
    <TargetPlatform>X64</TargetPlatform>
    <TargetFrameworkVersion>.NETCoreApp,Version=v6.0</TargetFrameworkVersion>
    <DesignMode>False</DesignMode>
    <CollectSourceInformation>False</CollectSourceInformation>
  </RunConfiguration>
  <LoggerRunSettings>
    <Loggers>
      <Logger friendlyName="blame" enabled="True" />
      <Logger friendlyName="Console" uri="logger://microsoft/TestPlatform/ConsoleLogger/v1" assemblyQualifiedName="Microsoft.VisualStudio.TestPlatform.CommandLine.Internal.ConsoleLogger, vstest.console, Version=15.0.0.0, Culture=neutral, PublicKeyToken=b03f5f7f11d50a3a" codeBase="C:\Program Files\dotnet\sdk\7.0.100\vstest.console.dll" enabled="True" />
    </Loggers>
  </LoggerRunSettings>
  <DataCollectionRunSettings>
    <DataCollectors>
      <DataCollector friendlyName="blame" enabled="True">
        <Configuration>
          <ResultsDirectory>C:\Projetos - .NET\API\WebAPI\Projects\WebAPIMedGrupo\UnitTestMed\bin\Debug\net6.0\fine-code-coverage\coverage-tool-output</ResultsDirectory>
        </Configuration>
      </DataCollector>
    </DataCollectors>
  </DataCollectionRunSettings>
</RunSettings>

TpTrace Verbose: 0 : 23096, 1, 2022/12/20, 19:12:31.276, 3518409676884, vstest.console.dll, TestRunRequest.ExecuteAsync: Wait for the first run request is over.
TpTrace Verbose: 0 : 23096, 1, 2022/12/20, 19:12:31.277, 3518409683545, vstest.console.dll, MulticastDelegateUtilities.SafeInvoke: TestRun.TestRunStart: Invoking callbacks was skipped because there are no subscribers.
TpTrace Verbose: 0 : 23096, 4, 2022/12/20, 19:12:31.277, 3518409688306, vstest.console.dll, MulticastDelegateUtilities.SafeInvoke: InternalTestLoggerEvents.SendTestRunStart: Invoking callback 1/1 for Microsoft.VisualStudio.TestPlatform.CommandLine.Internal.ConsoleLogger., took 0 ms.
TpTrace Verbose: 0 : 23096, 1, 2022/12/20, 19:12:31.279, 3518409705790, vstest.console.dll, ParallelProxyExecutionManager: Start execution. Total sources: 1
TpTrace Verbose: 0 : 23096, 1, 2022/12/20, 19:12:31.282, 3518409735407, vstest.console.dll, TestRequestSender is acting as server.
TpTrace Verbose: 0 : 23096, 1, 2022/12/20, 19:12:31.283, 3518409753061, vstest.console.dll, DataCollectionRequestSender.InitializeCommunication : Initialize communication. 
TpTrace Information: 0 : 23096, 1, 2022/12/20, 19:12:31.294, 3518409855554, vstest.console.dll, Listening on Endpoint : 127.0.0.1:56844
TpTrace Verbose: 0 : 23096, 1, 2022/12/20, 19:12:31.310, 3518410021576, vstest.console.dll, DotnetDataCollectionLauncher: Adding  --runtimeconfig "C:\Program Files\dotnet\sdk\7.0.100\datacollector.runtimeconfig.json" in args
TpTrace Verbose: 0 : 23096, 1, 2022/12/20, 19:12:31.311, 3518410023472, vstest.console.dll, DotnetDataCollectionLauncher: Adding  --depsfile "C:\Program Files\dotnet\sdk\7.0.100\datacollector.deps.json" in args
TpTrace Verbose: 0 : 23096, 1, 2022/12/20, 19:12:31.311, 3518410027336, vstest.console.dll, DotnetDataCollectionLauncher: Full path of dotnet.exe is C:\Program Files\dotnet\dotnet.exe
TpTrace Information: 0 : 23096, 1, 2022/12/20, 19:12:31.322, 3518410139027, vstest.console.dll, ProxyDataCollectionManager.Initialize: Launched datacollector processId: 8860 port: 56844
TpTrace Information: 0 : 23096, 1, 2022/12/20, 19:12:31.322, 3518410142997, vstest.console.dll, ProxyDataCollectionManager.Initialize: waiting for connection with timeout: 90 seconds
TpTrace Verbose: 0 : 23096, 1, 2022/12/20, 19:12:31.323, 3518410144004, vstest.console.dll, DataCollectionRequestSender.WaitForRequestHandlerConnection : Waiting for connection with timeout: 90000
TpTrace Information: 0 : 23096, 7, 2022/12/20, 19:12:31.553, 3518412443923, vstest.console.dll, Using the buffer size of 16384 bytes
TpTrace Information: 0 : 23096, 7, 2022/12/20, 19:12:31.553, 3518412445975, vstest.console.dll, Accepted Client request and set the flag
TpTrace Verbose: 0 : 23096, 1, 2022/12/20, 19:12:31.553, 3518412444454, vstest.console.dll, SocketCommunicationManager.WaitForClientConnection took: 229 ms, with 90000 ms timeout, and finished with True.
TpTrace Verbose: 0 : 23096, 1, 2022/12/20, 19:12:31.553, 3518412448371, vstest.console.dll, ProxyDataCollectionManager.InvokeDataCollectionServiceAction: Starting.
TpTrace Information: 0 : 23096, 1, 2022/12/20, 19:12:31.553, 3518412449634, vstest.console.dll, ProxyDataCollectionManager.BeforeTestRunStart: Get environment variable and port for datacollector processId: 8860 port: 56844
TpTrace Verbose: 0 : 23096, 1, 2022/12/20, 19:12:31.553, 3518412451306, vstest.console.dll, DataCollectionRequestSender.SendBeforeTestRunStartAndGetResult: Send BeforeTestRunStart message with settingsXml <RunSettings><RunConfiguration><ResultsDirectory>C:\Projetos - .NET\API\WebAPI\Projects\WebAPIMedGrupo\UnitTestMed\bin\Debug\net6.0\fine-code-coverage\coverage-tool-output</ResultsDirectory><TargetPlatform>X64</TargetPlatform><TargetFrameworkVersion>.NETCoreApp,Version=v6.0</TargetFrameworkVersion><DesignMode>False</DesignMode><CollectSourceInformation>False</CollectSourceInformation><TestAdaptersPaths>C:\Program Files\dotnet\sdk\7.0.100\Extensions</TestAdaptersPaths></RunConfiguration><LoggerRunSettings><Loggers><Logger friendlyName="blame" enabled="True" /><Logger friendlyName="Console" uri="logger://microsoft/TestPlatform/ConsoleLogger/v1" assemblyQualifiedName="Microsoft.VisualStudio.TestPlatform.CommandLine.Internal.ConsoleLogger, vstest.console, Version=15.0.0.0, Culture=neutral, PublicKeyToken=b03f5f7f11d50a3a" codeBase="C:\Program Files\dotnet\sdk\7.0.100\vstest.console.dll" enabled="True" /></Loggers></LoggerRunSettings><DataCollectionRunSettings><DataCollectors><DataCollector friendlyName="blame" enabled="True"><Configuration><ResultsDirectory>C:\Projetos - .NET\API\WebAPI\Projects\WebAPIMedGrupo\UnitTestMed\bin\Debug\net6.0\fine-code-coverage\coverage-tool-output</ResultsDirectory></Configuration></DataCollector></DataCollectors></DataCollectionRunSettings></RunSettings> and sources System.Collections.Generic.List`1[System.String]: 
TpTrace Verbose: 0 : 23096, 1, 2022/12/20, 19:12:31.678, 3518413697225, vstest.console.dll, DataCollectionRequestSender.SendBeforeTestRunStartAndGetResult: Received message: (DataCollection.SendMessage) -> {"MessageType":"DataCollection.SendMessage","Payload":{"FriendlyName":null,"Uri":null,"TestCaseId":"00000000-0000-0000-0000-000000000000","Message":"Logging DataCollector Diagnostics in file: C:\\Projetos - .NET\\API\\WebAPI\\Projects\\WebAPIMedGrupo\\UnitTestMed\\bin\\Debug\\net6.0\\fine-code-coverage\\coverage-tool-output\\diagnostics.datacollector.22-12-20_19-12-31_31045_1.log","Level":0}}
TpTrace Verbose: 0 : 23096, 1, 2022/12/20, 19:12:31.801, 3518414931594, vstest.console.dll, DataCollectionRequestSender.SendBeforeTestRunStartAndGetResult: Received message: (DataCollection.BeforeTestRunStartResult) -> {"MessageType":"DataCollection.BeforeTestRunStartResult","Payload":{"EnvironmentVariables":{},"DataCollectionEventsPort":56846}}
TpTrace Information: 0 : 23096, 1, 2022/12/20, 19:12:31.810, 3518415023134, vstest.console.dll, ProxyDataCollectionManager.BeforeTestRunStart: SendBeforeTestRunStartAndGetResult successful, env variable from datacollector:   and testhost port: 56846
TpTrace Information: 0 : 23096, 1, 2022/12/20, 19:12:31.811, 3518415025298, vstest.console.dll, ProxyDataCollectionManager.InvokeDataCollectionServiceAction: Completed.
TpTrace Verbose: 0 : 23096, 7, 2022/12/20, 19:12:31.811, 3518415028533, vstest.console.dll, ParallelProxyExecutionManager: Execution started. Started clients: 1
TpTrace Verbose: 0 : 23096, 1, 2022/12/20, 19:12:31.811, 3518415028885, vstest.console.dll, ProxyParallelExecutionManager: No sources available for execution.
TpTrace Information: 0 : 23096, 1, 2022/12/20, 19:12:31.811, 3518415031353, vstest.console.dll, TestRunRequest.ExecuteAsync: Started.
TpTrace Verbose: 0 : 23096, 1, 2022/12/20, 19:12:31.811, 3518415032715, vstest.console.dll, TestRunRequest.WaitForCompletion: Waiting with timeout -1.
TpTrace Verbose: 0 : 23096, 7, 2022/12/20, 19:12:31.812, 3518415035208, vstest.console.dll, TestRunRequest:SendTestRunMessage: Starting.
TpTrace Verbose: 0 : 23096, 4, 2022/12/20, 19:12:31.812, 3518415039260, vstest.console.dll, MulticastDelegateUtilities.SafeInvoke: InternalTestLoggerEvents.SendTestRunMessage: Invoking callback 1/1 for Microsoft.VisualStudio.TestPlatform.CommandLine.Internal.ConsoleLogger., took 0 ms.
TpTrace Verbose: 0 : 23096, 7, 2022/12/20, 19:12:31.812, 3518415042635, vstest.console.dll, MulticastDelegateUtilities.SafeInvoke: TestRun.LogMessages: Invoking callback 1/1 for Microsoft.VisualStudio.TestPlatform.CommandLine.TestRunResultAggregator., took 0 ms.
TpTrace Information: 0 : 23096, 7, 2022/12/20, 19:12:31.813, 3518415043669, vstest.console.dll, TestRunRequest:SendTestRunMessage: Completed.
TpTrace Verbose: 0 : 23096, 7, 2022/12/20, 19:12:31.813, 3518415046635, vstest.console.dll, ProxyExecutionManager: Test host is always Lazy initialize.
TpTrace Verbose: 0 : 23096, 7, 2022/12/20, 19:12:31.813, 3518415051506, vstest.console.dll, TestRequestSender.InitializeCommunication: initialize communication. 
TpTrace Information: 0 : 23096, 7, 2022/12/20, 19:12:31.814, 3518415060492, vstest.console.dll, SocketServer.Start: Listening on endpoint : 127.0.0.1:56847
TpTrace Verbose: 0 : 23096, 7, 2022/12/20, 19:12:31.816, 3518415075379, vstest.console.dll, DotnetTestHostmanager.GetTestHostProcessStartInfo: Platform environment 'X64' target architecture 'X64' framework '.NETCoreApp,Version=v6.0' OS 'Windows'
TpTrace Verbose: 0 : 23096, 7, 2022/12/20, 19:12:31.816, 3518415079500, vstest.console.dll, DotnetTestHostmanager: Adding  --runtimeconfig "C:\Projetos - .NET\API\WebAPI\Projects\WebAPIMedGrupo\UnitTestMed\bin\Debug\net6.0\fine-code-coverage\build-output\UnitTestMed.runtimeconfig.json" in args
TpTrace Verbose: 0 : 23096, 7, 2022/12/20, 19:12:31.816, 3518415081279, vstest.console.dll, DotnetTestHostmanager: Adding  --depsfile "C:\Projetos - .NET\API\WebAPI\Projects\WebAPIMedGrupo\UnitTestMed\bin\Debug\net6.0\fine-code-coverage\build-output\UnitTestMed.deps.json" in args
TpTrace Verbose: 0 : 23096, 7, 2022/12/20, 19:12:31.817, 3518415083941, vstest.console.dll, DotnetTestHostmanager.IsWinOnArm: Current PROCESSOR_ARCHITECTURE from environment variable 'AMD64'
TpTrace Verbose: 0 : 23096, 7, 2022/12/20, 19:12:31.817, 3518415084748, vstest.console.dll, DotnetTestHostmanager.IsWinOnArm: Is Windows on ARM 'False'
TpTrace Verbose: 0 : 23096, 7, 2022/12/20, 19:12:31.817, 3518415085716, vstest.console.dll, DotnetTestHostManager: testhost.exe found at path: C:\Projetos - .NET\API\WebAPI\Projects\WebAPIMedGrupo\UnitTestMed\bin\Debug\net6.0\fine-code-coverage\build-output\testhost.exe
TpTrace Verbose: 0 : 23096, 7, 2022/12/20, 19:12:31.817, 3518415086274, vstest.console.dll, DotnetTestHostmanager: Full path of host exe is C:\Projetos - .NET\API\WebAPI\Projects\WebAPIMedGrupo\UnitTestMed\bin\Debug\net6.0\fine-code-coverage\build-output\testhost.exe
TpTrace Verbose: 0 : 23096, 7, 2022/12/20, 19:12:31.817, 3518415088313, vstest.console.dll, DotnetTestHostmanager.LaunchTestHostAsync: Found 'VSTEST_WINAPPHOST_DOTNET_ROOT' in env variables, value 'C:\Program Files\dotnet', forwarding to 'DOTNET_ROOT'
TpTrace Verbose: 0 : 23096, 7, 2022/12/20, 19:12:31.817, 3518415090933, vstest.console.dll, DotnetTestHostManager: Starting process 'C:\Projetos - .NET\API\WebAPI\Projects\WebAPIMedGrupo\UnitTestMed\bin\Debug\net6.0\fine-code-coverage\build-output\testhost.exe' with command line ' --runtimeconfig "C:\Projetos - .NET\API\WebAPI\Projects\WebAPIMedGrupo\UnitTestMed\bin\Debug\net6.0\fine-code-coverage\build-output\UnitTestMed.runtimeconfig.json" --depsfile "C:\Projetos - .NET\API\WebAPI\Projects\WebAPIMedGrupo\UnitTestMed\bin\Debug\net6.0\fine-code-coverage\build-output\UnitTestMed.deps.json" --port 56847 --endpoint 127.0.0.1:056847 --role client --parentprocessid 23096 --diag "C:\Projetos - .NET\API\WebAPI\Projects\WebAPIMedGrupo\UnitTestMed\bin\Debug\net6.0\fine-code-coverage\coverage-tool-output\diagnostics.host.22-12-20_19-12-31_81559_7.log" --tracelevel 4 --datacollectionport 56846 --telemetryoptedin false'
TpTrace Verbose: 0 : 23096, 7, 2022/12/20, 19:12:31.829, 3518415209233, vstest.console.dll, MulticastDelegateUtilities.SafeInvoke: HostProviderEvents.OnHostLaunched: Invoking callback 1/2 for Microsoft.VisualStudio.TestPlatform.CrossPlatEngine.Client.ProxyExecutionManagerWithDataCollection., took 3 ms.
TpTrace Verbose: 0 : 23096, 7, 2022/12/20, 19:12:31.830, 3518415215870, vstest.console.dll, Test Runtime launched
TpTrace Verbose: 0 : 23096, 7, 2022/12/20, 19:12:31.830, 3518415217820, vstest.console.dll, MulticastDelegateUtilities.SafeInvoke: HostProviderEvents.OnHostLaunched: Invoking callback 2/2 for Microsoft.VisualStudio.TestPlatform.CrossPlatEngine.Client.ProxyOperationManager., took 0 ms.
TpTrace Verbose: 0 : 23096, 7, 2022/12/20, 19:12:31.830, 3518415220555, vstest.console.dll, TestRequestSender.WaitForRequestHandlerConnection: waiting for connection with timeout: 90000.
TpTrace Verbose: 0 : 23096, 7, 2022/12/20, 19:12:32.079, 3518417710663, vstest.console.dll, TestRequestSender.WaitForRequestHandlerConnection: waiting took 248 ms, with timeout 90000 ms, and result 0, which is success.
TpTrace Verbose: 0 : 23096, 12, 2022/12/20, 19:12:32.079, 3518417710662, vstest.console.dll, MulticastDelegateUtilities.SafeInvoke: SocketServer: ClientConnected: Invoking callback 1/1 for Microsoft.VisualStudio.TestPlatform.CommunicationUtilities.TestRequestSender., took 0 ms.
TpTrace Verbose: 0 : 23096, 12, 2022/12/20, 19:12:32.080, 3518417713545, vstest.console.dll, SocketServer.OnClientConnected: Client connected for endPoint: 127.0.0.1:56847, starting MessageLoopAsync:
TpTrace Verbose: 0 : 23096, 13, 2022/12/20, 19:12:32.080, 3518417717653, vstest.console.dll, TcpClientExtensions.MessageLoopAsync: Polling on remoteEndPoint: 127.0.0.1:56848 localEndPoint: 127.0.0.1:56847
TpTrace Verbose: 0 : 23096, 7, 2022/12/20, 19:12:32.081, 3518417725244, vstest.console.dll, TestRequestSender.CheckVersionWithTestHost: Sending check version message: {"MessageType":"ProtocolVersion","Payload":7}
TpTrace Verbose: 0 : 23096, 13, 2022/12/20, 19:12:32.271, 3518419632223, vstest.console.dll, TcpClientExtensions.MessageLoopAsync: NotifyDataAvailable remoteEndPoint: 127.0.0.1:56848 localEndPoint: 127.0.0.1:56847
TpTrace Verbose: 0 : 23096, 13, 2022/12/20, 19:12:32.272, 3518419635060, vstest.console.dll, TestRequestSender.CheckVersionWithTestHost: onMessageReceived received message: (ProtocolVersion) -> {"MessageType":"ProtocolVersion","Payload":7}
TpTrace Verbose: 0 : 23096, 13, 2022/12/20, 19:12:32.273, 3518419643709, vstest.console.dll, MulticastDelegateUtilities.SafeInvoke: LengthPrefixCommunicationChannel: MessageReceived: Invoking callback 1/1 for Microsoft.VisualStudio.TestPlatform.CommunicationUtilities.TestRequestSender+<>c__DisplayClass26_0., took 0 ms.
TpTrace Verbose: 0 : 23096, 13, 2022/12/20, 19:12:32.273, 3518419645176, vstest.console.dll, TcpClientExtensions.MessageLoopAsync: Polling on remoteEndPoint: 127.0.0.1:56848 localEndPoint: 127.0.0.1:56847
TpTrace Verbose: 0 : 23096, 7, 2022/12/20, 19:12:32.273, 3518419646161, vstest.console.dll, TestPluginCache.GetExtensionPaths: Filtered extension paths: 
TpTrace Verbose: 0 : 23096, 7, 2022/12/20, 19:12:32.273, 3518419647365, vstest.console.dll, TestPluginCache.GetExtensionPaths: Added default extension paths: C:\Program Files\dotnet\sdk\7.0.100\Extensions\Microsoft.Diagnostics.NETCore.Client.dll
C:\Program Files\dotnet\sdk\7.0.100\Extensions\Microsoft.TestPlatform.Extensions.BlameDataCollector.dll
C:\Program Files\dotnet\sdk\7.0.100\Extensions\Microsoft.TestPlatform.Extensions.EventLogCollector.dll
C:\Program Files\dotnet\sdk\7.0.100\Extensions\Microsoft.TestPlatform.TestHostRuntimeProvider.dll
C:\Program Files\dotnet\sdk\7.0.100\Extensions\Microsoft.VisualStudio.TestPlatform.Extensions.Html.TestLogger.dll
C:\Program Files\dotnet\sdk\7.0.100\Extensions\Microsoft.VisualStudio.TestPlatform.Extensions.Trx.TestLogger.dll
TpTrace Verbose: 0 : 23096, 7, 2022/12/20, 19:12:32.273, 3518419647879, vstest.console.dll, TestPluginCache.GetExtensionPaths: Added unfilterableExtensionPaths: 
TpTrace Verbose: 0 : 23096, 7, 2022/12/20, 19:12:32.277, 3518419686192, vstest.console.dll, TestRequestSender.InitializeExecution: Sending initialize execution with message: {"Version":7,"MessageType":"TestExecution.Initialize","Payload":["C:\\Projetos - .NET\\API\\WebAPI\\Projects\\WebAPIMedGrupo\\UnitTestMed\\bin\\Debug\\net6.0\\fine-code-coverage\\build-output\\xunit.runner.visualstudio.dotnetcore.testadapter.dll"]}
TpTrace Warning: 0 : 23096, 7, 2022/12/20, 19:12:32.277, 3518419691963, vstest.console.dll, InferRunSettingsHelper.MakeRunsettingsCompatible: Removing the following settings: TargetPlatform from RunSettings file. To use those settings please move to latest version of Microsoft.NET.Test.Sdk
TpTrace Verbose: 0 : 23096, 13, 2022/12/20, 19:12:32.281, 3518419724466, vstest.console.dll, TcpClientExtensions.MessageLoopAsync: NotifyDataAvailable remoteEndPoint: 127.0.0.1:56848 localEndPoint: 127.0.0.1:56847
TpTrace Verbose: 0 : 23096, 13, 2022/12/20, 19:12:32.281, 3518419729094, vstest.console.dll, TestRequestSender.OnExecutionMessageReceived: Received message: {"Version":7,"MessageType":"TestSession.Message","Payload":{"MessageLevel":0,"Message":"Registro em log do diagnóstico TestHost no arquivo: C:\\Projetos - .NET\\API\\WebAPI\\Projects\\WebAPIMedGrupo\\UnitTestMed\\bin\\Debug\\net6.0\\fine-code-coverage\\coverage-tool-output\\diagnostics.host.22-12-20_19-12-31_81559_7.log"}}
TpTrace Verbose: 0 : 23096, 13, 2022/12/20, 19:12:32.293, 3518419851693, vstest.console.dll, TestRunRequest:SendTestRunMessage: Starting.
TpTrace Verbose: 0 : 23096, 13, 2022/12/20, 19:12:32.294, 3518419854329, vstest.console.dll, MulticastDelegateUtilities.SafeInvoke: TestRun.LogMessages: Invoking callback 1/1 for Microsoft.VisualStudio.TestPlatform.CommandLine.TestRunResultAggregator., took 0 ms.
TpTrace Information: 0 : 23096, 13, 2022/12/20, 19:12:32.294, 3518419855066, vstest.console.dll, TestRunRequest:SendTestRunMessage: Completed.
TpTrace Verbose: 0 : 23096, 4, 2022/12/20, 19:12:32.294, 3518419855182, vstest.console.dll, MulticastDelegateUtilities.SafeInvoke: InternalTestLoggerEvents.SendTestRunMessage: Invoking callback 1/1 for Microsoft.VisualStudio.TestPlatform.CommandLine.Internal.ConsoleLogger., took 0 ms.
TpTrace Verbose: 0 : 23096, 13, 2022/12/20, 19:12:32.294, 3518419856507, vstest.console.dll, MulticastDelegateUtilities.SafeInvoke: LengthPrefixCommunicationChannel: MessageReceived: Invoking callback 1/1 for Microsoft.VisualStudio.TestPlatform.CommunicationUtilities.TestRequestSender+<>c__DisplayClass31_0., took 12 ms.
TpTrace Verbose: 0 : 23096, 13, 2022/12/20, 19:12:32.294, 3518419857158, vstest.console.dll, TcpClientExtensions.MessageLoopAsync: Polling on remoteEndPoint: 127.0.0.1:56848 localEndPoint: 127.0.0.1:56847
TpTrace Verbose: 0 : 23096, 7, 2022/12/20, 19:12:32.296, 3518419879861, vstest.console.dll, TestRequestSender.StartTestRun: Sending test run with message: {"Version":7,"MessageType":"TestExecution.StartWithSources","Payload":{"AdapterSourceMap":{"_none_":["C:\\Projetos - .NET\\API\\WebAPI\\Projects\\WebAPIMedGrupo\\UnitTestMed\\bin\\Debug\\net6.0\\fine-code-coverage\\build-output\\UnitTestMed.dll"]},"RunSettings":"<RunSettings>\r\n  <RunConfiguration>\r\n    <ResultsDirectory>C:\\Projetos - .NET\\API\\WebAPI\\Projects\\WebAPIMedGrupo\\UnitTestMed\\bin\\Debug\\net6.0\\fine-code-coverage\\coverage-tool-output</ResultsDirectory>\r\n    <TargetFrameworkVersion>.NETCoreApp,Version=v6.0</TargetFrameworkVersion>\r\n    <DesignMode>False</DesignMode>\r\n    <CollectSourceInformation>False</CollectSourceInformation>\r\n  </RunConfiguration>\r\n  <LoggerRunSettings>\r\n    <Loggers>\r\n      <Logger friendlyName=\"blame\" enabled=\"True\" />\r\n      <Logger friendlyName=\"Console\" uri=\"logger://microsoft/TestPlatform/ConsoleLogger/v1\" assemblyQualifiedName=\"Microsoft.VisualStudio.TestPlatform.CommandLine.Internal.ConsoleLogger, vstest.console, Version=15.0.0.0, Culture=neutral, PublicKeyToken=b03f5f7f11d50a3a\" codeBase=\"C:\\Program Files\\dotnet\\sdk\\7.0.100\\vstest.console.dll\" enabled=\"True\" />\r\n    </Loggers>\r\n  </LoggerRunSettings>\r\n  <DataCollectionRunSettings>\r\n    <DataCollectors>\r\n      <DataCollector friendlyName=\"blame\" enabled=\"True\">\r\n        <Configuration>\r\n          <ResultsDirectory>C:\\Projetos - .NET\\API\\WebAPI\\Projects\\WebAPIMedGrupo\\UnitTestMed\\bin\\Debug\\net6.0\\fine-code-coverage\\coverage-tool-output</ResultsDirectory>\r\n        </Configuration>\r\n      </DataCollector>\r\n    </DataCollectors>\r\n  </DataCollectionRunSettings>\r\n</RunSettings>","TestExecutionContext":{"FrequencyOfRunStatsChangeEvent":10,"RunStatsChangeEventTimeout":"00:00:01.5000000","InIsolation":false,"KeepAlive":false,"AreTestCaseLevelEventsRequired":false,"IsDebug":false,"TestCaseFilter":null,"FilterOptions":null},"Package":null}}
TpTrace Verbose: 0 : 23096, 13, 2022/12/20, 19:12:32.503, 3518421950969, vstest.console.dll, TcpClientExtensions.MessageLoopAsync: NotifyDataAvailable remoteEndPoint: 127.0.0.1:56848 localEndPoint: 127.0.0.1:56847
TpTrace Verbose: 0 : 23096, 13, 2022/12/20, 19:12:32.504, 3518421953498, vstest.console.dll, TestRequestSender.OnExecutionMessageReceived: Received message: {"Version":7,"MessageType":"TestSession.Message","Payload":{"MessageLevel":0,"Message":"[xUnit.net 00:00:00.00] xUnit.net VSTest Adapter v2.4.5+1caef2f33e (64-bit .NET 6.0.11)"}}
TpTrace Verbose: 0 : 23096, 13, 2022/12/20, 19:12:32.504, 3518421957450, vstest.console.dll, TestRunRequest:SendTestRunMessage: Starting.
TpTrace Verbose: 0 : 23096, 13, 2022/12/20, 19:12:32.504, 3518421958649, vstest.console.dll, MulticastDelegateUtilities.SafeInvoke: TestRun.LogMessages: Invoking callback 1/1 for Microsoft.VisualStudio.TestPlatform.CommandLine.TestRunResultAggregator., took 0 ms.
TpTrace Verbose: 0 : 23096, 4, 2022/12/20, 19:12:32.504, 3518421958793, vstest.console.dll, MulticastDelegateUtilities.SafeInvoke: InternalTestLoggerEvents.SendTestRunMessage: Invoking callback 1/1 for Microsoft.VisualStudio.TestPlatform.CommandLine.Internal.ConsoleLogger., took 0 ms.
TpTrace Information: 0 : 23096, 13, 2022/12/20, 19:12:32.504, 3518421959599, vstest.console.dll, TestRunRequest:SendTestRunMessage: Completed.
TpTrace Verbose: 0 : 23096, 13, 2022/12/20, 19:12:32.504, 3518421960063, vstest.console.dll, MulticastDelegateUtilities.SafeInvoke: LengthPrefixCommunicationChannel: MessageReceived: Invoking callback 1/1 for Microsoft.VisualStudio.TestPlatform.CommunicationUtilities.TestRequestSender+<>c__DisplayClass31_0., took 0 ms.
TpTrace Verbose: 0 : 23096, 13, 2022/12/20, 19:12:32.504, 3518421960448, vstest.console.dll, TcpClientExtensions.MessageLoopAsync: Polling on remoteEndPoint: 127.0.0.1:56848 localEndPoint: 127.0.0.1:56847
TpTrace Verbose: 0 : 23096, 13, 2022/12/20, 19:12:33.510, 3518432019006, vstest.console.dll, TcpClientExtensions.MessageLoopAsync: Polling on remoteEndPoint: 127.0.0.1:56848 localEndPoint: 127.0.0.1:56847
TpTrace Verbose: 0 : 23096, 13, 2022/12/20, 19:12:34.514, 3518442062846, vstest.console.dll, TcpClientExtensions.MessageLoopAsync: Polling on remoteEndPoint: 127.0.0.1:56848 localEndPoint: 127.0.0.1:56847
TpTrace Verbose: 0 : 23096, 13, 2022/12/20, 19:12:35.524, 3518452161577, vstest.console.dll, TcpClientExtensions.MessageLoopAsync: Polling on remoteEndPoint: 127.0.0.1:56848 localEndPoint: 127.0.0.1:56847
TpTrace Verbose: 0 : 23096, 13, 2022/12/20, 19:12:35.717, 3518454091667, vstest.console.dll, TcpClientExtensions.MessageLoopAsync: NotifyDataAvailable remoteEndPoint: 127.0.0.1:56848 localEndPoint: 127.0.0.1:56847
TpTrace Verbose: 0 : 23096, 13, 2022/12/20, 19:12:35.718, 3518454093928, vstest.console.dll, TestRequestSender.OnExecutionMessageReceived: Received message: {"Version":7,"MessageType":"TestSession.Message","Payload":{"MessageLevel":0,"Message":"[xUnit.net 00:00:03.22]   Discovering: UnitTestMed"}}
TpTrace Verbose: 0 : 23096, 13, 2022/12/20, 19:12:35.718, 3518454096457, vstest.console.dll, TestRunRequest:SendTestRunMessage: Starting.
TpTrace Verbose: 0 : 23096, 13, 2022/12/20, 19:12:35.718, 3518454097831, vstest.console.dll, MulticastDelegateUtilities.SafeInvoke: TestRun.LogMessages: Invoking callback 1/1 for Microsoft.VisualStudio.TestPlatform.CommandLine.TestRunResultAggregator., took 0 ms.
TpTrace Information: 0 : 23096, 13, 2022/12/20, 19:12:35.718, 3518454098323, vstest.console.dll, TestRunRequest:SendTestRunMessage: Completed.
TpTrace Verbose: 0 : 23096, 13, 2022/12/20, 19:12:35.718, 3518454098834, vstest.console.dll, MulticastDelegateUtilities.SafeInvoke: LengthPrefixCommunicationChannel: MessageReceived: Invoking callback 1/1 for Microsoft.VisualStudio.TestPlatform.CommunicationUtilities.TestRequestSender+<>c__DisplayClass31_0., took 0 ms.
TpTrace Verbose: 0 : 23096, 13, 2022/12/20, 19:12:35.718, 3518454099283, vstest.console.dll, TcpClientExtensions.MessageLoopAsync: Polling on remoteEndPoint: 127.0.0.1:56848 localEndPoint: 127.0.0.1:56847
TpTrace Verbose: 0 : 23096, 4, 2022/12/20, 19:12:35.718, 3518454101308, vstest.console.dll, MulticastDelegateUtilities.SafeInvoke: InternalTestLoggerEvents.SendTestRunMessage: Invoking callback 1/1 for Microsoft.VisualStudio.TestPlatform.CommandLine.Internal.ConsoleLogger., took 0 ms.
TpTrace Verbose: 0 : 23096, 13, 2022/12/20, 19:12:35.777, 3518454693027, vstest.console.dll, TcpClientExtensions.MessageLoopAsync: NotifyDataAvailable remoteEndPoint: 127.0.0.1:56848 localEndPoint: 127.0.0.1:56847
TpTrace Verbose: 0 : 23096, 13, 2022/12/20, 19:12:35.778, 3518454694863, vstest.console.dll, TestRequestSender.OnExecutionMessageReceived: Received message: {"Version":7,"MessageType":"TestSession.Message","Payload":{"MessageLevel":0,"Message":"[xUnit.net 00:00:03.28]   Discovered:  UnitTestMed"}}
TpTrace Verbose: 0 : 23096, 13, 2022/12/20, 19:12:35.778, 3518454696258, vstest.console.dll, TestRunRequest:SendTestRunMessage: Starting.
TpTrace Verbose: 0 : 23096, 13, 2022/12/20, 19:12:35.778, 3518454696879, vstest.console.dll, MulticastDelegateUtilities.SafeInvoke: TestRun.LogMessages: Invoking callback 1/1 for Microsoft.VisualStudio.TestPlatform.CommandLine.TestRunResultAggregator., took 0 ms.
TpTrace Information: 0 : 23096, 13, 2022/12/20, 19:12:35.778, 3518454697169, vstest.console.dll, TestRunRequest:SendTestRunMessage: Completed.
TpTrace Verbose: 0 : 23096, 13, 2022/12/20, 19:12:35.778, 3518454697428, vstest.console.dll, MulticastDelegateUtilities.SafeInvoke: LengthPrefixCommunicationChannel: MessageReceived: Invoking callback 1/1 for Microsoft.VisualStudio.TestPlatform.CommunicationUtilities.TestRequestSender+<>c__DisplayClass31_0., took 0 ms.
TpTrace Verbose: 0 : 23096, 4, 2022/12/20, 19:12:35.778, 3518454697555, vstest.console.dll, MulticastDelegateUtilities.SafeInvoke: InternalTestLoggerEvents.SendTestRunMessage: Invoking callback 1/1 for Microsoft.VisualStudio.TestPlatform.CommandLine.Internal.ConsoleLogger., took 0 ms.
TpTrace Verbose: 0 : 23096, 13, 2022/12/20, 19:12:35.778, 3518454697708, vstest.console.dll, TcpClientExtensions.MessageLoopAsync: Polling on remoteEndPoint: 127.0.0.1:56848 localEndPoint: 127.0.0.1:56847
TpTrace Verbose: 0 : 23096, 13, 2022/12/20, 19:12:35.780, 3518454722065, vstest.console.dll, TcpClientExtensions.MessageLoopAsync: NotifyDataAvailable remoteEndPoint: 127.0.0.1:56848 localEndPoint: 127.0.0.1:56847
TpTrace Verbose: 0 : 23096, 13, 2022/12/20, 19:12:35.780, 3518454722926, vstest.console.dll, TestRequestSender.OnExecutionMessageReceived: Received message: {"Version":7,"MessageType":"TestSession.Message","Payload":{"MessageLevel":0,"Message":"[xUnit.net 00:00:03.28]   Starting:    UnitTestMed"}}
TpTrace Verbose: 0 : 23096, 13, 2022/12/20, 19:12:35.781, 3518454723692, vstest.console.dll, TestRunRequest:SendTestRunMessage: Starting.
TpTrace Verbose: 0 : 23096, 13, 2022/12/20, 19:12:35.781, 3518454724091, vstest.console.dll, MulticastDelegateUtilities.SafeInvoke: TestRun.LogMessages: Invoking callback 1/1 for Microsoft.VisualStudio.TestPlatform.CommandLine.TestRunResultAggregator., took 0 ms.
TpTrace Information: 0 : 23096, 13, 2022/12/20, 19:12:35.781, 3518454724328, vstest.console.dll, TestRunRequest:SendTestRunMessage: Completed.
TpTrace Verbose: 0 : 23096, 13, 2022/12/20, 19:12:35.781, 3518454724563, vstest.console.dll, MulticastDelegateUtilities.SafeInvoke: LengthPrefixCommunicationChannel: MessageReceived: Invoking callback 1/1 for Microsoft.VisualStudio.TestPlatform.CommunicationUtilities.TestRequestSender+<>c__DisplayClass31_0., took 0 ms.
TpTrace Verbose: 0 : 23096, 13, 2022/12/20, 19:12:35.781, 3518454724822, vstest.console.dll, TcpClientExtensions.MessageLoopAsync: Polling on remoteEndPoint: 127.0.0.1:56848 localEndPoint: 127.0.0.1:56847
TpTrace Verbose: 0 : 23096, 4, 2022/12/20, 19:12:35.781, 3518454724844, vstest.console.dll, MulticastDelegateUtilities.SafeInvoke: InternalTestLoggerEvents.SendTestRunMessage: Invoking callback 1/1 for Microsoft.VisualStudio.TestPlatform.CommandLine.Internal.ConsoleLogger., took 0 ms.
TpTrace Verbose: 0 : 23096, 13, 2022/12/20, 19:12:35.888, 3518455801710, vstest.console.dll, TcpClientExtensions.MessageLoopAsync: NotifyDataAvailable remoteEndPoint: 127.0.0.1:56848 localEndPoint: 127.0.0.1:56847
TpTrace Verbose: 0 : 23096, 13, 2022/12/20, 19:12:35.889, 3518455808463, vstest.console.dll, TestRequestSender.OnExecutionMessageReceived: Received message: {"Version":7,"MessageType":"TestExecution.StatsChange","Payload":{"NewTestResults":[],"TestRunStatistics":{"ExecutedTests":0,"Stats":{}},"ActiveTests":[{"Id":"06d14410-cd22-a018-9e69-9b8b7ec17f63","FullyQualifiedName":"UnitTestMed.ContactControllerTest.CreateContact_ShouldReturnCreateContact","DisplayName":"UnitTestMed.ContactControllerTest.CreateContact_ShouldReturnCreateContact","ExecutorUri":"executor://xunit/VsTestRunner2/netcoreapp","Source":"C:\\Projetos - .NET\\API\\WebAPI\\Projects\\WebAPIMedGrupo\\UnitTestMed\\bin\\Debug\\net6.0\\fine-code-coverage\\build-output\\UnitTestMed.dll","CodeFilePath":null,"LineNumber":0,"Properties":[]}]}}
TpTrace Verbose: 0 : 23096, 13, 2022/12/20, 19:12:35.914, 3518456061868, vstest.console.dll, TestRunRequest:SendTestRunStatsChange: Starting.
TpTrace Verbose: 0 : 23096, 13, 2022/12/20, 19:12:35.915, 3518456064324, vstest.console.dll, InProgress is UnitTestMed.ContactControllerTest.CreateContact_ShouldReturnCreateContact
TpTrace Verbose: 0 : 23096, 13, 2022/12/20, 19:12:35.915, 3518456065481, vstest.console.dll, MulticastDelegateUtilities.SafeInvoke: TestRun.RunStatsChanged: Invoking callbacks was skipped because there are no subscribers.
TpTrace Information: 0 : 23096, 13, 2022/12/20, 19:12:35.915, 3518456065781, vstest.console.dll, TestRunRequest:SendTestRunStatsChange: Completed.
TpTrace Verbose: 0 : 23096, 13, 2022/12/20, 19:12:35.915, 3518456066086, vstest.console.dll, MulticastDelegateUtilities.SafeInvoke: LengthPrefixCommunicationChannel: MessageReceived: Invoking callback 1/1 for Microsoft.VisualStudio.TestPlatform.CommunicationUtilities.TestRequestSender+<>c__DisplayClass31_0., took 25 ms.
TpTrace Verbose: 0 : 23096, 13, 2022/12/20, 19:12:35.915, 3518456066401, vstest.console.dll, TcpClientExtensions.MessageLoopAsync: Polling on remoteEndPoint: 127.0.0.1:56848 localEndPoint: 127.0.0.1:56847
TpTrace Verbose: 0 : 23096, 13, 2022/12/20, 19:12:36.319, 3518460103347, vstest.console.dll, TcpClientExtensions.MessageLoopAsync: NotifyDataAvailable remoteEndPoint: 127.0.0.1:56848 localEndPoint: 127.0.0.1:56847
TpTrace Verbose: 0 : 23096, 13, 2022/12/20, 19:12:36.319, 3518460105740, vstest.console.dll, TestRequestSender.OnExecutionMessageReceived: Received message: {"Version":7,"MessageType":"TestSession.Message","Payload":{"MessageLevel":2,"Message":"[xUnit.net 00:00:03.82]     UnitTestMed.ContactControllerTest.CreateContact_ShouldReturnCreateContact [FAIL]"}}
TpTrace Verbose: 0 : 23096, 13, 2022/12/20, 19:12:36.319, 3518460107422, vstest.console.dll, TestRunRequest:SendTestRunMessage: Starting.
TpTrace Verbose: 0 : 23096, 13, 2022/12/20, 19:12:36.319, 3518460108140, vstest.console.dll, MulticastDelegateUtilities.SafeInvoke: TestRun.LogMessages: Invoking callback 1/1 for Microsoft.VisualStudio.TestPlatform.CommandLine.TestRunResultAggregator., took 0 ms.
TpTrace Information: 0 : 23096, 13, 2022/12/20, 19:12:36.319, 3518460108573, vstest.console.dll, TestRunRequest:SendTestRunMessage: Completed.
TpTrace Verbose: 0 : 23096, 13, 2022/12/20, 19:12:36.319, 3518460108987, vstest.console.dll, MulticastDelegateUtilities.SafeInvoke: LengthPrefixCommunicationChannel: MessageReceived: Invoking callback 1/1 for Microsoft.VisualStudio.TestPlatform.CommunicationUtilities.TestRequestSender+<>c__DisplayClass31_0., took 0 ms.
TpTrace Verbose: 0 : 23096, 13, 2022/12/20, 19:12:36.319, 3518460109439, vstest.console.dll, TcpClientExtensions.MessageLoopAsync: Polling on remoteEndPoint: 127.0.0.1:56848 localEndPoint: 127.0.0.1:56847
TpTrace Verbose: 0 : 23096, 4, 2022/12/20, 19:12:36.319, 3518460111283, vstest.console.dll, MulticastDelegateUtilities.SafeInvoke: InternalTestLoggerEvents.SendTestRunMessage: Invoking callback 1/1 for Microsoft.VisualStudio.TestPlatform.CommandLine.Internal.ConsoleLogger., took 0 ms.
TpTrace Verbose: 0 : 23096, 13, 2022/12/20, 19:12:36.320, 3518460119469, vstest.console.dll, TcpClientExtensions.MessageLoopAsync: NotifyDataAvailable remoteEndPoint: 127.0.0.1:56848 localEndPoint: 127.0.0.1:56847
TpTrace Verbose: 0 : 23096, 13, 2022/12/20, 19:12:36.320, 3518460121239, vstest.console.dll, TestRequestSender.OnExecutionMessageReceived: Received message: {"Version":7,"MessageType":"TestSession.Message","Payload":{"MessageLevel":0,"Message":"[xUnit.net 00:00:03.82]       Expected result.Result to be MedGrupo.Business.ViewModel.ContactViewModel"}}
TpTrace Verbose: 0 : 23096, 13, 2022/12/20, 19:12:36.320, 3518460122767, vstest.console.dll, TestRunRequest:SendTestRunMessage: Starting.
TpTrace Verbose: 0 : 23096, 13, 2022/12/20, 19:12:36.321, 3518460123476, vstest.console.dll, MulticastDelegateUtilities.SafeInvoke: TestRun.LogMessages: Invoking callback 1/1 for Microsoft.VisualStudio.TestPlatform.CommandLine.TestRunResultAggregator., took 0 ms.
TpTrace Information: 0 : 23096, 13, 2022/12/20, 19:12:36.321, 3518460123910, vstest.console.dll, TestRunRequest:SendTestRunMessage: Completed.
TpTrace Verbose: 0 : 23096, 13, 2022/12/20, 19:12:36.321, 3518460124306, vstest.console.dll, MulticastDelegateUtilities.SafeInvoke: LengthPrefixCommunicationChannel: MessageReceived: Invoking callback 1/1 for Microsoft.VisualStudio.TestPlatform.CommunicationUtilities.TestRequestSender+<>c__DisplayClass31_0., took 0 ms.
TpTrace Verbose: 0 : 23096, 4, 2022/12/20, 19:12:36.321, 3518460124619, vstest.console.dll, MulticastDelegateUtilities.SafeInvoke: InternalTestLoggerEvents.SendTestRunMessage: Invoking callback 1/1 for Microsoft.VisualStudio.TestPlatform.CommandLine.Internal.ConsoleLogger., took 0 ms.
TpTrace Verbose: 0 : 23096, 13, 2022/12/20, 19:12:36.321, 3518460125336, vstest.console.dll, TcpClientExtensions.MessageLoopAsync: Polling on remoteEndPoint: 127.0.0.1:56848 localEndPoint: 127.0.0.1:56847
TpTrace Verbose: 0 : 23096, 13, 2022/12/20, 19:12:36.321, 3518460126544, vstest.console.dll, TcpClientExtensions.MessageLoopAsync: NotifyDataAvailable remoteEndPoint: 127.0.0.1:56848 localEndPoint: 127.0.0.1:56847
TpTrace Verbose: 0 : 23096, 13, 2022/12/20, 19:12:36.321, 3518460127310, vstest.console.dll, TestRequestSender.OnExecutionMessageReceived: Received message: {"Version":7,"MessageType":"TestSession.Message","Payload":{"MessageLevel":0,"Message":"[xUnit.net 00:00:03.82]       {"}}
TpTrace Verbose: 0 : 23096, 13, 2022/12/20, 19:12:36.321, 3518460128519, vstest.console.dll, TestRunRequest:SendTestRunMessage: Starting.
TpTrace Verbose: 0 : 23096, 13, 2022/12/20, 19:12:36.321, 3518460129147, vstest.console.dll, MulticastDelegateUtilities.SafeInvoke: TestRun.LogMessages: Invoking callback 1/1 for Microsoft.VisualStudio.TestPlatform.CommandLine.TestRunResultAggregator., took 0 ms.
TpTrace Information: 0 : 23096, 13, 2022/12/20, 19:12:36.321, 3518460129425, vstest.console.dll, TestRunRequest:SendTestRunMessage: Completed.
TpTrace Verbose: 0 : 23096, 4, 2022/12/20, 19:12:36.321, 3518460129461, vstest.console.dll, MulticastDelegateUtilities.SafeInvoke: InternalTestLoggerEvents.SendTestRunMessage: Invoking callback 1/1 for Microsoft.VisualStudio.TestPlatform.CommandLine.Internal.ConsoleLogger., took 0 ms.
TpTrace Verbose: 0 : 23096, 13, 2022/12/20, 19:12:36.321, 3518460129763, vstest.console.dll, MulticastDelegateUtilities.SafeInvoke: LengthPrefixCommunicationChannel: MessageReceived: Invoking callback 1/1 for Microsoft.VisualStudio.TestPlatform.CommunicationUtilities.TestRequestSender+<>c__DisplayClass31_0., took 0 ms.
TpTrace Verbose: 0 : 23096, 13, 2022/12/20, 19:12:36.321, 3518460130960, vstest.console.dll, TcpClientExtensions.MessageLoopAsync: Polling on remoteEndPoint: 127.0.0.1:56848 localEndPoint: 127.0.0.1:56847
TpTrace Verbose: 0 : 23096, 13, 2022/12/20, 19:12:36.321, 3518460131623, vstest.console.dll, TcpClientExtensions.MessageLoopAsync: NotifyDataAvailable remoteEndPoint: 127.0.0.1:56848 localEndPoint: 127.0.0.1:56847
TpTrace Verbose: 0 : 23096, 13, 2022/12/20, 19:12:36.321, 3518460132243, vstest.console.dll, TestRequestSender.OnExecutionMessageReceived: Received message: {"Version":7,"MessageType":"TestSession.Message","Payload":{"MessageLevel":0,"Message":"[xUnit.net 00:00:03.82]           Age = 0, "}}
TpTrace Verbose: 0 : 23096, 13, 2022/12/20, 19:12:36.321, 3518460133051, vstest.console.dll, TestRunRequest:SendTestRunMessage: Starting.
TpTrace Verbose: 0 : 23096, 13, 2022/12/20, 19:12:36.322, 3518460133512, vstest.console.dll, MulticastDelegateUtilities.SafeInvoke: TestRun.LogMessages: Invoking callback 1/1 for Microsoft.VisualStudio.TestPlatform.CommandLine.TestRunResultAggregator., took 0 ms.
TpTrace Information: 0 : 23096, 13, 2022/12/20, 19:12:36.322, 3518460133777, vstest.console.dll, TestRunRequest:SendTestRunMessage: Completed.
TpTrace Verbose: 0 : 23096, 4, 2022/12/20, 19:12:36.322, 3518460133941, vstest.console.dll, MulticastDelegateUtilities.SafeInvoke: InternalTestLoggerEvents.SendTestRunMessage: Invoking callback 1/1 for Microsoft.VisualStudio.TestPlatform.CommandLine.Internal.ConsoleLogger., took 0 ms.
TpTrace Verbose: 0 : 23096, 13, 2022/12/20, 19:12:36.322, 3518460134033, vstest.console.dll, MulticastDelegateUtilities.SafeInvoke: LengthPrefixCommunicationChannel: MessageReceived: Invoking callback 1/1 for Microsoft.VisualStudio.TestPlatform.CommunicationUtilities.TestRequestSender+<>c__DisplayClass31_0., took 0 ms.
TpTrace Verbose: 0 : 23096, 13, 2022/12/20, 19:12:36.322, 3518460135200, vstest.console.dll, TcpClientExtensions.MessageLoopAsync: Polling on remoteEndPoint: 127.0.0.1:56848 localEndPoint: 127.0.0.1:56847
TpTrace Verbose: 0 : 23096, 13, 2022/12/20, 19:12:36.322, 3518460135580, vstest.console.dll, TcpClientExtensions.MessageLoopAsync: NotifyDataAvailable remoteEndPoint: 127.0.0.1:56848 localEndPoint: 127.0.0.1:56847
TpTrace Verbose: 0 : 23096, 13, 2022/12/20, 19:12:36.322, 3518460136022, vstest.console.dll, TestRequestSender.OnExecutionMessageReceived: Received message: {"Version":7,"MessageType":"TestSession.Message","Payload":{"MessageLevel":0,"Message":"[xUnit.net 00:00:03.82]           Birthdate = <1999-06-16>, "}}
TpTrace Verbose: 0 : 23096, 13, 2022/12/20, 19:12:36.322, 3518460136550, vstest.console.dll, TestRunRequest:SendTestRunMessage: Starting.
TpTrace Verbose: 0 : 23096, 13, 2022/12/20, 19:12:36.322, 3518460136903, vstest.console.dll, MulticastDelegateUtilities.SafeInvoke: TestRun.LogMessages: Invoking callback 1/1 for Microsoft.VisualStudio.TestPlatform.CommandLine.TestRunResultAggregator., took 0 ms.
TpTrace Information: 0 : 23096, 13, 2022/12/20, 19:12:36.322, 3518460137158, vstest.console.dll, TestRunRequest:SendTestRunMessage: Completed.
TpTrace Verbose: 0 : 23096, 4, 2022/12/20, 19:12:36.322, 3518460137244, vstest.console.dll, MulticastDelegateUtilities.SafeInvoke: InternalTestLoggerEvents.SendTestRunMessage: Invoking callback 1/1 for Microsoft.VisualStudio.TestPlatform.CommandLine.Internal.ConsoleLogger., took 0 ms.
TpTrace Verbose: 0 : 23096, 13, 2022/12/20, 19:12:36.322, 3518460137388, vstest.console.dll, MulticastDelegateUtilities.SafeInvoke: LengthPrefixCommunicationChannel: MessageReceived: Invoking callback 1/1 for Microsoft.VisualStudio.TestPlatform.CommunicationUtilities.TestRequestSender+<>c__DisplayClass31_0., took 0 ms.
TpTrace Verbose: 0 : 23096, 13, 2022/12/20, 19:12:36.322, 3518460138225, vstest.console.dll, TcpClientExtensions.MessageLoopAsync: Polling on remoteEndPoint: 127.0.0.1:56848 localEndPoint: 127.0.0.1:56847
TpTrace Verbose: 0 : 23096, 13, 2022/12/20, 19:12:36.322, 3518460138631, vstest.console.dll, TcpClientExtensions.MessageLoopAsync: NotifyDataAvailable remoteEndPoint: 127.0.0.1:56848 localEndPoint: 127.0.0.1:56847
TpTrace Verbose: 0 : 23096, 13, 2022/12/20, 19:12:36.322, 3518460139017, vstest.console.dll, TestRequestSender.OnExecutionMessageReceived: Received message: {"Version":7,"MessageType":"TestSession.Message","Payload":{"MessageLevel":0,"Message":"[xUnit.net 00:00:03.82]           Genre = Genre.Masculino {value: 1}, "}}
TpTrace Verbose: 0 : 23096, 13, 2022/12/20, 19:12:36.322, 3518460139518, vstest.console.dll, TestRunRequest:SendTestRunMessage: Starting.
TpTrace Verbose: 0 : 23096, 13, 2022/12/20, 19:12:36.322, 3518460139859, vstest.console.dll, MulticastDelegateUtilities.SafeInvoke: TestRun.LogMessages: Invoking callback 1/1 for Microsoft.VisualStudio.TestPlatform.CommandLine.TestRunResultAggregator., took 0 ms.
TpTrace Information: 0 : 23096, 13, 2022/12/20, 19:12:36.322, 3518460140105, vstest.console.dll, TestRunRequest:SendTestRunMessage: Completed.
TpTrace Verbose: 0 : 23096, 13, 2022/12/20, 19:12:36.322, 3518460140355, vstest.console.dll, MulticastDelegateUtilities.SafeInvoke: LengthPrefixCommunicationChannel: MessageReceived: Invoking callback 1/1 for Microsoft.VisualStudio.TestPlatform.CommunicationUtilities.TestRequestSender+<>c__DisplayClass31_0., took 0 ms.
TpTrace Verbose: 0 : 23096, 13, 2022/12/20, 19:12:36.322, 3518460140612, vstest.console.dll, TcpClientExtensions.MessageLoopAsync: Polling on remoteEndPoint: 127.0.0.1:56848 localEndPoint: 127.0.0.1:56847
TpTrace Verbose: 0 : 23096, 4, 2022/12/20, 19:12:36.322, 3518460140120, vstest.console.dll, MulticastDelegateUtilities.SafeInvoke: InternalTestLoggerEvents.SendTestRunMessage: Invoking callback 1/1 for Microsoft.VisualStudio.TestPlatform.CommandLine.Internal.ConsoleLogger., took 0 ms.
TpTrace Verbose: 0 : 23096, 13, 2022/12/20, 19:12:36.322, 3518460140949, vstest.console.dll, TcpClientExtensions.MessageLoopAsync: NotifyDataAvailable remoteEndPoint: 127.0.0.1:56848 localEndPoint: 127.0.0.1:56847
TpTrace Verbose: 0 : 23096, 13, 2022/12/20, 19:12:36.322, 3518460142389, vstest.console.dll, TestRequestSender.OnExecutionMessageReceived: Received message: {"Version":7,"MessageType":"TestSession.Message","Payload":{"MessageLevel":0,"Message":"[xUnit.net 00:00:03.82]           Id = {cda68e50-f5d5-4e2b-99d8-ff5fad9f41ee}, "}}
TpTrace Verbose: 0 : 23096, 13, 2022/12/20, 19:12:36.323, 3518460143477, vstest.console.dll, TestRunRequest:SendTestRunMessage: Starting.
TpTrace Verbose: 0 : 23096, 13, 2022/12/20, 19:12:36.323, 3518460144053, vstest.console.dll, MulticastDelegateUtilities.SafeInvoke: TestRun.LogMessages: Invoking callback 1/1 for Microsoft.VisualStudio.TestPlatform.CommandLine.TestRunResultAggregator., took 0 ms.
TpTrace Information: 0 : 23096, 13, 2022/12/20, 19:12:36.323, 3518460144504, vstest.console.dll, TestRunRequest:SendTestRunMessage: Completed.
TpTrace Verbose: 0 : 23096, 4, 2022/12/20, 19:12:36.323, 3518460144809, vstest.console.dll, MulticastDelegateUtilities.SafeInvoke: InternalTestLoggerEvents.SendTestRunMessage: Invoking callback 1/1 for Microsoft.VisualStudio.TestPlatform.CommandLine.Internal.ConsoleLogger., took 0 ms.
TpTrace Verbose: 0 : 23096, 13, 2022/12/20, 19:12:36.323, 3518460144871, vstest.console.dll, MulticastDelegateUtilities.SafeInvoke: LengthPrefixCommunicationChannel: MessageReceived: Invoking callback 1/1 for Microsoft.VisualStudio.TestPlatform.CommunicationUtilities.TestRequestSender+<>c__DisplayClass31_0., took 0 ms.
TpTrace Verbose: 0 : 23096, 13, 2022/12/20, 19:12:36.323, 3518460145908, vstest.console.dll, TcpClientExtensions.MessageLoopAsync: Polling on remoteEndPoint: 127.0.0.1:56848 localEndPoint: 127.0.0.1:56847
TpTrace Verbose: 0 : 23096, 13, 2022/12/20, 19:12:36.323, 3518460146407, vstest.console.dll, TcpClientExtensions.MessageLoopAsync: NotifyDataAvailable remoteEndPoint: 127.0.0.1:56848 localEndPoint: 127.0.0.1:56847
TpTrace Verbose: 0 : 23096, 13, 2022/12/20, 19:12:36.323, 3518460146984, vstest.console.dll, TestRequestSender.OnExecutionMessageReceived: Received message: {"Version":7,"MessageType":"TestSession.Message","Payload":{"MessageLevel":0,"Message":"[xUnit.net 00:00:03.82]           IsActive = True, "}}
TpTrace Verbose: 0 : 23096, 13, 2022/12/20, 19:12:36.323, 3518460147794, vstest.console.dll, TestRunRequest:SendTestRunMessage: Starting.
TpTrace Verbose: 0 : 23096, 13, 2022/12/20, 19:12:36.323, 3518460148297, vstest.console.dll, MulticastDelegateUtilities.SafeInvoke: TestRun.LogMessages: Invoking callback 1/1 for Microsoft.VisualStudio.TestPlatform.CommandLine.TestRunResultAggregator., took 0 ms.
TpTrace Verbose: 0 : 23096, 4, 2022/12/20, 19:12:36.323, 3518460148536, vstest.console.dll, MulticastDelegateUtilities.SafeInvoke: InternalTestLoggerEvents.SendTestRunMessage: Invoking callback 1/1 for Microsoft.VisualStudio.TestPlatform.CommandLine.Internal.ConsoleLogger., took 0 ms.
TpTrace Information: 0 : 23096, 13, 2022/12/20, 19:12:36.323, 3518460148668, vstest.console.dll, TestRunRequest:SendTestRunMessage: Completed.
TpTrace Verbose: 0 : 23096, 13, 2022/12/20, 19:12:36.323, 3518460149400, vstest.console.dll, MulticastDelegateUtilities.SafeInvoke: LengthPrefixCommunicationChannel: MessageReceived: Invoking callback 1/1 for Microsoft.VisualStudio.TestPlatform.CommunicationUtilities.TestRequestSender+<>c__DisplayClass31_0., took 0 ms.
TpTrace Verbose: 0 : 23096, 13, 2022/12/20, 19:12:36.323, 3518460149786, vstest.console.dll, TcpClientExtensions.MessageLoopAsync: Polling on remoteEndPoint: 127.0.0.1:56848 localEndPoint: 127.0.0.1:56847
TpTrace Verbose: 0 : 23096, 13, 2022/12/20, 19:12:36.323, 3518460150270, vstest.console.dll, TcpClientExtensions.MessageLoopAsync: NotifyDataAvailable remoteEndPoint: 127.0.0.1:56848 localEndPoint: 127.0.0.1:56847
TpTrace Verbose: 0 : 23096, 13, 2022/12/20, 19:12:36.323, 3518460150879, vstest.console.dll, TestRequestSender.OnExecutionMessageReceived: Received message: {"Version":7,"MessageType":"TestSession.Message","Payload":{"MessageLevel":0,"Message":"[xUnit.net 00:00:03.82]           MsgErro = <null>, "}}
TpTrace Verbose: 0 : 23096, 13, 2022/12/20, 19:12:36.323, 3518460151552, vstest.console.dll, TestRunRequest:SendTestRunMessage: Starting.
TpTrace Verbose: 0 : 23096, 13, 2022/12/20, 19:12:36.323, 3518460152052, vstest.console.dll, MulticastDelegateUtilities.SafeInvoke: TestRun.LogMessages: Invoking callback 1/1 for Microsoft.VisualStudio.TestPlatform.CommandLine.TestRunResultAggregator., took 0 ms.
TpTrace Verbose: 0 : 23096, 4, 2022/12/20, 19:12:36.323, 3518460152381, vstest.console.dll, MulticastDelegateUtilities.SafeInvoke: InternalTestLoggerEvents.SendTestRunMessage: Invoking callback 1/1 for Microsoft.VisualStudio.TestPlatform.CommandLine.Internal.ConsoleLogger., took 0 ms.
TpTrace Information: 0 : 23096, 13, 2022/12/20, 19:12:36.323, 3518460152405, vstest.console.dll, TestRunRequest:SendTestRunMessage: Completed.
TpTrace Verbose: 0 : 23096, 13, 2022/12/20, 19:12:36.323, 3518460153137, vstest.console.dll, MulticastDelegateUtilities.SafeInvoke: LengthPrefixCommunicationChannel: MessageReceived: Invoking callback 1/1 for Microsoft.VisualStudio.TestPlatform.CommunicationUtilities.TestRequestSender+<>c__DisplayClass31_0., took 0 ms.
TpTrace Verbose: 0 : 23096, 13, 2022/12/20, 19:12:36.324, 3518460153516, vstest.console.dll, TcpClientExtensions.MessageLoopAsync: Polling on remoteEndPoint: 127.0.0.1:56848 localEndPoint: 127.0.0.1:56847
TpTrace Verbose: 0 : 23096, 13, 2022/12/20, 19:12:36.324, 3518460154005, vstest.console.dll, TcpClientExtensions.MessageLoopAsync: NotifyDataAvailable remoteEndPoint: 127.0.0.1:56848 localEndPoint: 127.0.0.1:56847
TpTrace Verbose: 0 : 23096, 13, 2022/12/20, 19:12:36.324, 3518460154565, vstest.console.dll, TestRequestSender.OnExecutionMessageReceived: Received message: {"Version":7,"MessageType":"TestSession.Message","Payload":{"MessageLevel":0,"Message":"[xUnit.net 00:00:03.82]           Name = \"Enzo\", "}}
TpTrace Verbose: 0 : 23096, 13, 2022/12/20, 19:12:36.324, 3518460155239, vstest.console.dll, TestRunRequest:SendTestRunMessage: Starting.
TpTrace Verbose: 0 : 23096, 13, 2022/12/20, 19:12:36.324, 3518460155605, vstest.console.dll, MulticastDelegateUtilities.SafeInvoke: TestRun.LogMessages: Invoking callback 1/1 for Microsoft.VisualStudio.TestPlatform.CommandLine.TestRunResultAggregator., took 0 ms.
TpTrace Information: 0 : 23096, 13, 2022/12/20, 19:12:36.324, 3518460155859, vstest.console.dll, TestRunRequest:SendTestRunMessage: Completed.
TpTrace Verbose: 0 : 23096, 13, 2022/12/20, 19:12:36.324, 3518460156089, vstest.console.dll, MulticastDelegateUtilities.SafeInvoke: LengthPrefixCommunicationChannel: MessageReceived: Invoking callback 1/1 for Microsoft.VisualStudio.TestPlatform.CommunicationUtilities.TestRequestSender+<>c__DisplayClass31_0., took 0 ms.
TpTrace Verbose: 0 : 23096, 13, 2022/12/20, 19:12:36.324, 3518460156350, vstest.console.dll, TcpClientExtensions.MessageLoopAsync: Polling on remoteEndPoint: 127.0.0.1:56848 localEndPoint: 127.0.0.1:56847
TpTrace Verbose: 0 : 23096, 4, 2022/12/20, 19:12:36.324, 3518460155991, vstest.console.dll, MulticastDelegateUtilities.SafeInvoke: InternalTestLoggerEvents.SendTestRunMessage: Invoking callback 1/1 for Microsoft.VisualStudio.TestPlatform.CommandLine.Internal.ConsoleLogger., took 0 ms.
TpTrace Verbose: 0 : 23096, 13, 2022/12/20, 19:12:36.324, 3518460156640, vstest.console.dll, TcpClientExtensions.MessageLoopAsync: NotifyDataAvailable remoteEndPoint: 127.0.0.1:56848 localEndPoint: 127.0.0.1:56847
TpTrace Verbose: 0 : 23096, 13, 2022/12/20, 19:12:36.324, 3518460157664, vstest.console.dll, TestRequestSender.OnExecutionMessageReceived: Received message: {"Version":7,"MessageType":"TestSession.Message","Payload":{"MessageLevel":0,"Message":"[xUnit.net 00:00:03.82]           Valid = True"}}
TpTrace Verbose: 0 : 23096, 13, 2022/12/20, 19:12:36.324, 3518460158163, vstest.console.dll, TestRunRequest:SendTestRunMessage: Starting.
TpTrace Verbose: 0 : 23096, 13, 2022/12/20, 19:12:36.324, 3518460158521, vstest.console.dll, MulticastDelegateUtilities.SafeInvoke: TestRun.LogMessages: Invoking callback 1/1 for Microsoft.VisualStudio.TestPlatform.CommandLine.TestRunResultAggregator., took 0 ms.
TpTrace Verbose: 0 : 23096, 4, 2022/12/20, 19:12:36.324, 3518460158785, vstest.console.dll, MulticastDelegateUtilities.SafeInvoke: InternalTestLoggerEvents.SendTestRunMessage: Invoking callback 1/1 for Microsoft.VisualStudio.TestPlatform.CommandLine.Internal.ConsoleLogger., took 0 ms.
TpTrace Information: 0 : 23096, 13, 2022/12/20, 19:12:36.324, 3518460158881, vstest.console.dll, TestRunRequest:SendTestRunMessage: Completed.
TpTrace Verbose: 0 : 23096, 13, 2022/12/20, 19:12:36.324, 3518460159917, vstest.console.dll, MulticastDelegateUtilities.SafeInvoke: LengthPrefixCommunicationChannel: MessageReceived: Invoking callback 1/1 for Microsoft.VisualStudio.TestPlatform.CommunicationUtilities.TestRequestSender+<>c__DisplayClass31_0., took 0 ms.
TpTrace Verbose: 0 : 23096, 13, 2022/12/20, 19:12:36.324, 3518460160272, vstest.console.dll, TcpClientExtensions.MessageLoopAsync: Polling on remoteEndPoint: 127.0.0.1:56848 localEndPoint: 127.0.0.1:56847
TpTrace Verbose: 0 : 23096, 13, 2022/12/20, 19:12:36.324, 3518460160696, vstest.console.dll, TcpClientExtensions.MessageLoopAsync: NotifyDataAvailable remoteEndPoint: 127.0.0.1:56848 localEndPoint: 127.0.0.1:56847
TpTrace Verbose: 0 : 23096, 13, 2022/12/20, 19:12:36.324, 3518460161284, vstest.console.dll, TestRequestSender.OnExecutionMessageReceived: Received message: {"Version":7,"MessageType":"TestSession.Message","Payload":{"MessageLevel":0,"Message":"[xUnit.net 00:00:03.82]       }, but found Microsoft.AspNetCore.Mvc.ActionResult`1[[MedGrupo.Business.ViewModel.ContactViewModel, MedGrupo.Business, Version=1.0.0.0, Culture=neutral, PublicKeyToken=null]]"}}
TpTrace Verbose: 0 : 23096, 13, 2022/12/20, 19:12:36.324, 3518460161993, vstest.console.dll, TestRunRequest:SendTestRunMessage: Starting.
TpTrace Verbose: 0 : 23096, 13, 2022/12/20, 19:12:36.324, 3518460162512, vstest.console.dll, MulticastDelegateUtilities.SafeInvoke: TestRun.LogMessages: Invoking callback 1/1 for Microsoft.VisualStudio.TestPlatform.CommandLine.TestRunResultAggregator., took 0 ms.
TpTrace Verbose: 0 : 23096, 4, 2022/12/20, 19:12:36.324, 3518460162720, vstest.console.dll, MulticastDelegateUtilities.SafeInvoke: InternalTestLoggerEvents.SendTestRunMessage: Invoking callback 1/1 for Microsoft.VisualStudio.TestPlatform.CommandLine.Internal.ConsoleLogger., took 0 ms.
TpTrace Information: 0 : 23096, 13, 2022/12/20, 19:12:36.324, 3518460162865, vstest.console.dll, TestRunRequest:SendTestRunMessage: Completed.
TpTrace Verbose: 0 : 23096, 13, 2022/12/20, 19:12:36.325, 3518460163704, vstest.console.dll, MulticastDelegateUtilities.SafeInvoke: LengthPrefixCommunicationChannel: MessageReceived: Invoking callback 1/1 for Microsoft.VisualStudio.TestPlatform.CommunicationUtilities.TestRequestSender+<>c__DisplayClass31_0., took 0 ms.
TpTrace Verbose: 0 : 23096, 13, 2022/12/20, 19:12:36.325, 3518460164056, vstest.console.dll, TcpClientExtensions.MessageLoopAsync: Polling on remoteEndPoint: 127.0.0.1:56848 localEndPoint: 127.0.0.1:56847
TpTrace Verbose: 0 : 23096, 13, 2022/12/20, 19:12:36.325, 3518460164537, vstest.console.dll, TcpClientExtensions.MessageLoopAsync: NotifyDataAvailable remoteEndPoint: 127.0.0.1:56848 localEndPoint: 127.0.0.1:56847
TpTrace Verbose: 0 : 23096, 13, 2022/12/20, 19:12:36.325, 3518460165103, vstest.console.dll, TestRequestSender.OnExecutionMessageReceived: Received message: {"Version":7,"MessageType":"TestSession.Message","Payload":{"MessageLevel":0,"Message":"[xUnit.net 00:00:03.82]       {"}}
TpTrace Verbose: 0 : 23096, 13, 2022/12/20, 19:12:36.325, 3518460165853, vstest.console.dll, TestRunRequest:SendTestRunMessage: Starting.
TpTrace Verbose: 0 : 23096, 13, 2022/12/20, 19:12:36.325, 3518460166374, vstest.console.dll, MulticastDelegateUtilities.SafeInvoke: TestRun.LogMessages: Invoking callback 1/1 for Microsoft.VisualStudio.TestPlatform.CommandLine.TestRunResultAggregator., took 0 ms.
TpTrace Verbose: 0 : 23096, 4, 2022/12/20, 19:12:36.325, 3518460166620, vstest.console.dll, MulticastDelegateUtilities.SafeInvoke: InternalTestLoggerEvents.SendTestRunMessage: Invoking callback 1/1 for Microsoft.VisualStudio.TestPlatform.CommandLine.Internal.ConsoleLogger., took 0 ms.
TpTrace Information: 0 : 23096, 13, 2022/12/20, 19:12:36.325, 3518460166758, vstest.console.dll, TestRunRequest:SendTestRunMessage: Completed.
TpTrace Verbose: 0 : 23096, 13, 2022/12/20, 19:12:36.325, 3518460167603, vstest.console.dll, MulticastDelegateUtilities.SafeInvoke: LengthPrefixCommunicationChannel: MessageReceived: Invoking callback 1/1 for Microsoft.VisualStudio.TestPlatform.CommunicationUtilities.TestRequestSender+<>c__DisplayClass31_0., took 0 ms.
TpTrace Verbose: 0 : 23096, 13, 2022/12/20, 19:12:36.325, 3518460168059, vstest.console.dll, TcpClientExtensions.MessageLoopAsync: Polling on remoteEndPoint: 127.0.0.1:56848 localEndPoint: 127.0.0.1:56847
TpTrace Verbose: 0 : 23096, 13, 2022/12/20, 19:12:36.325, 3518460168411, vstest.console.dll, TcpClientExtensions.MessageLoopAsync: NotifyDataAvailable remoteEndPoint: 127.0.0.1:56848 localEndPoint: 127.0.0.1:56847
TpTrace Verbose: 0 : 23096, 13, 2022/12/20, 19:12:36.325, 3518460168864, vstest.console.dll, TestRequestSender.OnExecutionMessageReceived: Received message: {"Version":7,"MessageType":"TestSession.Message","Payload":{"MessageLevel":0,"Message":"[xUnit.net 00:00:03.82]           Result = "}}
TpTrace Verbose: 0 : 23096, 13, 2022/12/20, 19:12:36.325, 3518460169457, vstest.console.dll, TestRunRequest:SendTestRunMessage: Starting.
TpTrace Verbose: 0 : 23096, 13, 2022/12/20, 19:12:36.325, 3518460169831, vstest.console.dll, MulticastDelegateUtilities.SafeInvoke: TestRun.LogMessages: Invoking callback 1/1 for Microsoft.VisualStudio.TestPlatform.CommandLine.TestRunResultAggregator., took 0 ms.
TpTrace Information: 0 : 23096, 13, 2022/12/20, 19:12:36.325, 3518460170137, vstest.console.dll, TestRunRequest:SendTestRunMessage: Completed.
TpTrace Verbose: 0 : 23096, 4, 2022/12/20, 19:12:36.325, 3518460170222, vstest.console.dll, MulticastDelegateUtilities.SafeInvoke: InternalTestLoggerEvents.SendTestRunMessage: Invoking callback 1/1 for Microsoft.VisualStudio.TestPlatform.CommandLine.Internal.ConsoleLogger., took 0 ms.
TpTrace Verbose: 0 : 23096, 13, 2022/12/20, 19:12:36.325, 3518460170953, vstest.console.dll, MulticastDelegateUtilities.SafeInvoke: LengthPrefixCommunicationChannel: MessageReceived: Invoking callback 1/1 for Microsoft.VisualStudio.TestPlatform.CommunicationUtilities.TestRequestSender+<>c__DisplayClass31_0., took 0 ms.
TpTrace Verbose: 0 : 23096, 13, 2022/12/20, 19:12:36.325, 3518460171230, vstest.console.dll, TcpClientExtensions.MessageLoopAsync: Polling on remoteEndPoint: 127.0.0.1:56848 localEndPoint: 127.0.0.1:56847
TpTrace Verbose: 0 : 23096, 13, 2022/12/20, 19:12:36.325, 3518460171510, vstest.console.dll, TcpClientExtensions.MessageLoopAsync: NotifyDataAvailable remoteEndPoint: 127.0.0.1:56848 localEndPoint: 127.0.0.1:56847
TpTrace Verbose: 0 : 23096, 13, 2022/12/20, 19:12:36.325, 3518460171890, vstest.console.dll, TestRequestSender.OnExecutionMessageReceived: Received message: {"Version":7,"MessageType":"TestSession.Message","Payload":{"MessageLevel":0,"Message":"[xUnit.net 00:00:03.82]           Microsoft.AspNetCore.Mvc.CreatedAtActionResult"}}
TpTrace Verbose: 0 : 23096, 13, 2022/12/20, 19:12:36.325, 3518460172343, vstest.console.dll, TestRunRequest:SendTestRunMessage: Starting.
TpTrace Verbose: 0 : 23096, 13, 2022/12/20, 19:12:36.325, 3518460172674, vstest.console.dll, MulticastDelegateUtilities.SafeInvoke: TestRun.LogMessages: Invoking callback 1/1 for Microsoft.VisualStudio.TestPlatform.CommandLine.TestRunResultAggregator., took 0 ms.
TpTrace Information: 0 : 23096, 13, 2022/12/20, 19:12:36.325, 3518460172970, vstest.console.dll, TestRunRequest:SendTestRunMessage: Completed.
TpTrace Verbose: 0 : 23096, 13, 2022/12/20, 19:12:36.325, 3518460173265, vstest.console.dll, MulticastDelegateUtilities.SafeInvoke: LengthPrefixCommunicationChannel: MessageReceived: Invoking callback 1/1 for Microsoft.VisualStudio.TestPlatform.CommunicationUtilities.TestRequestSender+<>c__DisplayClass31_0., took 0 ms.
TpTrace Verbose: 0 : 23096, 4, 2022/12/20, 19:12:36.325, 3518460172950, vstest.console.dll, MulticastDelegateUtilities.SafeInvoke: InternalTestLoggerEvents.SendTestRunMessage: Invoking callback 1/1 for Microsoft.VisualStudio.TestPlatform.CommandLine.Internal.ConsoleLogger., took 0 ms.
TpTrace Verbose: 0 : 23096, 13, 2022/12/20, 19:12:36.326, 3518460173547, vstest.console.dll, TcpClientExtensions.MessageLoopAsync: Polling on remoteEndPoint: 127.0.0.1:56848 localEndPoint: 127.0.0.1:56847
TpTrace Verbose: 0 : 23096, 13, 2022/12/20, 19:12:36.326, 3518460174467, vstest.console.dll, TcpClientExtensions.MessageLoopAsync: NotifyDataAvailable remoteEndPoint: 127.0.0.1:56848 localEndPoint: 127.0.0.1:56847
TpTrace Verbose: 0 : 23096, 13, 2022/12/20, 19:12:36.326, 3518460174835, vstest.console.dll, TestRequestSender.OnExecutionMessageReceived: Received message: {"Version":7,"MessageType":"TestSession.Message","Payload":{"MessageLevel":0,"Message":"[xUnit.net 00:00:03.82]           {"}}
TpTrace Verbose: 0 : 23096, 13, 2022/12/20, 19:12:36.326, 3518460175343, vstest.console.dll, TestRunRequest:SendTestRunMessage: Starting.
TpTrace Verbose: 0 : 23096, 13, 2022/12/20, 19:12:36.326, 3518460175750, vstest.console.dll, MulticastDelegateUtilities.SafeInvoke: TestRun.LogMessages: Invoking callback 1/1 for Microsoft.VisualStudio.TestPlatform.CommandLine.TestRunResultAggregator., took 0 ms.
TpTrace Information: 0 : 23096, 13, 2022/12/20, 19:12:36.326, 3518460176043, vstest.console.dll, TestRunRequest:SendTestRunMessage: Completed.
TpTrace Verbose: 0 : 23096, 4, 2022/12/20, 19:12:36.326, 3518460176018, vstest.console.dll, MulticastDelegateUtilities.SafeInvoke: InternalTestLoggerEvents.SendTestRunMessage: Invoking callback 1/1 for Microsoft.VisualStudio.TestPlatform.CommandLine.Internal.ConsoleLogger., took 0 ms.
TpTrace Verbose: 0 : 23096, 13, 2022/12/20, 19:12:36.326, 3518460176452, vstest.console.dll, MulticastDelegateUtilities.SafeInvoke: LengthPrefixCommunicationChannel: MessageReceived: Invoking callback 1/1 for Microsoft.VisualStudio.TestPlatform.CommunicationUtilities.TestRequestSender+<>c__DisplayClass31_0., took 0 ms.
TpTrace Verbose: 0 : 23096, 13, 2022/12/20, 19:12:36.326, 3518460177248, vstest.console.dll, TcpClientExtensions.MessageLoopAsync: Polling on remoteEndPoint: 127.0.0.1:56848 localEndPoint: 127.0.0.1:56847
TpTrace Verbose: 0 : 23096, 13, 2022/12/20, 19:12:36.326, 3518460177552, vstest.console.dll, TcpClientExtensions.MessageLoopAsync: NotifyDataAvailable remoteEndPoint: 127.0.0.1:56848 localEndPoint: 127.0.0.1:56847
TpTrace Verbose: 0 : 23096, 13, 2022/12/20, 19:12:36.326, 3518460178061, vstest.console.dll, TestRequestSender.OnExecutionMessageReceived: Received message: {"Version":7,"MessageType":"TestSession.Message","Payload":{"MessageLevel":0,"Message":"[xUnit.net 00:00:03.82]               ActionName = \"GetContact\", "}}
TpTrace Verbose: 0 : 23096, 13, 2022/12/20, 19:12:36.326, 3518460178584, vstest.console.dll, TestRunRequest:SendTestRunMessage: Starting.
TpTrace Verbose: 0 : 23096, 13, 2022/12/20, 19:12:36.326, 3518460178941, vstest.console.dll, MulticastDelegateUtilities.SafeInvoke: TestRun.LogMessages: Invoking callback 1/1 for Microsoft.VisualStudio.TestPlatform.CommandLine.TestRunResultAggregator., took 0 ms.
TpTrace Information: 0 : 23096, 13, 2022/12/20, 19:12:36.326, 3518460179180, vstest.console.dll, TestRunRequest:SendTestRunMessage: Completed.
TpTrace Verbose: 0 : 23096, 4, 2022/12/20, 19:12:36.326, 3518460179201, vstest.console.dll, MulticastDelegateUtilities.SafeInvoke: InternalTestLoggerEvents.SendTestRunMessage: Invoking callback 1/1 for Microsoft.VisualStudio.TestPlatform.CommandLine.Internal.ConsoleLogger., took 0 ms.
TpTrace Verbose: 0 : 23096, 13, 2022/12/20, 19:12:36.326, 3518460179563, vstest.console.dll, MulticastDelegateUtilities.SafeInvoke: LengthPrefixCommunicationChannel: MessageReceived: Invoking callback 1/1 for Microsoft.VisualStudio.TestPlatform.CommunicationUtilities.TestRequestSender+<>c__DisplayClass31_0., took 0 ms.
TpTrace Verbose: 0 : 23096, 13, 2022/12/20, 19:12:36.326, 3518460180477, vstest.console.dll, TcpClientExtensions.MessageLoopAsync: Polling on remoteEndPoint: 127.0.0.1:56848 localEndPoint: 127.0.0.1:56847
TpTrace Verbose: 0 : 23096, 13, 2022/12/20, 19:12:36.326, 3518460180777, vstest.console.dll, TcpClientExtensions.MessageLoopAsync: NotifyDataAvailable remoteEndPoint: 127.0.0.1:56848 localEndPoint: 127.0.0.1:56847
TpTrace Verbose: 0 : 23096, 13, 2022/12/20, 19:12:36.326, 3518460181185, vstest.console.dll, TestRequestSender.OnExecutionMessageReceived: Received message: {"Version":7,"MessageType":"TestSession.Message","Payload":{"MessageLevel":0,"Message":"[xUnit.net 00:00:03.82]               ContentTypes = {empty}, "}}
TpTrace Verbose: 0 : 23096, 13, 2022/12/20, 19:12:36.326, 3518460181695, vstest.console.dll, TestRunRequest:SendTestRunMessage: Starting.
TpTrace Verbose: 0 : 23096, 13, 2022/12/20, 19:12:36.326, 3518460182254, vstest.console.dll, MulticastDelegateUtilities.SafeInvoke: TestRun.LogMessages: Invoking callback 1/1 for Microsoft.VisualStudio.TestPlatform.CommandLine.TestRunResultAggregator., took 0 ms.
TpTrace Information: 0 : 23096, 13, 2022/12/20, 19:12:36.326, 3518460182509, vstest.console.dll, TestRunRequest:SendTestRunMessage: Completed.
TpTrace Verbose: 0 : 23096, 4, 2022/12/20, 19:12:36.326, 3518460182498, vstest.console.dll, MulticastDelegateUtilities.SafeInvoke: InternalTestLoggerEvents.SendTestRunMessage: Invoking callback 1/1 for Microsoft.VisualStudio.TestPlatform.CommandLine.Internal.ConsoleLogger., took 0 ms.
TpTrace Verbose: 0 : 23096, 13, 2022/12/20, 19:12:36.326, 3518460182880, vstest.console.dll, MulticastDelegateUtilities.SafeInvoke: LengthPrefixCommunicationChannel: MessageReceived: Invoking callback 1/1 for Microsoft.VisualStudio.TestPlatform.CommunicationUtilities.TestRequestSender+<>c__DisplayClass31_0., took 0 ms.
TpTrace Verbose: 0 : 23096, 13, 2022/12/20, 19:12:36.327, 3518460183695, vstest.console.dll, TcpClientExtensions.MessageLoopAsync: Polling on remoteEndPoint: 127.0.0.1:56848 localEndPoint: 127.0.0.1:56847
TpTrace Verbose: 0 : 23096, 13, 2022/12/20, 19:12:36.327, 3518460183993, vstest.console.dll, TcpClientExtensions.MessageLoopAsync: NotifyDataAvailable remoteEndPoint: 127.0.0.1:56848 localEndPoint: 127.0.0.1:56847
TpTrace Verbose: 0 : 23096, 13, 2022/12/20, 19:12:36.327, 3518460184409, vstest.console.dll, TestRequestSender.OnExecutionMessageReceived: Received message: {"Version":7,"MessageType":"TestSession.Message","Payload":{"MessageLevel":0,"Message":"[xUnit.net 00:00:03.82]               ControllerName = <null>, "}}
TpTrace Verbose: 0 : 23096, 13, 2022/12/20, 19:12:36.327, 3518460184900, vstest.console.dll, TestRunRequest:SendTestRunMessage: Starting.
TpTrace Verbose: 0 : 23096, 13, 2022/12/20, 19:12:36.327, 3518460185259, vstest.console.dll, MulticastDelegateUtilities.SafeInvoke: TestRun.LogMessages: Invoking callback 1/1 for Microsoft.VisualStudio.TestPlatform.CommandLine.TestRunResultAggregator., took 0 ms.
TpTrace Information: 0 : 23096, 13, 2022/12/20, 19:12:36.327, 3518460185533, vstest.console.dll, TestRunRequest:SendTestRunMessage: Completed.
TpTrace Verbose: 0 : 23096, 13, 2022/12/20, 19:12:36.327, 3518460185794, vstest.console.dll, MulticastDelegateUtilities.SafeInvoke: LengthPrefixCommunicationChannel: MessageReceived: Invoking callback 1/1 for Microsoft.VisualStudio.TestPlatform.CommunicationUtilities.TestRequestSender+<>c__DisplayClass31_0., took 0 ms.
TpTrace Verbose: 0 : 23096, 4, 2022/12/20, 19:12:36.327, 3518460185526, vstest.console.dll, MulticastDelegateUtilities.SafeInvoke: InternalTestLoggerEvents.SendTestRunMessage: Invoking callback 1/1 for Microsoft.VisualStudio.TestPlatform.CommandLine.Internal.ConsoleLogger., took 0 ms.
TpTrace Verbose: 0 : 23096, 13, 2022/12/20, 19:12:36.327, 3518460186158, vstest.console.dll, TcpClientExtensions.MessageLoopAsync: Polling on remoteEndPoint: 127.0.0.1:56848 localEndPoint: 127.0.0.1:56847
TpTrace Verbose: 0 : 23096, 13, 2022/12/20, 19:12:36.327, 3518460187547, vstest.console.dll, TcpClientExtensions.MessageLoopAsync: NotifyDataAvailable remoteEndPoint: 127.0.0.1:56848 localEndPoint: 127.0.0.1:56847
TpTrace Verbose: 0 : 23096, 13, 2022/12/20, 19:12:36.327, 3518460188452, vstest.console.dll, TestRequestSender.OnExecutionMessageReceived: Received message: {"Version":7,"MessageType":"TestSession.Message","Payload":{"MessageLevel":0,"Message":"[xUnit.net 00:00:03.82]               DeclaredType = <null>, "}}
TpTrace Verbose: 0 : 23096, 13, 2022/12/20, 19:12:36.327, 3518460189659, vstest.console.dll, TestRunRequest:SendTestRunMessage: Starting.
TpTrace Verbose: 0 : 23096, 13, 2022/12/20, 19:12:36.327, 3518460190404, vstest.console.dll, MulticastDelegateUtilities.SafeInvoke: TestRun.LogMessages: Invoking callback 1/1 for Microsoft.VisualStudio.TestPlatform.CommandLine.TestRunResultAggregator., took 0 ms.
TpTrace Verbose: 0 : 23096, 4, 2022/12/20, 19:12:36.327, 3518460190676, vstest.console.dll, MulticastDelegateUtilities.SafeInvoke: InternalTestLoggerEvents.SendTestRunMessage: Invoking callback 1/1 for Microsoft.VisualStudio.TestPlatform.CommandLine.Internal.ConsoleLogger., took 0 ms.
TpTrace Information: 0 : 23096, 13, 2022/12/20, 19:12:36.327, 3518460190834, vstest.console.dll, TestRunRequest:SendTestRunMessage: Completed.
TpTrace Verbose: 0 : 23096, 13, 2022/12/20, 19:12:36.327, 3518460191788, vstest.console.dll, MulticastDelegateUtilities.SafeInvoke: LengthPrefixCommunicationChannel: MessageReceived: Invoking callback 1/1 for Microsoft.VisualStudio.TestPlatform.CommunicationUtilities.TestRequestSender+<>c__DisplayClass31_0., took 0 ms.
TpTrace Verbose: 0 : 23096, 13, 2022/12/20, 19:12:36.327, 3518460192225, vstest.console.dll, TcpClientExtensions.MessageLoopAsync: Polling on remoteEndPoint: 127.0.0.1:56848 localEndPoint: 127.0.0.1:56847
TpTrace Verbose: 0 : 23096, 13, 2022/12/20, 19:12:36.327, 3518460192728, vstest.console.dll, TcpClientExtensions.MessageLoopAsync: NotifyDataAvailable remoteEndPoint: 127.0.0.1:56848 localEndPoint: 127.0.0.1:56847
TpTrace Verbose: 0 : 23096, 13, 2022/12/20, 19:12:36.328, 3518460193426, vstest.console.dll, TestRequestSender.OnExecutionMessageReceived: Received message: {"Version":7,"MessageType":"TestSession.Message","Payload":{"MessageLevel":0,"Message":"[xUnit.net 00:00:03.82]               Formatters = {empty}, "}}
TpTrace Verbose: 0 : 23096, 13, 2022/12/20, 19:12:36.328, 3518460194948, vstest.console.dll, TestRunRequest:SendTestRunMessage: Starting.
TpTrace Verbose: 0 : 23096, 13, 2022/12/20, 19:12:36.328, 3518460195819, vstest.console.dll, MulticastDelegateUtilities.SafeInvoke: TestRun.LogMessages: Invoking callback 1/1 for Microsoft.VisualStudio.TestPlatform.CommandLine.TestRunResultAggregator., took 0 ms.
TpTrace Information: 0 : 23096, 13, 2022/12/20, 19:12:36.328, 3518460196814, vstest.console.dll, TestRunRequest:SendTestRunMessage: Completed.
TpTrace Verbose: 0 : 23096, 13, 2022/12/20, 19:12:36.328, 3518460197449, vstest.console.dll, MulticastDelegateUtilities.SafeInvoke: LengthPrefixCommunicationChannel: MessageReceived: Invoking callback 1/1 for Microsoft.VisualStudio.TestPlatform.CommunicationUtilities.TestRequestSender+<>c__DisplayClass31_0., took 0 ms.
TpTrace Verbose: 0 : 23096, 13, 2022/12/20, 19:12:36.328, 3518460197871, vstest.console.dll, TcpClientExtensions.MessageLoopAsync: Polling on remoteEndPoint: 127.0.0.1:56848 localEndPoint: 127.0.0.1:56847
TpTrace Verbose: 0 : 23096, 13, 2022/12/20, 19:12:36.328, 3518460199044, vstest.console.dll, TcpClientExtensions.MessageLoopAsync: NotifyDataAvailable remoteEndPoint: 127.0.0.1:56848 localEndPoint: 127.0.0.1:56847
TpTrace Verbose: 0 : 23096, 13, 2022/12/20, 19:12:36.328, 3518460200326, vstest.console.dll, TestRequestSender.OnExecutionMessageReceived: Received message: {"Version":7,"MessageType":"TestSession.Message","Payload":{"MessageLevel":0,"Message":"[xUnit.net 00:00:03.83]               RouteValues = {[id, cda68e50-f5d5-4e2b-99d8-ff5fad9f41ee]}, "}}
TpTrace Verbose: 0 : 23096, 4, 2022/12/20, 19:12:36.328, 3518460196323, vstest.console.dll, MulticastDelegateUtilities.SafeInvoke: InternalTestLoggerEvents.SendTestRunMessage: Invoking callback 1/1 for Microsoft.VisualStudio.TestPlatform.CommandLine.Internal.ConsoleLogger., took 0 ms.
TpTrace Verbose: 0 : 23096, 13, 2022/12/20, 19:12:36.328, 3518460202292, vstest.console.dll, TestRunRequest:SendTestRunMessage: Starting.
TpTrace Verbose: 0 : 23096, 13, 2022/12/20, 19:12:36.329, 3518460203928, vstest.console.dll, MulticastDelegateUtilities.SafeInvoke: TestRun.LogMessages: Invoking callback 1/1 for Microsoft.VisualStudio.TestPlatform.CommandLine.TestRunResultAggregator., took 0 ms.
TpTrace Verbose: 0 : 23096, 4, 2022/12/20, 19:12:36.329, 3518460204317, vstest.console.dll, MulticastDelegateUtilities.SafeInvoke: InternalTestLoggerEvents.SendTestRunMessage: Invoking callback 1/1 for Microsoft.VisualStudio.TestPlatform.CommandLine.Internal.ConsoleLogger., took 0 ms.
TpTrace Information: 0 : 23096, 13, 2022/12/20, 19:12:36.329, 3518460204388, vstest.console.dll, TestRunRequest:SendTestRunMessage: Completed.
TpTrace Verbose: 0 : 23096, 13, 2022/12/20, 19:12:36.329, 3518460206035, vstest.console.dll, MulticastDelegateUtilities.SafeInvoke: LengthPrefixCommunicationChannel: MessageReceived: Invoking callback 1/1 for Microsoft.VisualStudio.TestPlatform.CommunicationUtilities.TestRequestSender+<>c__DisplayClass31_0., took 0 ms.
TpTrace Verbose: 0 : 23096, 13, 2022/12/20, 19:12:36.329, 3518460206447, vstest.console.dll, TcpClientExtensions.MessageLoopAsync: Polling on remoteEndPoint: 127.0.0.1:56848 localEndPoint: 127.0.0.1:56847
TpTrace Verbose: 0 : 23096, 13, 2022/12/20, 19:12:36.329, 3518460206890, vstest.console.dll, TcpClientExtensions.MessageLoopAsync: NotifyDataAvailable remoteEndPoint: 127.0.0.1:56848 localEndPoint: 127.0.0.1:56847
TpTrace Verbose: 0 : 23096, 13, 2022/12/20, 19:12:36.329, 3518460208256, vstest.console.dll, TestRequestSender.OnExecutionMessageReceived: Received message: {"Version":7,"MessageType":"TestSession.Message","Payload":{"MessageLevel":0,"Message":"[xUnit.net 00:00:03.83]               StatusCode = 201, "}}
TpTrace Verbose: 0 : 23096, 13, 2022/12/20, 19:12:36.329, 3518460209603, vstest.console.dll, TestRunRequest:SendTestRunMessage: Starting.
TpTrace Verbose: 0 : 23096, 13, 2022/12/20, 19:12:36.329, 3518460210384, vstest.console.dll, MulticastDelegateUtilities.SafeInvoke: TestRun.LogMessages: Invoking callback 1/1 for Microsoft.VisualStudio.TestPlatform.CommandLine.TestRunResultAggregator., took 0 ms.
TpTrace Verbose: 0 : 23096, 4, 2022/12/20, 19:12:36.329, 3518460210602, vstest.console.dll, MulticastDelegateUtilities.SafeInvoke: InternalTestLoggerEvents.SendTestRunMessage: Invoking callback 1/1 for Microsoft.VisualStudio.TestPlatform.CommandLine.Internal.ConsoleLogger., took 0 ms.
TpTrace Information: 0 : 23096, 13, 2022/12/20, 19:12:36.329, 3518460210853, vstest.console.dll, TestRunRequest:SendTestRunMessage: Completed.
TpTrace Verbose: 0 : 23096, 13, 2022/12/20, 19:12:36.329, 3518460212083, vstest.console.dll, MulticastDelegateUtilities.SafeInvoke: LengthPrefixCommunicationChannel: MessageReceived: Invoking callback 1/1 for Microsoft.VisualStudio.TestPlatform.CommunicationUtilities.TestRequestSender+<>c__DisplayClass31_0., took 0 ms.
TpTrace Verbose: 0 : 23096, 13, 2022/12/20, 19:12:36.329, 3518460212501, vstest.console.dll, TcpClientExtensions.MessageLoopAsync: Polling on remoteEndPoint: 127.0.0.1:56848 localEndPoint: 127.0.0.1:56847
TpTrace Verbose: 0 : 23096, 13, 2022/12/20, 19:12:36.329, 3518460213101, vstest.console.dll, TcpClientExtensions.MessageLoopAsync: NotifyDataAvailable remoteEndPoint: 127.0.0.1:56848 localEndPoint: 127.0.0.1:56847
TpTrace Verbose: 0 : 23096, 13, 2022/12/20, 19:12:36.330, 3518460213849, vstest.console.dll, TestRequestSender.OnExecutionMessageReceived: Received message: {"Version":7,"MessageType":"TestSession.Message","Payload":{"MessageLevel":0,"Message":"[xUnit.net 00:00:03.83]               UrlHelper = <null>, "}}
TpTrace Verbose: 0 : 23096, 13, 2022/12/20, 19:12:36.330, 3518460214898, vstest.console.dll, TestRunRequest:SendTestRunMessage: Starting.
TpTrace Verbose: 0 : 23096, 13, 2022/12/20, 19:12:36.330, 3518460215457, vstest.console.dll, MulticastDelegateUtilities.SafeInvoke: TestRun.LogMessages: Invoking callback 1/1 for Microsoft.VisualStudio.TestPlatform.CommandLine.TestRunResultAggregator., took 0 ms.
TpTrace Verbose: 0 : 23096, 4, 2022/12/20, 19:12:36.330, 3518460215691, vstest.console.dll, MulticastDelegateUtilities.SafeInvoke: InternalTestLoggerEvents.SendTestRunMessage: Invoking callback 1/1 for Microsoft.VisualStudio.TestPlatform.CommandLine.Internal.ConsoleLogger., took 0 ms.
TpTrace Information: 0 : 23096, 13, 2022/12/20, 19:12:36.330, 3518460215844, vstest.console.dll, TestRunRequest:SendTestRunMessage: Completed.
TpTrace Verbose: 0 : 23096, 13, 2022/12/20, 19:12:36.330, 3518460216764, vstest.console.dll, MulticastDelegateUtilities.SafeInvoke: LengthPrefixCommunicationChannel: MessageReceived: Invoking callback 1/1 for Microsoft.VisualStudio.TestPlatform.CommunicationUtilities.TestRequestSender+<>c__DisplayClass31_0., took 0 ms.
TpTrace Verbose: 0 : 23096, 13, 2022/12/20, 19:12:36.330, 3518460217181, vstest.console.dll, TcpClientExtensions.MessageLoopAsync: Polling on remoteEndPoint: 127.0.0.1:56848 localEndPoint: 127.0.0.1:56847
TpTrace Verbose: 0 : 23096, 13, 2022/12/20, 19:12:36.330, 3518460217658, vstest.console.dll, TcpClientExtensions.MessageLoopAsync: NotifyDataAvailable remoteEndPoint: 127.0.0.1:56848 localEndPoint: 127.0.0.1:56847
TpTrace Verbose: 0 : 23096, 13, 2022/12/20, 19:12:36.330, 3518460218324, vstest.console.dll, TestRequestSender.OnExecutionMessageReceived: Received message: {"Version":7,"MessageType":"TestSession.Message","Payload":{"MessageLevel":0,"Message":"[xUnit.net 00:00:03.83]               Value = "}}
TpTrace Verbose: 0 : 23096, 13, 2022/12/20, 19:12:36.330, 3518460219091, vstest.console.dll, TestRunRequest:SendTestRunMessage: Starting.
TpTrace Verbose: 0 : 23096, 4, 2022/12/20, 19:12:36.330, 3518460220547, vstest.console.dll, MulticastDelegateUtilities.SafeInvoke: InternalTestLoggerEvents.SendTestRunMessage: Invoking callback 1/1 for Microsoft.VisualStudio.TestPlatform.CommandLine.Internal.ConsoleLogger., took 0 ms.
TpTrace Verbose: 0 : 23096, 13, 2022/12/20, 19:12:36.330, 3518460220537, vstest.console.dll, MulticastDelegateUtilities.SafeInvoke: TestRun.LogMessages: Invoking callback 1/1 for Microsoft.VisualStudio.TestPlatform.CommandLine.TestRunResultAggregator., took 0 ms.
TpTrace Information: 0 : 23096, 13, 2022/12/20, 19:12:36.330, 3518460221636, vstest.console.dll, TestRunRequest:SendTestRunMessage: Completed.
TpTrace Verbose: 0 : 23096, 13, 2022/12/20, 19:12:36.330, 3518460222329, vstest.console.dll, MulticastDelegateUtilities.SafeInvoke: LengthPrefixCommunicationChannel: MessageReceived: Invoking callback 1/1 for Microsoft.VisualStudio.TestPlatform.CommunicationUtilities.TestRequestSender+<>c__DisplayClass31_0., took 0 ms.
TpTrace Verbose: 0 : 23096, 13, 2022/12/20, 19:12:36.330, 3518460222876, vstest.console.dll, TcpClientExtensions.MessageLoopAsync: Polling on remoteEndPoint: 127.0.0.1:56848 localEndPoint: 127.0.0.1:56847
TpTrace Verbose: 0 : 23096, 13, 2022/12/20, 19:12:36.331, 3518460223351, vstest.console.dll, TcpClientExtensions.MessageLoopAsync: NotifyDataAvailable remoteEndPoint: 127.0.0.1:56848 localEndPoint: 127.0.0.1:56847
TpTrace Verbose: 0 : 23096, 13, 2022/12/20, 19:12:36.331, 3518460224101, vstest.console.dll, TestRequestSender.OnExecutionMessageReceived: Received message: {"Version":7,"MessageType":"TestSession.Message","Payload":{"MessageLevel":0,"Message":"[xUnit.net 00:00:03.83]               MedGrupo.Business.ViewModel.ContactViewModel"}}
TpTrace Verbose: 0 : 23096, 13, 2022/12/20, 19:12:36.331, 3518460225336, vstest.console.dll, TestRunRequest:SendTestRunMessage: Starting.
TpTrace Verbose: 0 : 23096, 13, 2022/12/20, 19:12:36.331, 3518460226363, vstest.console.dll, MulticastDelegateUtilities.SafeInvoke: TestRun.LogMessages: Invoking callback 1/1 for Microsoft.VisualStudio.TestPlatform.CommandLine.TestRunResultAggregator., took 0 ms.
TpTrace Information: 0 : 23096, 13, 2022/12/20, 19:12:36.331, 3518460227662, vstest.console.dll, TestRunRequest:SendTestRunMessage: Completed.
TpTrace Verbose: 0 : 23096, 4, 2022/12/20, 19:12:36.331, 3518460226713, vstest.console.dll, MulticastDelegateUtilities.SafeInvoke: InternalTestLoggerEvents.SendTestRunMessage: Invoking callback 1/1 for Microsoft.VisualStudio.TestPlatform.CommandLine.Internal.ConsoleLogger., took 0 ms.
TpTrace Verbose: 0 : 23096, 13, 2022/12/20, 19:12:36.331, 3518460228802, vstest.console.dll, MulticastDelegateUtilities.SafeInvoke: LengthPrefixCommunicationChannel: MessageReceived: Invoking callback 1/1 for Microsoft.VisualStudio.TestPlatform.CommunicationUtilities.TestRequestSender+<>c__DisplayClass31_0., took 0 ms.
TpTrace Verbose: 0 : 23096, 13, 2022/12/20, 19:12:36.331, 3518460230726, vstest.console.dll, TcpClientExtensions.MessageLoopAsync: Polling on remoteEndPoint: 127.0.0.1:56848 localEndPoint: 127.0.0.1:56847
TpTrace Verbose: 0 : 23096, 13, 2022/12/20, 19:12:36.331, 3518460231834, vstest.console.dll, TcpClientExtensions.MessageLoopAsync: NotifyDataAvailable remoteEndPoint: 127.0.0.1:56848 localEndPoint: 127.0.0.1:56847
TpTrace Verbose: 0 : 23096, 13, 2022/12/20, 19:12:36.331, 3518460232683, vstest.console.dll, TestRequestSender.OnExecutionMessageReceived: Received message: {"Version":7,"MessageType":"TestSession.Message","Payload":{"MessageLevel":0,"Message":"[xUnit.net 00:00:03.83]               {"}}
TpTrace Verbose: 0 : 23096, 13, 2022/12/20, 19:12:36.332, 3518460233778, vstest.console.dll, TestRunRequest:SendTestRunMessage: Starting.
TpTrace Verbose: 0 : 23096, 13, 2022/12/20, 19:12:36.332, 3518460234389, vstest.console.dll, MulticastDelegateUtilities.SafeInvoke: TestRun.LogMessages: Invoking callback 1/1 for Microsoft.VisualStudio.TestPlatform.CommandLine.TestRunResultAggregator., took 0 ms.
TpTrace Information: 0 : 23096, 13, 2022/12/20, 19:12:36.332, 3518460234786, vstest.console.dll, TestRunRequest:SendTestRunMessage: Completed.
TpTrace Verbose: 0 : 23096, 4, 2022/12/20, 19:12:36.332, 3518460234534, vstest.console.dll, MulticastDelegateUtilities.SafeInvoke: InternalTestLoggerEvents.SendTestRunMessage: Invoking callback 1/1 for Microsoft.VisualStudio.TestPlatform.CommandLine.Internal.ConsoleLogger., took 0 ms.
TpTrace Verbose: 0 : 23096, 13, 2022/12/20, 19:12:36.332, 3518460235213, vstest.console.dll, MulticastDelegateUtilities.SafeInvoke: LengthPrefixCommunicationChannel: MessageReceived: Invoking callback 1/1 for Microsoft.VisualStudio.TestPlatform.CommunicationUtilities.TestRequestSender+<>c__DisplayClass31_0., took 0 ms.
TpTrace Verbose: 0 : 23096, 13, 2022/12/20, 19:12:36.332, 3518460236853, vstest.console.dll, TcpClientExtensions.MessageLoopAsync: Polling on remoteEndPoint: 127.0.0.1:56848 localEndPoint: 127.0.0.1:56847
TpTrace Verbose: 0 : 23096, 13, 2022/12/20, 19:12:36.332, 3518460237865, vstest.console.dll, TcpClientExtensions.MessageLoopAsync: NotifyDataAvailable remoteEndPoint: 127.0.0.1:56848 localEndPoint: 127.0.0.1:56847
TpTrace Verbose: 0 : 23096, 13, 2022/12/20, 19:12:36.332, 3518460238728, vstest.console.dll, TestRequestSender.OnExecutionMessageReceived: Received message: {"Version":7,"MessageType":"TestSession.Message","Payload":{"MessageLevel":0,"Message":"[xUnit.net 00:00:03.83]                   Age = 0, "}}
TpTrace Verbose: 0 : 23096, 13, 2022/12/20, 19:12:36.332, 3518460239973, vstest.console.dll, TestRunRequest:SendTestRunMessage: Starting.
TpTrace Verbose: 0 : 23096, 13, 2022/12/20, 19:12:36.332, 3518460240935, vstest.console.dll, MulticastDelegateUtilities.SafeInvoke: TestRun.LogMessages: Invoking callback 1/1 for Microsoft.VisualStudio.TestPlatform.CommandLine.TestRunResultAggregator., took 0 ms.
TpTrace Verbose: 0 : 23096, 4, 2022/12/20, 19:12:36.332, 3518460240998, vstest.console.dll, MulticastDelegateUtilities.SafeInvoke: InternalTestLoggerEvents.SendTestRunMessage: Invoking callback 1/1 for Microsoft.VisualStudio.TestPlatform.CommandLine.Internal.ConsoleLogger., took 0 ms.
TpTrace Information: 0 : 23096, 13, 2022/12/20, 19:12:36.332, 3518460242583, vstest.console.dll, TestRunRequest:SendTestRunMessage: Completed.
TpTrace Verbose: 0 : 23096, 13, 2022/12/20, 19:12:36.333, 3518460244178, vstest.console.dll, MulticastDelegateUtilities.SafeInvoke: LengthPrefixCommunicationChannel: MessageReceived: Invoking callback 1/1 for Microsoft.VisualStudio.TestPlatform.CommunicationUtilities.TestRequestSender+<>c__DisplayClass31_0., took 0 ms.
TpTrace Verbose: 0 : 23096, 13, 2022/12/20, 19:12:36.333, 3518460245065, vstest.console.dll, TcpClientExtensions.MessageLoopAsync: Polling on remoteEndPoint: 127.0.0.1:56848 localEndPoint: 127.0.0.1:56847
TpTrace Verbose: 0 : 23096, 13, 2022/12/20, 19:12:36.333, 3518460245552, vstest.console.dll, TcpClientExtensions.MessageLoopAsync: NotifyDataAvailable remoteEndPoint: 127.0.0.1:56848 localEndPoint: 127.0.0.1:56847
TpTrace Verbose: 0 : 23096, 13, 2022/12/20, 19:12:36.333, 3518460246386, vstest.console.dll, TestRequestSender.OnExecutionMessageReceived: Received message: {"Version":7,"MessageType":"TestSession.Message","Payload":{"MessageLevel":0,"Message":"[xUnit.net 00:00:03.83]                   Birthdate = <1999-06-16>, "}}
TpTrace Verbose: 0 : 23096, 13, 2022/12/20, 19:12:36.333, 3518460247625, vstest.console.dll, TestRunRequest:SendTestRunMessage: Starting.
TpTrace Verbose: 0 : 23096, 13, 2022/12/20, 19:12:36.333, 3518460248864, vstest.console.dll, MulticastDelegateUtilities.SafeInvoke: TestRun.LogMessages: Invoking callback 1/1 for Microsoft.VisualStudio.TestPlatform.CommandLine.TestRunResultAggregator., took 0 ms.
TpTrace Verbose: 0 : 23096, 4, 2022/12/20, 19:12:36.333, 3518460249154, vstest.console.dll, MulticastDelegateUtilities.SafeInvoke: InternalTestLoggerEvents.SendTestRunMessage: Invoking callback 1/1 for Microsoft.VisualStudio.TestPlatform.CommandLine.Internal.ConsoleLogger., took 0 ms.
TpTrace Information: 0 : 23096, 13, 2022/12/20, 19:12:36.333, 3518460250034, vstest.console.dll, TestRunRequest:SendTestRunMessage: Completed.
TpTrace Verbose: 0 : 23096, 13, 2022/12/20, 19:12:36.333, 3518460251673, vstest.console.dll, MulticastDelegateUtilities.SafeInvoke: LengthPrefixCommunicationChannel: MessageReceived: Invoking callback 1/1 for Microsoft.VisualStudio.TestPlatform.CommunicationUtilities.TestRequestSender+<>c__DisplayClass31_0., took 0 ms.
TpTrace Verbose: 0 : 23096, 13, 2022/12/20, 19:12:36.333, 3518460252151, vstest.console.dll, TcpClientExtensions.MessageLoopAsync: Polling on remoteEndPoint: 127.0.0.1:56848 localEndPoint: 127.0.0.1:56847
TpTrace Verbose: 0 : 23096, 13, 2022/12/20, 19:12:36.333, 3518460252687, vstest.console.dll, TcpClientExtensions.MessageLoopAsync: NotifyDataAvailable remoteEndPoint: 127.0.0.1:56848 localEndPoint: 127.0.0.1:56847
TpTrace Verbose: 0 : 23096, 13, 2022/12/20, 19:12:36.334, 3518460253424, vstest.console.dll, TestRequestSender.OnExecutionMessageReceived: Received message: {"Version":7,"MessageType":"TestSession.Message","Payload":{"MessageLevel":0,"Message":"[xUnit.net 00:00:03.83]                   Genre = Genre.Masculino {value: 1}, "}}
TpTrace Verbose: 0 : 23096, 13, 2022/12/20, 19:12:36.334, 3518460254554, vstest.console.dll, TestRunRequest:SendTestRunMessage: Starting.
TpTrace Verbose: 0 : 23096, 13, 2022/12/20, 19:12:36.334, 3518460255259, vstest.console.dll, MulticastDelegateUtilities.SafeInvoke: TestRun.LogMessages: Invoking callback 1/1 for Microsoft.VisualStudio.TestPlatform.CommandLine.TestRunResultAggregator., took 0 ms.
TpTrace Information: 0 : 23096, 13, 2022/12/20, 19:12:36.334, 3518460256099, vstest.console.dll, TestRunRequest:SendTestRunMessage: Completed.
TpTrace Verbose: 0 : 23096, 13, 2022/12/20, 19:12:36.334, 3518460256762, vstest.console.dll, MulticastDelegateUtilities.SafeInvoke: LengthPrefixCommunicationChannel: MessageReceived: Invoking callback 1/1 for Microsoft.VisualStudio.TestPlatform.CommunicationUtilities.TestRequestSender+<>c__DisplayClass31_0., took 0 ms.
TpTrace Verbose: 0 : 23096, 13, 2022/12/20, 19:12:36.334, 3518460258495, vstest.console.dll, TcpClientExtensions.MessageLoopAsync: Polling on remoteEndPoint: 127.0.0.1:56848 localEndPoint: 127.0.0.1:56847
TpTrace Verbose: 0 : 23096, 13, 2022/12/20, 19:12:36.334, 3518460259274, vstest.console.dll, TcpClientExtensions.MessageLoopAsync: NotifyDataAvailable remoteEndPoint: 127.0.0.1:56848 localEndPoint: 127.0.0.1:56847
TpTrace Verbose: 0 : 23096, 4, 2022/12/20, 19:12:36.334, 3518460260026, vstest.console.dll, MulticastDelegateUtilities.SafeInvoke: InternalTestLoggerEvents.SendTestRunMessage: Invoking callback 1/1 for Microsoft.VisualStudio.TestPlatform.CommandLine.Internal.ConsoleLogger., took 0 ms.
TpTrace Verbose: 0 : 23096, 13, 2022/12/20, 19:12:36.334, 3518460260131, vstest.console.dll, TestRequestSender.OnExecutionMessageReceived: Received message: {"Version":7,"MessageType":"TestSession.Message","Payload":{"MessageLevel":0,"Message":"[xUnit.net 00:00:03.83]                   Id = {cda68e50-f5d5-4e2b-99d8-ff5fad9f41ee}, "}}
TpTrace Verbose: 0 : 23096, 13, 2022/12/20, 19:12:36.334, 3518460262712, vstest.console.dll, TestRunRequest:SendTestRunMessage: Starting.
TpTrace Verbose: 0 : 23096, 13, 2022/12/20, 19:12:36.335, 3518460263540, vstest.console.dll, MulticastDelegateUtilities.SafeInvoke: TestRun.LogMessages: Invoking callback 1/1 for Microsoft.VisualStudio.TestPlatform.CommandLine.TestRunResultAggregator., took 0 ms.
TpTrace Verbose: 0 : 23096, 4, 2022/12/20, 19:12:36.335, 3518460263810, vstest.console.dll, MulticastDelegateUtilities.SafeInvoke: InternalTestLoggerEvents.SendTestRunMessage: Invoking callback 1/1 for Microsoft.VisualStudio.TestPlatform.CommandLine.Internal.ConsoleLogger., took 0 ms.
TpTrace Information: 0 : 23096, 13, 2022/12/20, 19:12:36.335, 3518460263962, vstest.console.dll, TestRunRequest:SendTestRunMessage: Completed.
TpTrace Verbose: 0 : 23096, 13, 2022/12/20, 19:12:36.335, 3518460265197, vstest.console.dll, MulticastDelegateUtilities.SafeInvoke: LengthPrefixCommunicationChannel: MessageReceived: Invoking callback 1/1 for Microsoft.VisualStudio.TestPlatform.CommunicationUtilities.TestRequestSender+<>c__DisplayClass31_0., took 0 ms.
TpTrace Verbose: 0 : 23096, 13, 2022/12/20, 19:12:36.335, 3518460265652, vstest.console.dll, TcpClientExtensions.MessageLoopAsync: Polling on remoteEndPoint: 127.0.0.1:56848 localEndPoint: 127.0.0.1:56847
TpTrace Verbose: 0 : 23096, 13, 2022/12/20, 19:12:36.335, 3518460266178, vstest.console.dll, TcpClientExtensions.MessageLoopAsync: NotifyDataAvailable remoteEndPoint: 127.0.0.1:56848 localEndPoint: 127.0.0.1:56847
TpTrace Verbose: 0 : 23096, 13, 2022/12/20, 19:12:36.335, 3518460266907, vstest.console.dll, TestRequestSender.OnExecutionMessageReceived: Received message: {"Version":7,"MessageType":"TestSession.Message","Payload":{"MessageLevel":0,"Message":"[xUnit.net 00:00:03.83]                   IsActive = True, "}}
TpTrace Verbose: 0 : 23096, 13, 2022/12/20, 19:12:36.335, 3518460267939, vstest.console.dll, TestRunRequest:SendTestRunMessage: Starting.
TpTrace Verbose: 0 : 23096, 13, 2022/12/20, 19:12:36.335, 3518460268568, vstest.console.dll, MulticastDelegateUtilities.SafeInvoke: TestRun.LogMessages: Invoking callback 1/1 for Microsoft.VisualStudio.TestPlatform.CommandLine.TestRunResultAggregator., took 0 ms.
TpTrace Verbose: 0 : 23096, 4, 2022/12/20, 19:12:36.335, 3518460268864, vstest.console.dll, MulticastDelegateUtilities.SafeInvoke: InternalTestLoggerEvents.SendTestRunMessage: Invoking callback 1/1 for Microsoft.VisualStudio.TestPlatform.CommandLine.Internal.ConsoleLogger., took 0 ms.
TpTrace Information: 0 : 23096, 13, 2022/12/20, 19:12:36.335, 3518460268938, vstest.console.dll, TestRunRequest:SendTestRunMessage: Completed.
TpTrace Verbose: 0 : 23096, 13, 2022/12/20, 19:12:36.335, 3518460270022, vstest.console.dll, MulticastDelegateUtilities.SafeInvoke: LengthPrefixCommunicationChannel: MessageReceived: Invoking callback 1/1 for Microsoft.VisualStudio.TestPlatform.CommunicationUtilities.TestRequestSender+<>c__DisplayClass31_0., took 0 ms.
TpTrace Verbose: 0 : 23096, 13, 2022/12/20, 19:12:36.335, 3518460271266, vstest.console.dll, TcpClientExtensions.MessageLoopAsync: Polling on remoteEndPoint: 127.0.0.1:56848 localEndPoint: 127.0.0.1:56847
TpTrace Verbose: 0 : 23096, 13, 2022/12/20, 19:12:36.335, 3518460271805, vstest.console.dll, TcpClientExtensions.MessageLoopAsync: NotifyDataAvailable remoteEndPoint: 127.0.0.1:56848 localEndPoint: 127.0.0.1:56847
TpTrace Verbose: 0 : 23096, 13, 2022/12/20, 19:12:36.335, 3518460272521, vstest.console.dll, TestRequestSender.OnExecutionMessageReceived: Received message: {"Version":7,"MessageType":"TestSession.Message","Payload":{"MessageLevel":0,"Message":"[xUnit.net 00:00:03.83]                   MsgErro = <null>, "}}
TpTrace Verbose: 0 : 23096, 13, 2022/12/20, 19:12:36.336, 3518460273495, vstest.console.dll, TestRunRequest:SendTestRunMessage: Starting.
TpTrace Verbose: 0 : 23096, 13, 2022/12/20, 19:12:36.336, 3518460274132, vstest.console.dll, MulticastDelegateUtilities.SafeInvoke: TestRun.LogMessages: Invoking callback 1/1 for Microsoft.VisualStudio.TestPlatform.CommandLine.TestRunResultAggregator., took 0 ms.
TpTrace Information: 0 : 23096, 13, 2022/12/20, 19:12:36.336, 3518460274522, vstest.console.dll, TestRunRequest:SendTestRunMessage: Completed.
TpTrace Verbose: 0 : 23096, 13, 2022/12/20, 19:12:36.336, 3518460275026, vstest.console.dll, MulticastDelegateUtilities.SafeInvoke: LengthPrefixCommunicationChannel: MessageReceived: Invoking callback 1/1 for Microsoft.VisualStudio.TestPlatform.CommunicationUtilities.TestRequestSender+<>c__DisplayClass31_0., took 0 ms.
TpTrace Verbose: 0 : 23096, 4, 2022/12/20, 19:12:36.336, 3518460275260, vstest.console.dll, MulticastDelegateUtilities.SafeInvoke: InternalTestLoggerEvents.SendTestRunMessage: Invoking callback 1/1 for Microsoft.VisualStudio.TestPlatform.CommandLine.Internal.ConsoleLogger., took 0 ms.
TpTrace Verbose: 0 : 23096, 13, 2022/12/20, 19:12:36.336, 3518460275418, vstest.console.dll, TcpClientExtensions.MessageLoopAsync: Polling on remoteEndPoint: 127.0.0.1:56848 localEndPoint: 127.0.0.1:56847
TpTrace Verbose: 0 : 23096, 13, 2022/12/20, 19:12:36.336, 3518460276594, vstest.console.dll, TcpClientExtensions.MessageLoopAsync: NotifyDataAvailable remoteEndPoint: 127.0.0.1:56848 localEndPoint: 127.0.0.1:56847
TpTrace Verbose: 0 : 23096, 13, 2022/12/20, 19:12:36.336, 3518460277217, vstest.console.dll, TestRequestSender.OnExecutionMessageReceived: Received message: {"Version":7,"MessageType":"TestSession.Message","Payload":{"MessageLevel":0,"Message":"[xUnit.net 00:00:03.83]                   Name = \"Enzo\", "}}
TpTrace Verbose: 0 : 23096, 13, 2022/12/20, 19:12:36.336, 3518460278116, vstest.console.dll, TestRunRequest:SendTestRunMessage: Starting.
TpTrace Verbose: 0 : 23096, 13, 2022/12/20, 19:12:36.336, 3518460278712, vstest.console.dll, MulticastDelegateUtilities.SafeInvoke: TestRun.LogMessages: Invoking callback 1/1 for Microsoft.VisualStudio.TestPlatform.CommandLine.TestRunResultAggregator., took 0 ms.
TpTrace Information: 0 : 23096, 13, 2022/12/20, 19:12:36.336, 3518460279085, vstest.console.dll, TestRunRequest:SendTestRunMessage: Completed.
TpTrace Verbose: 0 : 23096, 13, 2022/12/20, 19:12:36.336, 3518460279472, vstest.console.dll, MulticastDelegateUtilities.SafeInvoke: LengthPrefixCommunicationChannel: MessageReceived: Invoking callback 1/1 for Microsoft.VisualStudio.TestPlatform.CommunicationUtilities.TestRequestSender+<>c__DisplayClass31_0., took 0 ms.
TpTrace Verbose: 0 : 23096, 4, 2022/12/20, 19:12:36.336, 3518460279477, vstest.console.dll, MulticastDelegateUtilities.SafeInvoke: InternalTestLoggerEvents.SendTestRunMessage: Invoking callback 1/1 for Microsoft.VisualStudio.TestPlatform.CommandLine.Internal.ConsoleLogger., took 0 ms.
TpTrace Verbose: 0 : 23096, 13, 2022/12/20, 19:12:36.336, 3518460279909, vstest.console.dll, TcpClientExtensions.MessageLoopAsync: Polling on remoteEndPoint: 127.0.0.1:56848 localEndPoint: 127.0.0.1:56847
TpTrace Verbose: 0 : 23096, 13, 2022/12/20, 19:12:36.336, 3518460281780, vstest.console.dll, TcpClientExtensions.MessageLoopAsync: NotifyDataAvailable remoteEndPoint: 127.0.0.1:56848 localEndPoint: 127.0.0.1:56847
TpTrace Verbose: 0 : 23096, 13, 2022/12/20, 19:12:36.336, 3518460282504, vstest.console.dll, TestRequestSender.OnExecutionMessageReceived: Received message: {"Version":7,"MessageType":"TestSession.Message","Payload":{"MessageLevel":0,"Message":"[xUnit.net 00:00:03.83]                   Valid = True"}}
TpTrace Verbose: 0 : 23096, 13, 2022/12/20, 19:12:36.337, 3518460283304, vstest.console.dll, TestRunRequest:SendTestRunMessage: Starting.
TpTrace Verbose: 0 : 23096, 13, 2022/12/20, 19:12:36.337, 3518460283908, vstest.console.dll, MulticastDelegateUtilities.SafeInvoke: TestRun.LogMessages: Invoking callback 1/1 for Microsoft.VisualStudio.TestPlatform.CommandLine.TestRunResultAggregator., took 0 ms.
TpTrace Verbose: 0 : 23096, 4, 2022/12/20, 19:12:36.337, 3518460284221, vstest.console.dll, MulticastDelegateUtilities.SafeInvoke: InternalTestLoggerEvents.SendTestRunMessage: Invoking callback 1/1 for Microsoft.VisualStudio.TestPlatform.CommandLine.Internal.ConsoleLogger., took 0 ms.
TpTrace Information: 0 : 23096, 13, 2022/12/20, 19:12:36.337, 3518460284299, vstest.console.dll, TestRunRequest:SendTestRunMessage: Completed.
TpTrace Verbose: 0 : 23096, 13, 2022/12/20, 19:12:36.337, 3518460285786, vstest.console.dll, MulticastDelegateUtilities.SafeInvoke: LengthPrefixCommunicationChannel: MessageReceived: Invoking callback 1/1 for Microsoft.VisualStudio.TestPlatform.CommunicationUtilities.TestRequestSender+<>c__DisplayClass31_0., took 0 ms.
TpTrace Verbose: 0 : 23096, 13, 2022/12/20, 19:12:36.337, 3518460286312, vstest.console.dll, TcpClientExtensions.MessageLoopAsync: Polling on remoteEndPoint: 127.0.0.1:56848 localEndPoint: 127.0.0.1:56847
TpTrace Verbose: 0 : 23096, 13, 2022/12/20, 19:12:36.337, 3518460286843, vstest.console.dll, TcpClientExtensions.MessageLoopAsync: NotifyDataAvailable remoteEndPoint: 127.0.0.1:56848 localEndPoint: 127.0.0.1:56847
TpTrace Verbose: 0 : 23096, 13, 2022/12/20, 19:12:36.337, 3518460287581, vstest.console.dll, TestRequestSender.OnExecutionMessageReceived: Received message: {"Version":7,"MessageType":"TestSession.Message","Payload":{"MessageLevel":0,"Message":"[xUnit.net 00:00:03.83]               }"}}
TpTrace Verbose: 0 : 23096, 13, 2022/12/20, 19:12:36.337, 3518460288566, vstest.console.dll, TestRunRequest:SendTestRunMessage: Starting.
TpTrace Verbose: 0 : 23096, 13, 2022/12/20, 19:12:36.337, 3518460289224, vstest.console.dll, MulticastDelegateUtilities.SafeInvoke: TestRun.LogMessages: Invoking callback 1/1 for Microsoft.VisualStudio.TestPlatform.CommandLine.TestRunResultAggregator., took 0 ms.
TpTrace Information: 0 : 23096, 13, 2022/12/20, 19:12:36.337, 3518460289625, vstest.console.dll, TestRunRequest:SendTestRunMessage: Completed.
TpTrace Verbose: 0 : 23096, 13, 2022/12/20, 19:12:36.337, 3518460290010, vstest.console.dll, MulticastDelegateUtilities.SafeInvoke: LengthPrefixCommunicationChannel: MessageReceived: Invoking callback 1/1 for Microsoft.VisualStudio.TestPlatform.CommunicationUtilities.TestRequestSender+<>c__DisplayClass31_0., took 0 ms.
TpTrace Verbose: 0 : 23096, 4, 2022/12/20, 19:12:36.337, 3518460290291, vstest.console.dll, MulticastDelegateUtilities.SafeInvoke: InternalTestLoggerEvents.SendTestRunMessage: Invoking callback 1/1 for Microsoft.VisualStudio.TestPlatform.CommandLine.Internal.ConsoleLogger., took 0 ms.
TpTrace Verbose: 0 : 23096, 13, 2022/12/20, 19:12:36.337, 3518460290386, vstest.console.dll, TcpClientExtensions.MessageLoopAsync: Polling on remoteEndPoint: 127.0.0.1:56848 localEndPoint: 127.0.0.1:56847
TpTrace Verbose: 0 : 23096, 13, 2022/12/20, 19:12:36.337, 3518460291852, vstest.console.dll, TcpClientExtensions.MessageLoopAsync: NotifyDataAvailable remoteEndPoint: 127.0.0.1:56848 localEndPoint: 127.0.0.1:56847
TpTrace Verbose: 0 : 23096, 13, 2022/12/20, 19:12:36.337, 3518460292994, vstest.console.dll, TestRequestSender.OnExecutionMessageReceived: Received message: {"Version":7,"MessageType":"TestSession.Message","Payload":{"MessageLevel":0,"Message":"[xUnit.net 00:00:03.83]           }, "}}
TpTrace Verbose: 0 : 23096, 13, 2022/12/20, 19:12:36.338, 3518460294055, vstest.console.dll, TestRunRequest:SendTestRunMessage: Starting.
TpTrace Verbose: 0 : 23096, 13, 2022/12/20, 19:12:36.338, 3518460294775, vstest.console.dll, MulticastDelegateUtilities.SafeInvoke: TestRun.LogMessages: Invoking callback 1/1 for Microsoft.VisualStudio.TestPlatform.CommandLine.TestRunResultAggregator., took 0 ms.
TpTrace Information: 0 : 23096, 13, 2022/12/20, 19:12:36.338, 3518460295246, vstest.console.dll, TestRunRequest:SendTestRunMessage: Completed.
TpTrace Verbose: 0 : 23096, 4, 2022/12/20, 19:12:36.338, 3518460295487, vstest.console.dll, MulticastDelegateUtilities.SafeInvoke: InternalTestLoggerEvents.SendTestRunMessage: Invoking callback 1/1 for Microsoft.VisualStudio.TestPlatform.CommandLine.Internal.ConsoleLogger., took 0 ms.
TpTrace Verbose: 0 : 23096, 13, 2022/12/20, 19:12:36.338, 3518460295661, vstest.console.dll, MulticastDelegateUtilities.SafeInvoke: LengthPrefixCommunicationChannel: MessageReceived: Invoking callback 1/1 for Microsoft.VisualStudio.TestPlatform.CommunicationUtilities.TestRequestSender+<>c__DisplayClass31_0., took 0 ms.
TpTrace Verbose: 0 : 23096, 13, 2022/12/20, 19:12:36.338, 3518460296782, vstest.console.dll, TcpClientExtensions.MessageLoopAsync: Polling on remoteEndPoint: 127.0.0.1:56848 localEndPoint: 127.0.0.1:56847
TpTrace Verbose: 0 : 23096, 13, 2022/12/20, 19:12:36.338, 3518460297295, vstest.console.dll, TcpClientExtensions.MessageLoopAsync: NotifyDataAvailable remoteEndPoint: 127.0.0.1:56848 localEndPoint: 127.0.0.1:56847
TpTrace Verbose: 0 : 23096, 13, 2022/12/20, 19:12:36.338, 3518460297934, vstest.console.dll, TestRequestSender.OnExecutionMessageReceived: Received message: {"Version":7,"MessageType":"TestSession.Message","Payload":{"MessageLevel":0,"Message":"[xUnit.net 00:00:03.83]           Value = <null>"}}
TpTrace Verbose: 0 : 23096, 13, 2022/12/20, 19:12:36.338, 3518460298742, vstest.console.dll, TestRunRequest:SendTestRunMessage: Starting.
TpTrace Verbose: 0 : 23096, 13, 2022/12/20, 19:12:36.338, 3518460299302, vstest.console.dll, MulticastDelegateUtilities.SafeInvoke: TestRun.LogMessages: Invoking callback 1/1 for Microsoft.VisualStudio.TestPlatform.CommandLine.TestRunResultAggregator., took 0 ms.
TpTrace Information: 0 : 23096, 13, 2022/12/20, 19:12:36.338, 3518460299669, vstest.console.dll, TestRunRequest:SendTestRunMessage: Completed.
TpTrace Verbose: 0 : 23096, 13, 2022/12/20, 19:12:36.338, 3518460300042, vstest.console.dll, MulticastDelegateUtilities.SafeInvoke: LengthPrefixCommunicationChannel: MessageReceived: Invoking callback 1/1 for Microsoft.VisualStudio.TestPlatform.CommunicationUtilities.TestRequestSender+<>c__DisplayClass31_0., took 0 ms.
TpTrace Verbose: 0 : 23096, 4, 2022/12/20, 19:12:36.338, 3518460300302, vstest.console.dll, MulticastDelegateUtilities.SafeInvoke: InternalTestLoggerEvents.SendTestRunMessage: Invoking callback 1/1 for Microsoft.VisualStudio.TestPlatform.CommandLine.Internal.ConsoleLogger., took 0 ms.
TpTrace Verbose: 0 : 23096, 13, 2022/12/20, 19:12:36.338, 3518460300428, vstest.console.dll, TcpClientExtensions.MessageLoopAsync: Polling on remoteEndPoint: 127.0.0.1:56848 localEndPoint: 127.0.0.1:56847
TpTrace Verbose: 0 : 23096, 13, 2022/12/20, 19:12:36.338, 3518460301573, vstest.console.dll, TcpClientExtensions.MessageLoopAsync: NotifyDataAvailable remoteEndPoint: 127.0.0.1:56848 localEndPoint: 127.0.0.1:56847
TpTrace Verbose: 0 : 23096, 13, 2022/12/20, 19:12:36.338, 3518460302118, vstest.console.dll, TestRequestSender.OnExecutionMessageReceived: Received message: {"Version":7,"MessageType":"TestSession.Message","Payload":{"MessageLevel":0,"Message":"[xUnit.net 00:00:03.83]       }."}}
TpTrace Verbose: 0 : 23096, 13, 2022/12/20, 19:12:36.338, 3518460302859, vstest.console.dll, TestRunRequest:SendTestRunMessage: Starting.
TpTrace Verbose: 0 : 23096, 13, 2022/12/20, 19:12:36.339, 3518460304778, vstest.console.dll, MulticastDelegateUtilities.SafeInvoke: TestRun.LogMessages: Invoking callback 1/1 for Microsoft.VisualStudio.TestPlatform.CommandLine.TestRunResultAggregator., took 0 ms.
TpTrace Information: 0 : 23096, 13, 2022/12/20, 19:12:36.339, 3518460305279, vstest.console.dll, TestRunRequest:SendTestRunMessage: Completed.
TpTrace Verbose: 0 : 23096, 13, 2022/12/20, 19:12:36.339, 3518460305677, vstest.console.dll, MulticastDelegateUtilities.SafeInvoke: LengthPrefixCommunicationChannel: MessageReceived: Invoking callback 1/1 for Microsoft.VisualStudio.TestPlatform.CommunicationUtilities.TestRequestSender+<>c__DisplayClass31_0., took 0 ms.
TpTrace Verbose: 0 : 23096, 4, 2022/12/20, 19:12:36.339, 3518460305687, vstest.console.dll, MulticastDelegateUtilities.SafeInvoke: InternalTestLoggerEvents.SendTestRunMessage: Invoking callback 1/1 for Microsoft.VisualStudio.TestPlatform.CommandLine.Internal.ConsoleLogger., took 0 ms.
TpTrace Verbose: 0 : 23096, 13, 2022/12/20, 19:12:36.339, 3518460306129, vstest.console.dll, TcpClientExtensions.MessageLoopAsync: Polling on remoteEndPoint: 127.0.0.1:56848 localEndPoint: 127.0.0.1:56847
TpTrace Verbose: 0 : 23096, 13, 2022/12/20, 19:12:36.339, 3518460307354, vstest.console.dll, TcpClientExtensions.MessageLoopAsync: NotifyDataAvailable remoteEndPoint: 127.0.0.1:56848 localEndPoint: 127.0.0.1:56847
TpTrace Verbose: 0 : 23096, 13, 2022/12/20, 19:12:36.339, 3518460307985, vstest.console.dll, TestRequestSender.OnExecutionMessageReceived: Received message: {"Version":7,"MessageType":"TestSession.Message","Payload":{"MessageLevel":0,"Message":"[xUnit.net 00:00:03.83]       Stack Trace:"}}
TpTrace Verbose: 0 : 23096, 13, 2022/12/20, 19:12:36.339, 3518460308827, vstest.console.dll, TestRunRequest:SendTestRunMessage: Starting.
TpTrace Verbose: 0 : 23096, 13, 2022/12/20, 19:12:36.339, 3518460309369, vstest.console.dll, MulticastDelegateUtilities.SafeInvoke: TestRun.LogMessages: Invoking callback 1/1 for Microsoft.VisualStudio.TestPlatform.CommandLine.TestRunResultAggregator., took 0 ms.
TpTrace Information: 0 : 23096, 13, 2022/12/20, 19:12:36.339, 3518460309745, vstest.console.dll, TestRunRequest:SendTestRunMessage: Completed.
TpTrace Verbose: 0 : 23096, 13, 2022/12/20, 19:12:36.339, 3518460310128, vstest.console.dll, MulticastDelegateUtilities.SafeInvoke: LengthPrefixCommunicationChannel: MessageReceived: Invoking callback 1/1 for Microsoft.VisualStudio.TestPlatform.CommunicationUtilities.TestRequestSender+<>c__DisplayClass31_0., took 0 ms.
TpTrace Verbose: 0 : 23096, 4, 2022/12/20, 19:12:36.339, 3518460310190, vstest.console.dll, MulticastDelegateUtilities.SafeInvoke: InternalTestLoggerEvents.SendTestRunMessage: Invoking callback 1/1 for Microsoft.VisualStudio.TestPlatform.CommandLine.Internal.ConsoleLogger., took 0 ms.
TpTrace Verbose: 0 : 23096, 13, 2022/12/20, 19:12:36.339, 3518460310542, vstest.console.dll, TcpClientExtensions.MessageLoopAsync: Polling on remoteEndPoint: 127.0.0.1:56848 localEndPoint: 127.0.0.1:56847
TpTrace Verbose: 0 : 23096, 13, 2022/12/20, 19:12:36.339, 3518460311718, vstest.console.dll, TcpClientExtensions.MessageLoopAsync: NotifyDataAvailable remoteEndPoint: 127.0.0.1:56848 localEndPoint: 127.0.0.1:56847
TpTrace Verbose: 0 : 23096, 13, 2022/12/20, 19:12:36.339, 3518460312303, vstest.console.dll, TestRequestSender.OnExecutionMessageReceived: Received message: {"Version":7,"MessageType":"TestSession.Message","Payload":{"MessageLevel":0,"Message":"[xUnit.net 00:00:03.83]            at FluentAssertions.Execution.XUnit2TestFramework.Throw(String message)"}}
TpTrace Verbose: 0 : 23096, 13, 2022/12/20, 19:12:36.339, 3518460313034, vstest.console.dll, TestRunRequest:SendTestRunMessage: Starting.
TpTrace Verbose: 0 : 23096, 13, 2022/12/20, 19:12:36.340, 3518460313551, vstest.console.dll, MulticastDelegateUtilities.SafeInvoke: TestRun.LogMessages: Invoking callback 1/1 for Microsoft.VisualStudio.TestPlatform.CommandLine.TestRunResultAggregator., took 0 ms.
TpTrace Information: 0 : 23096, 13, 2022/12/20, 19:12:36.340, 3518460313966, vstest.console.dll, TestRunRequest:SendTestRunMessage: Completed.
TpTrace Verbose: 0 : 23096, 4, 2022/12/20, 19:12:36.340, 3518460314130, vstest.console.dll, MulticastDelegateUtilities.SafeInvoke: InternalTestLoggerEvents.SendTestRunMessage: Invoking callback 1/1 for Microsoft.VisualStudio.TestPlatform.CommandLine.Internal.ConsoleLogger., took 0 ms.
TpTrace Verbose: 0 : 23096, 13, 2022/12/20, 19:12:36.340, 3518460314997, vstest.console.dll, MulticastDelegateUtilities.SafeInvoke: LengthPrefixCommunicationChannel: MessageReceived: Invoking callback 1/1 for Microsoft.VisualStudio.TestPlatform.CommunicationUtilities.TestRequestSender+<>c__DisplayClass31_0., took 0 ms.
TpTrace Verbose: 0 : 23096, 13, 2022/12/20, 19:12:36.340, 3518460315422, vstest.console.dll, TcpClientExtensions.MessageLoopAsync: Polling on remoteEndPoint: 127.0.0.1:56848 localEndPoint: 127.0.0.1:56847
TpTrace Verbose: 0 : 23096, 13, 2022/12/20, 19:12:36.340, 3518460315899, vstest.console.dll, TcpClientExtensions.MessageLoopAsync: NotifyDataAvailable remoteEndPoint: 127.0.0.1:56848 localEndPoint: 127.0.0.1:56847
TpTrace Verbose: 0 : 23096, 13, 2022/12/20, 19:12:36.340, 3518460316488, vstest.console.dll, TestRequestSender.OnExecutionMessageReceived: Received message: {"Version":7,"MessageType":"TestSession.Message","Payload":{"MessageLevel":0,"Message":"[xUnit.net 00:00:03.83]            at FluentAssertions.Execution.TestFrameworkProvider.Throw(String message)"}}
TpTrace Verbose: 0 : 23096, 13, 2022/12/20, 19:12:36.340, 3518460317201, vstest.console.dll, TestRunRequest:SendTestRunMessage: Starting.
TpTrace Verbose: 0 : 23096, 13, 2022/12/20, 19:12:36.340, 3518460317731, vstest.console.dll, MulticastDelegateUtilities.SafeInvoke: TestRun.LogMessages: Invoking callback 1/1 for Microsoft.VisualStudio.TestPlatform.CommandLine.TestRunResultAggregator., took 0 ms.
TpTrace Information: 0 : 23096, 13, 2022/12/20, 19:12:36.340, 3518460318096, vstest.console.dll, TestRunRequest:SendTestRunMessage: Completed.
TpTrace Verbose: 0 : 23096, 13, 2022/12/20, 19:12:36.340, 3518460318476, vstest.console.dll, MulticastDelegateUtilities.SafeInvoke: LengthPrefixCommunicationChannel: MessageReceived: Invoking callback 1/1 for Microsoft.VisualStudio.TestPlatform.CommunicationUtilities.TestRequestSender+<>c__DisplayClass31_0., took 0 ms.
TpTrace Verbose: 0 : 23096, 4, 2022/12/20, 19:12:36.340, 3518460318773, vstest.console.dll, MulticastDelegateUtilities.SafeInvoke: InternalTestLoggerEvents.SendTestRunMessage: Invoking callback 1/1 for Microsoft.VisualStudio.TestPlatform.CommandLine.Internal.ConsoleLogger., took 0 ms.
TpTrace Verbose: 0 : 23096, 13, 2022/12/20, 19:12:36.340, 3518460318859, vstest.console.dll, TcpClientExtensions.MessageLoopAsync: Polling on remoteEndPoint: 127.0.0.1:56848 localEndPoint: 127.0.0.1:56847
TpTrace Verbose: 0 : 23096, 13, 2022/12/20, 19:12:36.340, 3518460319998, vstest.console.dll, TcpClientExtensions.MessageLoopAsync: NotifyDataAvailable remoteEndPoint: 127.0.0.1:56848 localEndPoint: 127.0.0.1:56847
TpTrace Verbose: 0 : 23096, 13, 2022/12/20, 19:12:36.340, 3518460320596, vstest.console.dll, TestRequestSender.OnExecutionMessageReceived: Received message: {"Version":7,"MessageType":"TestSession.Message","Payload":{"MessageLevel":0,"Message":"[xUnit.net 00:00:03.83]            at FluentAssertions.Execution.DefaultAssertionStrategy.HandleFailure(String message)"}}
TpTrace Verbose: 0 : 23096, 13, 2022/12/20, 19:12:36.340, 3518460321329, vstest.console.dll, TestRunRequest:SendTestRunMessage: Starting.
TpTrace Verbose: 0 : 23096, 13, 2022/12/20, 19:12:36.340, 3518460321858, vstest.console.dll, MulticastDelegateUtilities.SafeInvoke: TestRun.LogMessages: Invoking callback 1/1 for Microsoft.VisualStudio.TestPlatform.CommandLine.TestRunResultAggregator., took 0 ms.
TpTrace Information: 0 : 23096, 13, 2022/12/20, 19:12:36.340, 3518460322231, vstest.console.dll, TestRunRequest:SendTestRunMessage: Completed.
TpTrace Verbose: 0 : 23096, 4, 2022/12/20, 19:12:36.340, 3518460322450, vstest.console.dll, MulticastDelegateUtilities.SafeInvoke: InternalTestLoggerEvents.SendTestRunMessage: Invoking callback 1/1 for Microsoft.VisualStudio.TestPlatform.CommandLine.Internal.ConsoleLogger., took 0 ms.
TpTrace Verbose: 0 : 23096, 13, 2022/12/20, 19:12:36.340, 3518460322620, vstest.console.dll, MulticastDelegateUtilities.SafeInvoke: LengthPrefixCommunicationChannel: MessageReceived: Invoking callback 1/1 for Microsoft.VisualStudio.TestPlatform.CommunicationUtilities.TestRequestSender+<>c__DisplayClass31_0., took 0 ms.
TpTrace Verbose: 0 : 23096, 13, 2022/12/20, 19:12:36.341, 3518460324045, vstest.console.dll, TcpClientExtensions.MessageLoopAsync: Polling on remoteEndPoint: 127.0.0.1:56848 localEndPoint: 127.0.0.1:56847
TpTrace Verbose: 0 : 23096, 13, 2022/12/20, 19:12:36.341, 3518460324684, vstest.console.dll, TcpClientExtensions.MessageLoopAsync: NotifyDataAvailable remoteEndPoint: 127.0.0.1:56848 localEndPoint: 127.0.0.1:56847
TpTrace Verbose: 0 : 23096, 13, 2022/12/20, 19:12:36.341, 3518460325419, vstest.console.dll, TestRequestSender.OnExecutionMessageReceived: Received message: {"Version":7,"MessageType":"TestSession.Message","Payload":{"MessageLevel":0,"Message":"[xUnit.net 00:00:03.83]            at FluentAssertions.Execution.AssertionScope.FailWith(Func`1 failReasonFunc)"}}
TpTrace Verbose: 0 : 23096, 13, 2022/12/20, 19:12:36.341, 3518460326405, vstest.console.dll, TestRunRequest:SendTestRunMessage: Starting.
TpTrace Verbose: 0 : 23096, 13, 2022/12/20, 19:12:36.341, 3518460327071, vstest.console.dll, MulticastDelegateUtilities.SafeInvoke: TestRun.LogMessages: Invoking callback 1/1 for Microsoft.VisualStudio.TestPlatform.CommandLine.TestRunResultAggregator., took 0 ms.
TpTrace Information: 0 : 23096, 13, 2022/12/20, 19:12:36.341, 3518460327466, vstest.console.dll, TestRunRequest:SendTestRunMessage: Completed.
TpTrace Verbose: 0 : 23096, 4, 2022/12/20, 19:12:36.341, 3518460327815, vstest.console.dll, MulticastDelegateUtilities.SafeInvoke: InternalTestLoggerEvents.SendTestRunMessage: Invoking callback 1/1 for Microsoft.VisualStudio.TestPlatform.CommandLine.Internal.ConsoleLogger., took 0 ms.
TpTrace Verbose: 0 : 23096, 13, 2022/12/20, 19:12:36.341, 3518460327870, vstest.console.dll, MulticastDelegateUtilities.SafeInvoke: LengthPrefixCommunicationChannel: MessageReceived: Invoking callback 1/1 for Microsoft.VisualStudio.TestPlatform.CommunicationUtilities.TestRequestSender+<>c__DisplayClass31_0., took 0 ms.
TpTrace Verbose: 0 : 23096, 13, 2022/12/20, 19:12:36.341, 3518460329259, vstest.console.dll, TcpClientExtensions.MessageLoopAsync: Polling on remoteEndPoint: 127.0.0.1:56848 localEndPoint: 127.0.0.1:56847
TpTrace Verbose: 0 : 23096, 13, 2022/12/20, 19:12:36.341, 3518460329794, vstest.console.dll, TcpClientExtensions.MessageLoopAsync: NotifyDataAvailable remoteEndPoint: 127.0.0.1:56848 localEndPoint: 127.0.0.1:56847
TpTrace Verbose: 0 : 23096, 13, 2022/12/20, 19:12:36.341, 3518460330504, vstest.console.dll, TestRequestSender.OnExecutionMessageReceived: Received message: {"Version":7,"MessageType":"TestSession.Message","Payload":{"MessageLevel":0,"Message":"[xUnit.net 00:00:03.83]            at FluentAssertions.Execution.AssertionScope.FailWith(Func`1 failReasonFunc)"}}
TpTrace Verbose: 0 : 23096, 13, 2022/12/20, 19:12:36.341, 3518460331431, vstest.console.dll, TestRunRequest:SendTestRunMessage: Starting.
TpTrace Verbose: 0 : 23096, 13, 2022/12/20, 19:12:36.341, 3518460332079, vstest.console.dll, MulticastDelegateUtilities.SafeInvoke: TestRun.LogMessages: Invoking callback 1/1 for Microsoft.VisualStudio.TestPlatform.CommandLine.TestRunResultAggregator., took 0 ms.
TpTrace Information: 0 : 23096, 13, 2022/12/20, 19:12:36.341, 3518460332446, vstest.console.dll, TestRunRequest:SendTestRunMessage: Completed.
TpTrace Verbose: 0 : 23096, 13, 2022/12/20, 19:12:36.341, 3518460332793, vstest.console.dll, MulticastDelegateUtilities.SafeInvoke: LengthPrefixCommunicationChannel: MessageReceived: Invoking callback 1/1 for Microsoft.VisualStudio.TestPlatform.CommunicationUtilities.TestRequestSender+<>c__DisplayClass31_0., took 0 ms.
TpTrace Verbose: 0 : 23096, 13, 2022/12/20, 19:12:36.341, 3518460333267, vstest.console.dll, TcpClientExtensions.MessageLoopAsync: Polling on remoteEndPoint: 127.0.0.1:56848 localEndPoint: 127.0.0.1:56847
TpTrace Verbose: 0 : 23096, 4, 2022/12/20, 19:12:36.341, 3518460332809, vstest.console.dll, MulticastDelegateUtilities.SafeInvoke: InternalTestLoggerEvents.SendTestRunMessage: Invoking callback 1/1 for Microsoft.VisualStudio.TestPlatform.CommandLine.Internal.ConsoleLogger., took 0 ms.
TpTrace Verbose: 0 : 23096, 13, 2022/12/20, 19:12:36.342, 3518460333792, vstest.console.dll, TcpClientExtensions.MessageLoopAsync: NotifyDataAvailable remoteEndPoint: 127.0.0.1:56848 localEndPoint: 127.0.0.1:56847
TpTrace Verbose: 0 : 23096, 13, 2022/12/20, 19:12:36.342, 3518460335150, vstest.console.dll, TestRequestSender.OnExecutionMessageReceived: Received message: {"Version":7,"MessageType":"TestSession.Message","Payload":{"MessageLevel":0,"Message":"[xUnit.net 00:00:03.84]            at FluentAssertions.Execution.AssertionScope.FailWith(String message, Object[] args)"}}
TpTrace Verbose: 0 : 23096, 13, 2022/12/20, 19:12:36.342, 3518460336303, vstest.console.dll, TestRunRequest:SendTestRunMessage: Starting.
TpTrace Verbose: 0 : 23096, 13, 2022/12/20, 19:12:36.342, 3518460336865, vstest.console.dll, MulticastDelegateUtilities.SafeInvoke: TestRun.LogMessages: Invoking callback 1/1 for Microsoft.VisualStudio.TestPlatform.CommandLine.TestRunResultAggregator., took 0 ms.
TpTrace Information: 0 : 23096, 13, 2022/12/20, 19:12:36.342, 3518460337229, vstest.console.dll, TestRunRequest:SendTestRunMessage: Completed.
TpTrace Verbose: 0 : 23096, 13, 2022/12/20, 19:12:36.342, 3518460337507, vstest.console.dll, MulticastDelegateUtilities.SafeInvoke: LengthPrefixCommunicationChannel: MessageReceived: Invoking callback 1/1 for Microsoft.VisualStudio.TestPlatform.CommunicationUtilities.TestRequestSender+<>c__DisplayClass31_0., took 0 ms.
TpTrace Verbose: 0 : 23096, 4, 2022/12/20, 19:12:36.342, 3518460337002, vstest.console.dll, MulticastDelegateUtilities.SafeInvoke: InternalTestLoggerEvents.SendTestRunMessage: Invoking callback 1/1 for Microsoft.VisualStudio.TestPlatform.CommandLine.Internal.ConsoleLogger., took 0 ms.
TpTrace Verbose: 0 : 23096, 13, 2022/12/20, 19:12:36.342, 3518460338425, vstest.console.dll, TcpClientExtensions.MessageLoopAsync: Polling on remoteEndPoint: 127.0.0.1:56848 localEndPoint: 127.0.0.1:56847
TpTrace Verbose: 0 : 23096, 13, 2022/12/20, 19:12:36.342, 3518460338915, vstest.console.dll, TcpClientExtensions.MessageLoopAsync: NotifyDataAvailable remoteEndPoint: 127.0.0.1:56848 localEndPoint: 127.0.0.1:56847
TpTrace Verbose: 0 : 23096, 13, 2022/12/20, 19:12:36.342, 3518460339363, vstest.console.dll, TestRequestSender.OnExecutionMessageReceived: Received message: {"Version":7,"MessageType":"TestSession.Message","Payload":{"MessageLevel":0,"Message":"[xUnit.net 00:00:03.84]            at FluentAssertions.Primitives.ObjectAssertions`2.Be(TSubject expected, String because, Object[] becauseArgs)"}}
TpTrace Verbose: 0 : 23096, 13, 2022/12/20, 19:12:36.342, 3518460340035, vstest.console.dll, TestRunRequest:SendTestRunMessage: Starting.
TpTrace Verbose: 0 : 23096, 13, 2022/12/20, 19:12:36.342, 3518460340400, vstest.console.dll, MulticastDelegateUtilities.SafeInvoke: TestRun.LogMessages: Invoking callback 1/1 for Microsoft.VisualStudio.TestPlatform.CommandLine.TestRunResultAggregator., took 0 ms.
TpTrace Information: 0 : 23096, 13, 2022/12/20, 19:12:36.342, 3518460340634, vstest.console.dll, TestRunRequest:SendTestRunMessage: Completed.
TpTrace Verbose: 0 : 23096, 13, 2022/12/20, 19:12:36.342, 3518460340864, vstest.console.dll, MulticastDelegateUtilities.SafeInvoke: LengthPrefixCommunicationChannel: MessageReceived: Invoking callback 1/1 for Microsoft.VisualStudio.TestPlatform.CommunicationUtilities.TestRequestSender+<>c__DisplayClass31_0., took 0 ms.
TpTrace Verbose: 0 : 23096, 13, 2022/12/20, 19:12:36.342, 3518460341108, vstest.console.dll, TcpClientExtensions.MessageLoopAsync: Polling on remoteEndPoint: 127.0.0.1:56848 localEndPoint: 127.0.0.1:56847
TpTrace Verbose: 0 : 23096, 13, 2022/12/20, 19:12:36.342, 3518460341443, vstest.console.dll, TcpClientExtensions.MessageLoopAsync: NotifyDataAvailable remoteEndPoint: 127.0.0.1:56848 localEndPoint: 127.0.0.1:56847
TpTrace Verbose: 0 : 23096, 4, 2022/12/20, 19:12:36.342, 3518460341108, vstest.console.dll, MulticastDelegateUtilities.SafeInvoke: InternalTestLoggerEvents.SendTestRunMessage: Invoking callback 1/1 for Microsoft.VisualStudio.TestPlatform.CommandLine.Internal.ConsoleLogger., took 0 ms.
TpTrace Verbose: 0 : 23096, 13, 2022/12/20, 19:12:36.342, 3518460341863, vstest.console.dll, TestRequestSender.OnExecutionMessageReceived: Received message: {"Version":7,"MessageType":"TestSession.Message","Payload":{"MessageLevel":0,"Message":"[xUnit.net 00:00:03.84]         C:\\Projetos - .NET\\API\\WebAPI\\Projects\\WebAPIMedGrupo\\UnitTestMed\\UnitTest1.cs(61,0): at UnitTestMed.ContactControllerTest.CreateContact_ShouldReturnCreateContact()"}}
TpTrace Verbose: 0 : 23096, 13, 2022/12/20, 19:12:36.342, 3518460342982, vstest.console.dll, TestRunRequest:SendTestRunMessage: Starting.
TpTrace Verbose: 0 : 23096, 13, 2022/12/20, 19:12:36.343, 3518460343328, vstest.console.dll, MulticastDelegateUtilities.SafeInvoke: TestRun.LogMessages: Invoking callback 1/1 for Microsoft.VisualStudio.TestPlatform.CommandLine.TestRunResultAggregator., took 0 ms.
TpTrace Information: 0 : 23096, 13, 2022/12/20, 19:12:36.343, 3518460343562, vstest.console.dll, TestRunRequest:SendTestRunMessage: Completed.
TpTrace Verbose: 0 : 23096, 13, 2022/12/20, 19:12:36.343, 3518460343807, vstest.console.dll, MulticastDelegateUtilities.SafeInvoke: LengthPrefixCommunicationChannel: MessageReceived: Invoking callback 1/1 for Microsoft.VisualStudio.TestPlatform.CommunicationUtilities.TestRequestSender+<>c__DisplayClass31_0., took 0 ms.
TpTrace Verbose: 0 : 23096, 4, 2022/12/20, 19:12:36.343, 3518460343936, vstest.console.dll, MulticastDelegateUtilities.SafeInvoke: InternalTestLoggerEvents.SendTestRunMessage: Invoking callback 1/1 for Microsoft.VisualStudio.TestPlatform.CommandLine.Internal.ConsoleLogger., took 0 ms.
TpTrace Verbose: 0 : 23096, 13, 2022/12/20, 19:12:36.343, 3518460344044, vstest.console.dll, TcpClientExtensions.MessageLoopAsync: Polling on remoteEndPoint: 127.0.0.1:56848 localEndPoint: 127.0.0.1:56847
TpTrace Verbose: 0 : 23096, 13, 2022/12/20, 19:12:36.386, 3518460781569, vstest.console.dll, TcpClientExtensions.MessageLoopAsync: NotifyDataAvailable remoteEndPoint: 127.0.0.1:56848 localEndPoint: 127.0.0.1:56847
TpTrace Verbose: 0 : 23096, 13, 2022/12/20, 19:12:36.387, 3518460784279, vstest.console.dll, TestRequestSender.OnExecutionMessageReceived: Received message: {"Version":7,"MessageType":"TestSession.Message","Payload":{"MessageLevel":0,"Message":"[xUnit.net 00:00:03.89]   Finished:    UnitTestMed"}}
TpTrace Verbose: 0 : 23096, 13, 2022/12/20, 19:12:36.387, 3518460786203, vstest.console.dll, TestRunRequest:SendTestRunMessage: Starting.
TpTrace Verbose: 0 : 23096, 13, 2022/12/20, 19:12:36.387, 3518460787055, vstest.console.dll, MulticastDelegateUtilities.SafeInvoke: TestRun.LogMessages: Invoking callback 1/1 for Microsoft.VisualStudio.TestPlatform.CommandLine.TestRunResultAggregator., took 0 ms.
TpTrace Information: 0 : 23096, 13, 2022/12/20, 19:12:36.387, 3518460787444, vstest.console.dll, TestRunRequest:SendTestRunMessage: Completed.
TpTrace Verbose: 0 : 23096, 4, 2022/12/20, 19:12:36.387, 3518460787545, vstest.console.dll, MulticastDelegateUtilities.SafeInvoke: InternalTestLoggerEvents.SendTestRunMessage: Invoking callback 1/1 for Microsoft.VisualStudio.TestPlatform.CommandLine.Internal.ConsoleLogger., took 0 ms.
TpTrace Verbose: 0 : 23096, 13, 2022/12/20, 19:12:36.387, 3518460788810, vstest.console.dll, MulticastDelegateUtilities.SafeInvoke: LengthPrefixCommunicationChannel: MessageReceived: Invoking callback 1/1 for Microsoft.VisualStudio.TestPlatform.CommunicationUtilities.TestRequestSender+<>c__DisplayClass31_0., took 0 ms.
TpTrace Verbose: 0 : 23096, 13, 2022/12/20, 19:12:36.387, 3518460789715, vstest.console.dll, TcpClientExtensions.MessageLoopAsync: Polling on remoteEndPoint: 127.0.0.1:56848 localEndPoint: 127.0.0.1:56847
TpTrace Verbose: 0 : 23096, 13, 2022/12/20, 19:12:36.441, 3518461327537, vstest.console.dll, TcpClientExtensions.MessageLoopAsync: NotifyDataAvailable remoteEndPoint: 127.0.0.1:56848 localEndPoint: 127.0.0.1:56847
TpTrace Verbose: 0 : 23096, 13, 2022/12/20, 19:12:36.441, 3518461330935, vstest.console.dll, TestRequestSender.OnExecutionMessageReceived: Received message: {"Version":7,"MessageType":"TestExecution.Completed","Payload":{"TestRunCompleteArgs":{"TestRunStatistics":{"ExecutedTests":2,"Stats":{"Failed":1,"Passed":1}},"IsCanceled":false,"IsAborted":false,"Error":null,"AttachmentSets":[],"InvokedDataCollectors":[],"ElapsedTimeInRunningTests":"00:00:03.9058694","Metrics":{},"DiscoveredExtensions":{"TestDiscoverers":["Xunit.Runner.VisualStudio.VsTestRunner, xunit.runner.visualstudio.dotnetcore.testadapter, Version=2.4.0.0, Culture=neutral, PublicKeyToken=8d05b1bb7a6fdb6c"],"TestExecutors":["executor://xunit/VsTestRunner2/netcoreapp"],"TestExecutors2":[],"TestSettingsProviders":[]}},"LastRunTests":{"NewTestResults":[{"TestCase":{"Id":"06d14410-cd22-a018-9e69-9b8b7ec17f63","FullyQualifiedName":"UnitTestMed.ContactControllerTest.CreateContact_ShouldReturnCreateContact","DisplayName":"UnitTestMed.ContactControllerTest.CreateContact_ShouldReturnCreateContact","ExecutorUri":"executor://xunit/VsTestRunner2/netcoreapp","Source":"C:\\Projetos - .NET\\API\\WebAPI\\Projects\\WebAPIMedGrupo\\UnitTestMed\\bin\\Debug\\net6.0\\fine-code-coverage\\build-output\\UnitTestMed.dll","CodeFilePath":null,"LineNumber":0,"Properties":[]},"Attachments":[],"Outcome":2,"ErrorMessage":"Expected result.Result to be MedGrupo.Business.ViewModel.ContactViewModel\r\n{\r\n    Age = 0, \r\n    Birthdate = <1999-06-16>, \r\n    Genre = Genre.Masculino {value: 1}, \r\n    Id = {cda68e50-f5d5-4e2b-99d8-ff5fad9f41ee}, \r\n    IsActive = True, \r\n    MsgErro = <null>, \r\n    Name = \"Enzo\", \r\n    Valid = True\r\n}, but found Microsoft.AspNetCore.Mvc.ActionResult`1[[MedGrupo.Business.ViewModel.ContactViewModel, MedGrupo.Business, Version=1.0.0.0, Culture=neutral, PublicKeyToken=null]]\r\n{\r\n    Result = \r\n    Microsoft.AspNetCore.Mvc.CreatedAtActionResult\r\n    {\r\n        ActionName = \"GetContact\", \r\n        ContentTypes = {empty}, \r\n        ControllerName = <null>, \r\n        DeclaredType = <null>, \r\n        Formatters = {empty}, \r\n        RouteValues = {[id, cda68e50-f5d5-4e2b-99d8-ff5fad9f41ee]}, \r\n        StatusCode = 201, \r\n        UrlHelper = <null>, \r\n        Value = \r\n        MedGrupo.Business.ViewModel.ContactViewModel\r\n        {\r\n            Age = 0, \r\n            Birthdate = <1999-06-16>, \r\n            Genre = Genre.Masculino {value: 1}, \r\n            Id = {cda68e50-f5d5-4e2b-99d8-ff5fad9f41ee}, \r\n            IsActive = True, \r\n            MsgErro = <null>, \r\n            Name = \"Enzo\", \r\n            Valid = True\r\n        }\r\n    }, \r\n    Value = <null>\r\n}.","ErrorStackTrace":"   at FluentAssertions.Execution.XUnit2TestFramework.Throw(String message)\r\n   at FluentAssertions.Execution.TestFrameworkProvider.Throw(String message)\r\n   at FluentAssertions.Execution.DefaultAssertionStrategy.HandleFailure(String message)\r\n   at FluentAssertions.Execution.AssertionScope.FailWith(Func`1 failReasonFunc)\r\n   at FluentAssertions.Execution.AssertionScope.FailWith(Func`1 failReasonFunc)\r\n   at FluentAssertions.Execution.AssertionScope.FailWith(String message, Object[] args)\r\n   at FluentAssertions.Primitives.ObjectAssertions`2.Be(TSubject expected, String because, Object[] becauseArgs)\r\n   at UnitTestMed.ContactControllerTest.CreateContact_ShouldReturnCreateContact() in C:\\Projetos - .NET\\API\\WebAPI\\Projects\\WebAPIMedGrupo\\UnitTestMed\\UnitTest1.cs:line 61","DisplayName":"UnitTestMed.ContactControllerTest.CreateContact_ShouldReturnCreateContact","Messages":[],"ComputerName":"ENZO","Duration":"00:00:00.4269587","StartTime":"2022-12-20T22:12:36.3387138+00:00","EndTime":"2022-12-20T22:12:36.338759+00:00","Properties":[]},{"TestCase":{"Id":"2adbb53d-9564-ce5a-7ce6-fd895a722e62","FullyQualifiedName":"UnitTestMed.ContactControllerTest.GetAllContacts_ShouldReturnAllContact","DisplayName":"UnitTestMed.ContactControllerTest.GetAllContacts_ShouldReturnAllContact","ExecutorUri":"executor://xunit/VsTestRunner2/netcoreapp","Source":"C:\\Projetos - .NET\\API\\WebAPI\\Projects\\WebAPIMedGrupo\\UnitTestMed\\bin\\Debug\\net6.0\\fine-code-coverage\\build-output\\UnitTestMed.dll","CodeFilePath":null,"LineNumber":0,"Properties":[]},"Attachments":[],"Outcome":1,"ErrorMessage":null,"ErrorStackTrace":null,"DisplayName":"UnitTestMed.ContactControllerTest.GetAllContacts_ShouldReturnAllContact","Messages":[],"ComputerName":"ENZO","Duration":"00:00:00.0644834","StartTime":"2022-12-20T22:12:36.3777279+00:00","EndTime":"2022-12-20T22:12:36.3777282+00:00","Properties":[]}],"TestRunStatistics":{"ExecutedTests":2,"Stats":{"Failed":1,"Passed":1}},"ActiveTests":[]},"RunAttachments":[],"ExecutorUris":["executor://xunit/VsTestRunner2/netcoreapp"]}}
TpTrace Verbose: 0 : 23096, 13, 2022/12/20, 19:12:36.441, 3518461332823, vstest.console.dll, TestRequestSender.EndSession: Sending end session.
TpTrace Verbose: 0 : 23096, 13, 2022/12/20, 19:12:36.442, 3518461335559, vstest.console.dll, ProxyOperationManager.Close: waiting for test host to exit for 100 ms
TpTrace Warning: 0 : 23096, 11, 2022/12/20, 19:12:36.493, 3518461851029, vstest.console.dll, TestHostManagerCallbacks.ErrorReceivedCallback Test host standard error line: 
TpTrace Verbose: 0 : 23096, 11, 2022/12/20, 19:12:36.534, 3518462257144, vstest.console.dll, TestHostProvider.ExitCallBack: Host exited starting callback.
TpTrace Information: 0 : 23096, 11, 2022/12/20, 19:12:36.534, 3518462259398, vstest.console.dll, TestHostManagerCallbacks.ExitCallBack: Testhost processId: 15604 exited with exitcode: 0 error: ''
TpTrace Verbose: 0 : 23096, 11, 2022/12/20, 19:12:36.534, 3518462259843, vstest.console.dll, DotnetTestHostManager.OnHostExited: invoking OnHostExited callback
TpTrace Verbose: 0 : 23096, 11, 2022/12/20, 19:12:36.534, 3518462260533, vstest.console.dll, CrossPlatEngine.TestHostManagerHostExited: calling on client process exit callback.
TpTrace Information: 0 : 23096, 11, 2022/12/20, 19:12:36.534, 3518462261053, vstest.console.dll, TestRequestSender.OnClientProcessExit: Test host process exited. Standard error: 
TpTrace Information: 0 : 23096, 11, 2022/12/20, 19:12:36.534, 3518462261421, vstest.console.dll, SocketServer.Stop: Stop server endPoint: 127.0.0.1:56847
TpTrace Information: 0 : 23096, 11, 2022/12/20, 19:12:36.534, 3518462261661, vstest.console.dll, SocketServer.Stop: Cancellation requested. Stopping message loop.
TpTrace Information: 0 : 23096, 13, 2022/12/20, 19:12:36.534, 3518462262527, vstest.console.dll, SocketServer.Stop: Stop server endPoint: 127.0.0.1:56847
TpTrace Verbose: 0 : 23096, 11, 2022/12/20, 19:12:36.534, 3518462262668, vstest.console.dll, MulticastDelegateUtilities.SafeInvoke: HostProviderEvents.OnHostExited: Invoking callback 1/1 for Microsoft.VisualStudio.TestPlatform.CrossPlatEngine.Client.ProxyOperationManager., took 0 ms.
TpTrace Information: 0 : 23096, 13, 2022/12/20, 19:12:36.535, 3518462263361, vstest.console.dll, SocketServer.Stop: Cancellation requested. Stopping message loop.
TpTrace Information: 0 : 23096, 13, 2022/12/20, 19:12:36.535, 3518462264599, vstest.console.dll, Closing the connection
TpTrace Verbose: 0 : 23096, 13, 2022/12/20, 19:12:36.535, 3518462267209, vstest.console.dll, ProxyDataCollectionManager.InvokeDataCollectionServiceAction: Starting.
TpTrace Information: 0 : 23096, 13, 2022/12/20, 19:12:36.535, 3518462267676, vstest.console.dll, ProxyDataCollectionManager.AfterTestRunEnd: Get attachment set and invoked data collectors processId: 8860 port: 56844
TpTrace Verbose: 0 : 23096, 13, 2022/12/20, 19:12:36.535, 3518462268156, vstest.console.dll, DataCollectionRequestSender.SendAfterTestRunStartAndGetResult: Send AfterTestRunEnd message with isCancelled: False
TpTrace Verbose: 0 : 23096, 13, 2022/12/20, 19:12:36.546, 3518462381330, vstest.console.dll, DataCollectionRequestSender.SendAfterTestRunStartAndGetResult: Received message: (DataCollection.AfterTestRunEndResult) -> {"MessageType":"DataCollection.AfterTestRunEndResult","Payload":{"AttachmentSets":[],"InvokedDataCollectors":[{"Uri":"datacollector://Microsoft/TestPlatform/Extensions/Blame/v1","FriendlyName":"Blame","AssemblyQualifiedName":"Microsoft.TestPlatform.Extensions.BlameDataCollector.BlameCollector, Microsoft.TestPlatform.Extensions.BlameDataCollector, Version=15.0.0.0, Culture=neutral, PublicKeyToken=b03f5f7f11d50a3a","FilePath":"C:\\Program Files\\dotnet\\sdk\\7.0.100\\Extensions\\Microsoft.TestPlatform.Extensions.BlameDataCollector.dll","HasAttachmentProcessor":false}],"Metrics":{}}}
TpTrace Information: 0 : 23096, 13, 2022/12/20, 19:12:36.554, 3518462457829, vstest.console.dll, ProxyDataCollectionManager.InvokeDataCollectionServiceAction: Completed.
TpTrace Warning: 0 : 23096, 9, 2022/12/20, 19:12:36.586, 3518462778527, vstest.console.dll, DataCollectionLauncher.ErrorReceivedCallback datacollector standard error line: 
TpTrace Information: 0 : 23096, 9, 2022/12/20, 19:12:36.597, 3518462888386, vstest.console.dll, DataCollectionLauncher.ExitCallBack: Data collector exited with exitcode: 0 error: ''
TpTrace Verbose: 0 : 23096, 13, 2022/12/20, 19:12:36.626, 3518463176046, vstest.console.dll, TestRunRequest:SendTestRunStatsChange: Starting.
TpTrace Verbose: 0 : 23096, 13, 2022/12/20, 19:12:36.626, 3518463179305, vstest.console.dll, MulticastDelegateUtilities.SafeInvoke: TestRun.RunStatsChanged: Invoking callbacks was skipped because there are no subscribers.
TpTrace Information: 0 : 23096, 13, 2022/12/20, 19:12:36.626, 3518463179744, vstest.console.dll, TestRunRequest:SendTestRunStatsChange: Completed.
TpTrace Verbose: 0 : 23096, 13, 2022/12/20, 19:12:36.627, 3518463184756, vstest.console.dll, ParallelProxyExecutionManager: HandlePartialRunComplete: Total completed clients = 1, Run complete = True, Run canceled: False.
TpTrace Verbose: 0 : 23096, 4, 2022/12/20, 19:12:36.629, 3518463211286, vstest.console.dll, MulticastDelegateUtilities.SafeInvoke: InternalTestLoggerEvents.SendTestResult: Invoking callback 1/1 for Microsoft.VisualStudio.TestPlatform.CommandLine.Internal.ConsoleLogger., took 3 ms.
TpTrace Verbose: 0 : 23096, 4, 2022/12/20, 19:12:36.630, 3518463216297, vstest.console.dll, MulticastDelegateUtilities.SafeInvoke: InternalTestLoggerEvents.SendTestResult: Invoking callback 1/1 for Microsoft.VisualStudio.TestPlatform.CommandLine.Internal.ConsoleLogger., took 0 ms.
TpTrace Verbose: 0 : 23096, 4, 2022/12/20, 19:12:36.641, 3518463327960, vstest.console.dll, MulticastDelegateUtilities.SafeInvoke: InternalTestLoggerEvents.SendTestRunComplete: Invoking callback 1/2 for Microsoft.TestPlatform.Extensions.BlameDataCollector.BlameLogger., took 0 ms.
TpTrace Verbose: 0 : 23096, 4, 2022/12/20, 19:12:36.650, 3518463418681, vstest.console.dll, MulticastDelegateUtilities.SafeInvoke: InternalTestLoggerEvents.SendTestRunComplete: Invoking callback 2/2 for Microsoft.VisualStudio.TestPlatform.CommandLine.Internal.ConsoleLogger., took 8 ms.
TpTrace Verbose: 0 : 23096, 13, 2022/12/20, 19:12:36.650, 3518463422962, vstest.console.dll, TestRunRequest:TestRunComplete: Starting. IsAborted:False IsCanceled:False.
TpTrace Verbose: 0 : 23096, 13, 2022/12/20, 19:12:36.653, 3518463443663, vstest.console.dll, TestLoggerManager.HandleTestRunComplete: Ignoring as the object is disposed.
TpTrace Verbose: 0 : 23096, 13, 2022/12/20, 19:12:36.653, 3518463449585, vstest.console.dll, MulticastDelegateUtilities.SafeInvoke: TestRun.TestRunComplete: Invoking callback 1/2 for Microsoft.VisualStudio.TestPlatform.CommandLine.TestRunResultAggregator., took 0 ms.
TpTrace Verbose: 0 : 23096, 13, 2022/12/20, 19:12:36.654, 3518463462818, vstest.console.dll, MulticastDelegateUtilities.SafeInvoke: TestRun.TestRunComplete: Invoking callback 2/2 for Microsoft.VisualStudio.TestPlatform.CommandLine.Processors.RunTestsArgumentExecutor+TestRunRequestEventsRegistrar., took 1 ms.
TpTrace Information: 0 : 23096, 13, 2022/12/20, 19:12:36.655, 3518463467445, vstest.console.dll, TestRunRequest:TestRunComplete: Completed.
TpTrace Verbose: 0 : 23096, 1, 2022/12/20, 19:12:36.655, 3518463467896, vstest.console.dll, TestRunRequest.Dispose: Starting.
TpTrace Verbose: 0 : 23096, 13, 2022/12/20, 19:12:36.655, 3518463469272, vstest.console.dll, TestRequestSender.SetOperationComplete: Setting operation complete.
TpTrace Information: 0 : 23096, 1, 2022/12/20, 19:12:36.655, 3518463469362, vstest.console.dll, TestRunRequest.Dispose: Completed.
TpTrace Information: 0 : 23096, 13, 2022/12/20, 19:12:36.655, 3518463470046, vstest.console.dll, SocketServer.Stop: Stop server endPoint: 127.0.0.1:56847
TpTrace Information: 0 : 23096, 1, 2022/12/20, 19:12:36.655, 3518463471177, vstest.console.dll, TestRequestManager.RunTests: run tests completed.
TpTrace Information: 0 : 23096, 13, 2022/12/20, 19:12:36.655, 3518463472307, vstest.console.dll, SocketServer.Stop: Cancellation requested. Stopping message loop.
TpTrace Verbose: 0 : 23096, 13, 2022/12/20, 19:12:36.655, 3518463473109, vstest.console.dll, MulticastDelegateUtilities.SafeInvoke: LengthPrefixCommunicationChannel: MessageReceived: Invoking callback 1/1 for Microsoft.VisualStudio.TestPlatform.CommunicationUtilities.TestRequestSender+<>c__DisplayClass31_0., took 214 ms.
TpTrace Information: 0 : 23096, 1, 2022/12/20, 19:12:36.655, 3518463473252, vstest.console.dll, RunTestsArgumentProcessor:Execute: Test run is completed.
TpTrace Information: 0 : 23096, 13, 2022/12/20, 19:12:36.656, 3518463473607, vstest.console.dll, SocketServer.PrivateStop: Stopping server endPoint: 127.0.0.1:56847 error: 
TpTrace Verbose: 0 : 23096, 1, 2022/12/20, 19:12:36.656, 3518463477514, vstest.console.dll, Executor.Execute: Exiting with exit code of 1
TpTrace Verbose: 0 : 23096, 13, 2022/12/20, 19:12:36.656, 3518463480420, vstest.console.dll, LengthPrefixCommunicationChannel.Dispose: Dispose reader and writer.
TpTrace Information: 0 : 23096, 13, 2022/12/20, 19:12:36.656, 3518463481699, vstest.console.dll, SocketServer.Stop: Raise disconnected event endPoint: 127.0.0.1:56847 error: 
TpTrace Verbose: 0 : 23096, 13, 2022/12/20, 19:12:36.656, 3518463482935, vstest.console.dll, TestRequestSender: OnTestRunAbort: Operation is already complete. Skip error message.
TpTrace Verbose: 0 : 23096, 13, 2022/12/20, 19:12:36.657, 3518463483323, vstest.console.dll, MulticastDelegateUtilities.SafeInvoke: SocketServer: ClientDisconnected: Invoking callback 1/1 for Microsoft.VisualStudio.TestPlatform.CommunicationUtilities.TestRequestSender., took 0 ms.
TpTrace Verbose: 0 : 23096, 13, 2022/12/20, 19:12:36.657, 3518463483586, vstest.console.dll, TcpClientExtensions.MessageLoopAsync: exiting MessageLoopAsync remoteEndPoint: 127.0.0.1:56848 localEndPoint: 127.0.0.1:56847
